False
======== tag_old: cassandra-0.3.0-final vs tag_new: cassandra-0.3.0-rc1 #changed proto files: 0=========
======== tag_old: cassandra-0.3.0-rc1 vs tag_new: cassandra-0.3.0-rc2 #changed proto files: 0=========
======== tag_old: cassandra-0.3.0-rc2 vs tag_new: cassandra-0.3.0-rc3 #changed proto files: 0=========
======== tag_old: cassandra-0.3.0-rc3 vs tag_new: cassandra-0.4.0-beta1 #changed proto files: 0=========
======== tag_old: cassandra-0.4.0-beta1 vs tag_new: cassandra-0.4.0-final #changed proto files: 0=========
======== tag_old: cassandra-0.4.0-final vs tag_new: cassandra-0.4.0-rc1 #changed proto files: 0=========
======== tag_old: cassandra-0.4.0-rc1 vs tag_new: cassandra-0.4.0-rc2 #changed proto files: 0=========
======== tag_old: cassandra-0.4.0-rc2 vs tag_new: cassandra-0.4.1 #changed proto files: 0=========
======== tag_old: cassandra-0.4.1 vs tag_new: cassandra-0.4.2 #changed proto files: 0=========
======== tag_old: cassandra-0.4.2 vs tag_new: cassandra-0.5.0 #changed proto files: 0=========
======== tag_old: cassandra-0.5.0 vs tag_new: cassandra-0.5.0-beta1 #changed proto files: 0=========
======== tag_old: cassandra-0.5.0-beta1 vs tag_new: cassandra-0.5.0-beta2 #changed proto files: 0=========
======== tag_old: cassandra-0.5.0-beta2 vs tag_new: cassandra-0.5.0-rc1 #changed proto files: 0=========
======== tag_old: cassandra-0.5.0-rc1 vs tag_new: cassandra-0.5.0-rc2 #changed proto files: 0=========
======== tag_old: cassandra-0.5.0-rc2 vs tag_new: cassandra-0.5.0-rc3 #changed proto files: 0=========
======== tag_old: cassandra-0.5.0-rc3 vs tag_new: cassandra-0.5.1 #changed proto files: 0=========
======== tag_old: cassandra-0.5.1 vs tag_new: cassandra-0.6.0 #changed proto files: 0=========
======== tag_old: cassandra-0.6.0 vs tag_new: cassandra-0.6.0-beta1 #changed proto files: 0=========
======== tag_old: cassandra-0.6.0-beta1 vs tag_new: cassandra-0.6.0-beta2 #changed proto files: 0=========
======== tag_old: cassandra-0.6.0-beta2 vs tag_new: cassandra-0.6.0-beta3 #changed proto files: 0=========
======== tag_old: cassandra-0.6.0-beta3 vs tag_new: cassandra-0.6.0-rc1 #changed proto files: 0=========
======== tag_old: cassandra-0.6.0-rc1 vs tag_new: cassandra-0.6.1 #changed proto files: 0=========
======== tag_old: cassandra-0.6.1 vs tag_new: cassandra-0.6.2 #changed proto files: 0=========
======== tag_old: cassandra-0.6.2 vs tag_new: cassandra-0.6.3 #changed proto files: 0=========
======== tag_old: cassandra-0.6.3 vs tag_new: cassandra-0.6.4 #changed proto files: 0=========
======== tag_old: cassandra-0.6.4 vs tag_new: cassandra-0.6.5 #changed proto files: 0=========
======== tag_old: cassandra-0.6.5 vs tag_new: cassandra-0.6.6 #changed proto files: 0=========
======== tag_old: cassandra-0.6.6 vs tag_new: cassandra-0.6.7 #changed proto files: 0=========
======== tag_old: cassandra-0.6.7 vs tag_new: cassandra-0.6.8 #changed proto files: 0=========
======== tag_old: cassandra-0.6.8 vs tag_new: cassandra-0.6.9 #changed proto files: 0=========
======== tag_old: cassandra-0.6.9 vs tag_new: cassandra-0.6.10 #changed proto files: 0=========
======== tag_old: cassandra-0.6.10 vs tag_new: cassandra-0.6.11 #changed proto files: 0=========
======== tag_old: cassandra-0.6.11 vs tag_new: cassandra-0.6.12 #changed proto files: 0=========
======== tag_old: cassandra-0.6.12 vs tag_new: cassandra-0.6.13 #changed proto files: 0=========
======== tag_old: cassandra-0.6.13 vs tag_new: cassandra-0.7.0 #changed proto files: 0=========
======== tag_old: cassandra-0.7.0 vs tag_new: cassandra-0.7.0-beta1 #changed proto files: 0=========
======== tag_old: cassandra-0.7.0-beta1 vs tag_new: cassandra-0.7.0-beta2 #changed proto files: 0=========
======== tag_old: cassandra-0.7.0-beta2 vs tag_new: cassandra-0.7.0-beta3 #changed proto files: 0=========
======== tag_old: cassandra-0.7.0-beta3 vs tag_new: cassandra-0.7.0-rc1 #changed proto files: 0=========
======== tag_old: cassandra-0.7.0-rc1 vs tag_new: cassandra-0.7.0-rc2 #changed proto files: 0=========
======== tag_old: cassandra-0.7.0-rc2 vs tag_new: cassandra-0.7.0-rc3 #changed proto files: 0=========
======== tag_old: cassandra-0.7.0-rc3 vs tag_new: cassandra-0.7.0-rc4 #changed proto files: 0=========
======== tag_old: cassandra-0.7.0-rc4 vs tag_new: cassandra-0.7.1 #changed proto files: 0=========
======== tag_old: cassandra-0.7.1 vs tag_new: cassandra-0.7.2 #changed proto files: 0=========
======== tag_old: cassandra-0.7.2 vs tag_new: cassandra-0.7.3 #changed proto files: 0=========
======== tag_old: cassandra-0.7.3 vs tag_new: cassandra-0.7.4 #changed proto files: 0=========
======== tag_old: cassandra-0.7.4 vs tag_new: cassandra-0.7.5 #changed proto files: 0=========
======== tag_old: cassandra-0.7.5 vs tag_new: cassandra-0.7.6 #changed proto files: 0=========
======== tag_old: cassandra-0.7.6 vs tag_new: cassandra-0.7.6-2 #changed proto files: 0=========
======== tag_old: cassandra-0.7.6-2 vs tag_new: cassandra-0.7.7 #changed proto files: 0=========
======== tag_old: cassandra-0.7.7 vs tag_new: cassandra-0.7.8 #changed proto files: 0=========
======== tag_old: cassandra-0.7.8 vs tag_new: cassandra-0.7.9 #changed proto files: 0=========
======== tag_old: cassandra-0.7.9 vs tag_new: cassandra-0.7.10 #changed proto files: 0=========
======== tag_old: cassandra-0.7.10 vs tag_new: cassandra-0.8.0 #changed proto files: 0=========
======== tag_old: cassandra-0.8.0 vs tag_new: cassandra-0.8.0-beta1 #changed proto files: 0=========
======== tag_old: cassandra-0.8.0-beta1 vs tag_new: cassandra-0.8.0-beta2 #changed proto files: 0=========
======== tag_old: cassandra-0.8.0-beta2 vs tag_new: cassandra-0.8.0-rc1 #changed proto files: 0=========
======== tag_old: cassandra-0.8.0-rc1 vs tag_new: cassandra-0.8.1 #changed proto files: 0=========
======== tag_old: cassandra-0.8.1 vs tag_new: cassandra-0.8.2 #changed proto files: 0=========
======== tag_old: cassandra-0.8.2 vs tag_new: cassandra-0.8.3 #changed proto files: 0=========
======== tag_old: cassandra-0.8.3 vs tag_new: cassandra-0.8.4 #changed proto files: 0=========
======== tag_old: cassandra-0.8.4 vs tag_new: cassandra-0.8.5 #changed proto files: 0=========
======== tag_old: cassandra-0.8.5 vs tag_new: cassandra-0.8.6 #changed proto files: 0=========
======== tag_old: cassandra-0.8.6 vs tag_new: cassandra-0.8.7 #changed proto files: 0=========
======== tag_old: cassandra-0.8.7 vs tag_new: cassandra-0.8.8 #changed proto files: 0=========
======== tag_old: cassandra-0.8.8 vs tag_new: cassandra-0.8.9 #changed proto files: 0=========
======== tag_old: cassandra-0.8.9 vs tag_new: cassandra-0.8.10 #changed proto files: 0=========
======== tag_old: cassandra-0.8.10 vs tag_new: cassandra-1.0.0 #changed proto files: 0=========
======== tag_old: cassandra-1.0.0 vs tag_new: cassandra-1.0.0-beta1 #changed proto files: 0=========
======== tag_old: cassandra-1.0.0-beta1 vs tag_new: cassandra-1.0.0-rc1 #changed proto files: 0=========
======== tag_old: cassandra-1.0.0-rc1 vs tag_new: cassandra-1.0.0-rc2 #changed proto files: 0=========
======== tag_old: cassandra-1.0.0-rc2 vs tag_new: cassandra-1.0.1 #changed proto files: 0=========
======== tag_old: cassandra-1.0.1 vs tag_new: cassandra-1.0.2 #changed proto files: 0=========
======== tag_old: cassandra-1.0.2 vs tag_new: cassandra-1.0.3 #changed proto files: 0=========
======== tag_old: cassandra-1.0.3 vs tag_new: cassandra-1.0.4 #changed proto files: 0=========
======== tag_old: cassandra-1.0.4 vs tag_new: cassandra-1.0.5 #changed proto files: 0=========
======== tag_old: cassandra-1.0.5 vs tag_new: cassandra-1.0.6 #changed proto files: 0=========
======== tag_old: cassandra-1.0.6 vs tag_new: cassandra-1.0.7 #changed proto files: 0=========
======== tag_old: cassandra-1.0.7 vs tag_new: cassandra-1.0.8 #changed proto files: 0=========
======== tag_old: cassandra-1.0.8 vs tag_new: cassandra-1.0.9 #changed proto files: 0=========
======== tag_old: cassandra-1.0.9 vs tag_new: cassandra-1.0.10 #changed proto files: 0=========
======== tag_old: cassandra-1.0.10 vs tag_new: cassandra-1.0.11 #changed proto files: 0=========
======== tag_old: cassandra-1.0.11 vs tag_new: cassandra-1.0.12 #changed proto files: 0=========
======== tag_old: cassandra-1.0.12 vs tag_new: cassandra-1.1.0 #changed proto files: 0=========
======== tag_old: cassandra-1.1.0 vs tag_new: cassandra-1.1.0-beta1 #changed proto files: 0=========
======== tag_old: cassandra-1.1.0-beta1 vs tag_new: cassandra-1.1.0-beta2 #changed proto files: 0=========
======== tag_old: cassandra-1.1.0-beta2 vs tag_new: cassandra-1.1.0-rc1 #changed proto files: 0=========
======== tag_old: cassandra-1.1.0-rc1 vs tag_new: cassandra-1.1.1 #changed proto files: 0=========
======== tag_old: cassandra-1.1.1 vs tag_new: cassandra-1.1.2 #changed proto files: 0=========
======== tag_old: cassandra-1.1.2 vs tag_new: cassandra-1.1.3 #changed proto files: 0=========
======== tag_old: cassandra-1.1.3 vs tag_new: cassandra-1.1.4 #changed proto files: 0=========
======== tag_old: cassandra-1.1.4 vs tag_new: cassandra-1.1.5 #changed proto files: 0=========
======== tag_old: cassandra-1.1.5 vs tag_new: cassandra-1.1.6 #changed proto files: 0=========
======== tag_old: cassandra-1.1.6 vs tag_new: cassandra-1.1.7 #changed proto files: 0=========
======== tag_old: cassandra-1.1.7 vs tag_new: cassandra-1.1.8 #changed proto files: 0=========
======== tag_old: cassandra-1.1.8 vs tag_new: cassandra-1.1.9 #changed proto files: 0=========
======== tag_old: cassandra-1.1.9 vs tag_new: cassandra-1.1.10 #changed proto files: 0=========
======== tag_old: cassandra-1.1.10 vs tag_new: cassandra-1.1.11 #changed proto files: 0=========
======== tag_old: cassandra-1.1.11 vs tag_new: cassandra-1.1.12 #changed proto files: 0=========
======== tag_old: cassandra-1.1.12 vs tag_new: cassandra-1.2.0 #changed proto files: 0=========
======== tag_old: cassandra-1.2.0 vs tag_new: cassandra-1.2.0-beta1 #changed proto files: 0=========
======== tag_old: cassandra-1.2.0-beta1 vs tag_new: cassandra-1.2.0-beta2 #changed proto files: 0=========
======== tag_old: cassandra-1.2.0-beta2 vs tag_new: cassandra-1.2.0-beta3 #changed proto files: 0=========
======== tag_old: cassandra-1.2.0-beta3 vs tag_new: cassandra-1.2.0-rc1 #changed proto files: 0=========
======== tag_old: cassandra-1.2.0-rc1 vs tag_new: cassandra-1.2.0-rc2 #changed proto files: 0=========
======== tag_old: cassandra-1.2.0-rc2 vs tag_new: cassandra-1.2.1 #changed proto files: 0=========
======== tag_old: cassandra-1.2.1 vs tag_new: cassandra-1.2.2 #changed proto files: 0=========
======== tag_old: cassandra-1.2.2 vs tag_new: cassandra-1.2.3 #changed proto files: 0=========
======== tag_old: cassandra-1.2.3 vs tag_new: cassandra-1.2.4 #changed proto files: 0=========
======== tag_old: cassandra-1.2.4 vs tag_new: cassandra-1.2.5 #changed proto files: 0=========
======== tag_old: cassandra-1.2.5 vs tag_new: cassandra-1.2.6 #changed proto files: 0=========
======== tag_old: cassandra-1.2.6 vs tag_new: cassandra-1.2.7 #changed proto files: 0=========
======== tag_old: cassandra-1.2.7 vs tag_new: cassandra-1.2.8 #changed proto files: 0=========
======== tag_old: cassandra-1.2.8 vs tag_new: cassandra-1.2.9 #changed proto files: 0=========
======== tag_old: cassandra-1.2.9 vs tag_new: cassandra-1.2.10 #changed proto files: 0=========
======== tag_old: cassandra-1.2.10 vs tag_new: cassandra-1.2.11 #changed proto files: 0=========
======== tag_old: cassandra-1.2.11 vs tag_new: cassandra-1.2.12 #changed proto files: 0=========
======== tag_old: cassandra-1.2.12 vs tag_new: cassandra-1.2.13 #changed proto files: 0=========
======== tag_old: cassandra-1.2.13 vs tag_new: cassandra-1.2.14 #changed proto files: 0=========
======== tag_old: cassandra-1.2.14 vs tag_new: cassandra-1.2.15 #changed proto files: 0=========
======== tag_old: cassandra-1.2.15 vs tag_new: cassandra-1.2.16 #changed proto files: 0=========
======== tag_old: cassandra-1.2.16 vs tag_new: cassandra-1.2.17 #changed proto files: 0=========
======== tag_old: cassandra-1.2.17 vs tag_new: cassandra-1.2.18 #changed proto files: 0=========
======== tag_old: cassandra-1.2.18 vs tag_new: cassandra-1.2.19 #changed proto files: 0=========
======== tag_old: cassandra-1.2.19 vs tag_new: cassandra-2.0.0 #changed proto files: 0=========
======== tag_old: cassandra-2.0.0 vs tag_new: cassandra-2.0.0-beta1 #changed proto files: 0=========
======== tag_old: cassandra-2.0.0-beta1 vs tag_new: cassandra-2.0.0-beta2 #changed proto files: 0=========
======== tag_old: cassandra-2.0.0-beta2 vs tag_new: cassandra-2.0.0-rc1 #changed proto files: 0=========
======== tag_old: cassandra-2.0.0-rc1 vs tag_new: cassandra-2.0.0-rc2 #changed proto files: 0=========
======== tag_old: cassandra-2.0.0-rc2 vs tag_new: cassandra-2.0.1 #changed proto files: 0=========
======== tag_old: cassandra-2.0.1 vs tag_new: cassandra-2.0.2 #changed proto files: 0=========
======== tag_old: cassandra-2.0.2 vs tag_new: cassandra-2.0.3 #changed proto files: 0=========
======== tag_old: cassandra-2.0.3 vs tag_new: cassandra-2.0.4 #changed proto files: 0=========
======== tag_old: cassandra-2.0.4 vs tag_new: cassandra-2.0.5 #changed proto files: 0=========
======== tag_old: cassandra-2.0.5 vs tag_new: cassandra-2.0.6 #changed proto files: 0=========
======== tag_old: cassandra-2.0.6 vs tag_new: cassandra-2.0.7 #changed proto files: 0=========
======== tag_old: cassandra-2.0.7 vs tag_new: cassandra-2.0.8 #changed proto files: 0=========
======== tag_old: cassandra-2.0.8 vs tag_new: cassandra-2.0.9 #changed proto files: 0=========
======== tag_old: cassandra-2.0.9 vs tag_new: cassandra-2.0.10 #changed proto files: 0=========
======== tag_old: cassandra-2.0.10 vs tag_new: cassandra-2.0.11 #changed proto files: 0=========
======== tag_old: cassandra-2.0.11 vs tag_new: cassandra-2.0.12 #changed proto files: 0=========
======== tag_old: cassandra-2.0.12 vs tag_new: cassandra-2.0.13 #changed proto files: 0=========
======== tag_old: cassandra-2.0.13 vs tag_new: cassandra-2.0.14 #changed proto files: 0=========
======== tag_old: cassandra-2.0.14 vs tag_new: cassandra-2.0.15 #changed proto files: 0=========
======== tag_old: cassandra-2.0.15 vs tag_new: cassandra-2.0.16 #changed proto files: 0=========
======== tag_old: cassandra-2.0.16 vs tag_new: cassandra-2.0.17 #changed proto files: 0=========
======== tag_old: cassandra-2.0.17 vs tag_new: cassandra-2.1.0 #changed proto files: 0=========
======== tag_old: cassandra-2.1.0 vs tag_new: cassandra-2.1.0-beta1 #changed proto files: 0=========
======== tag_old: cassandra-2.1.0-beta1 vs tag_new: cassandra-2.1.0-beta2 #changed proto files: 0=========
======== tag_old: cassandra-2.1.0-beta2 vs tag_new: cassandra-2.1.0-deb #changed proto files: 0=========
======== tag_old: cassandra-2.1.0-deb vs tag_new: cassandra-2.1.0-rc1 #changed proto files: 0=========
======== tag_old: cassandra-2.1.0-rc1 vs tag_new: cassandra-2.1.0-rc2 #changed proto files: 0=========
======== tag_old: cassandra-2.1.0-rc2 vs tag_new: cassandra-2.1.0-rc3 #changed proto files: 0=========
======== tag_old: cassandra-2.1.0-rc3 vs tag_new: cassandra-2.1.0-rc4 #changed proto files: 0=========
======== tag_old: cassandra-2.1.0-rc4 vs tag_new: cassandra-2.1.0-rc5 #changed proto files: 0=========
======== tag_old: cassandra-2.1.0-rc5 vs tag_new: cassandra-2.1.0-rc6 #changed proto files: 0=========
======== tag_old: cassandra-2.1.0-rc6 vs tag_new: cassandra-2.1.0-rc7 #changed proto files: 0=========
======== tag_old: cassandra-2.1.0-rc7 vs tag_new: cassandra-2.1.1 #changed proto files: 0=========
======== tag_old: cassandra-2.1.1 vs tag_new: cassandra-2.1.2 #changed proto files: 0=========
======== tag_old: cassandra-2.1.2 vs tag_new: cassandra-2.1.3 #changed proto files: 0=========
======== tag_old: cassandra-2.1.3 vs tag_new: cassandra-2.1.4 #changed proto files: 0=========
======== tag_old: cassandra-2.1.4 vs tag_new: cassandra-2.1.5 #changed proto files: 0=========
======== tag_old: cassandra-2.1.5 vs tag_new: cassandra-2.1.6 #changed proto files: 0=========
======== tag_old: cassandra-2.1.6 vs tag_new: cassandra-2.1.7 #changed proto files: 0=========
======== tag_old: cassandra-2.1.7 vs tag_new: cassandra-2.1.8 #changed proto files: 0=========
======== tag_old: cassandra-2.1.8 vs tag_new: cassandra-2.1.9 #changed proto files: 0=========
======== tag_old: cassandra-2.1.9 vs tag_new: cassandra-2.1.10 #changed proto files: 0=========
======== tag_old: cassandra-2.1.10 vs tag_new: cassandra-2.1.11 #changed proto files: 0=========
======== tag_old: cassandra-2.1.11 vs tag_new: cassandra-2.1.12 #changed proto files: 0=========
======== tag_old: cassandra-2.1.12 vs tag_new: cassandra-2.1.13 #changed proto files: 0=========
======== tag_old: cassandra-2.1.13 vs tag_new: cassandra-2.1.14 #changed proto files: 0=========
======== tag_old: cassandra-2.1.14 vs tag_new: cassandra-2.1.15 #changed proto files: 0=========
======== tag_old: cassandra-2.1.15 vs tag_new: cassandra-2.1.16 #changed proto files: 0=========
======== tag_old: cassandra-2.1.16 vs tag_new: cassandra-2.1.17 #changed proto files: 0=========
======== tag_old: cassandra-2.1.17 vs tag_new: cassandra-2.1.18 #changed proto files: 0=========
======== tag_old: cassandra-2.1.18 vs tag_new: cassandra-2.1.19 #changed proto files: 0=========
======== tag_old: cassandra-2.1.19 vs tag_new: cassandra-2.1.20 #changed proto files: 0=========
======== tag_old: cassandra-2.1.20 vs tag_new: cassandra-2.1.21 #changed proto files: 0=========
======== tag_old: cassandra-2.1.21 vs tag_new: cassandra-2.2.0 #changed proto files: 0=========
======== tag_old: cassandra-2.2.0 vs tag_new: cassandra-2.2.0-beta1 #changed proto files: 0=========
======== tag_old: cassandra-2.2.0-beta1 vs tag_new: cassandra-2.2.0-rc1 #changed proto files: 0=========
======== tag_old: cassandra-2.2.0-rc1 vs tag_new: cassandra-2.2.0-rc2 #changed proto files: 0=========
======== tag_old: cassandra-2.2.0-rc2 vs tag_new: cassandra-2.2.1 #changed proto files: 0=========
======== tag_old: cassandra-2.2.1 vs tag_new: cassandra-2.2.2 #changed proto files: 0=========
======== tag_old: cassandra-2.2.2 vs tag_new: cassandra-2.2.3 #changed proto files: 0=========
======== tag_old: cassandra-2.2.3 vs tag_new: cassandra-2.2.4 #changed proto files: 0=========
======== tag_old: cassandra-2.2.4 vs tag_new: cassandra-2.2.5 #changed proto files: 0=========
======== tag_old: cassandra-2.2.5 vs tag_new: cassandra-2.2.6 #changed proto files: 0=========
======== tag_old: cassandra-2.2.6 vs tag_new: cassandra-2.2.7 #changed proto files: 0=========
======== tag_old: cassandra-2.2.7 vs tag_new: cassandra-2.2.8 #changed proto files: 0=========
======== tag_old: cassandra-2.2.8 vs tag_new: cassandra-2.2.9 #changed proto files: 0=========
======== tag_old: cassandra-2.2.9 vs tag_new: cassandra-2.2.10 #changed proto files: 0=========
======== tag_old: cassandra-2.2.10 vs tag_new: cassandra-2.2.11 #changed proto files: 0=========
======== tag_old: cassandra-2.2.11 vs tag_new: cassandra-2.2.12 #changed proto files: 0=========
======== tag_old: cassandra-2.2.12 vs tag_new: cassandra-2.2.13 #changed proto files: 0=========
======== tag_old: cassandra-2.2.13 vs tag_new: cassandra-2.2.14 #changed proto files: 0=========
======== tag_old: cassandra-2.2.14 vs tag_new: cassandra-2.2.15 #changed proto files: 0=========
======== tag_old: cassandra-2.2.15 vs tag_new: cassandra-2.2.16 #changed proto files: 0=========
======== tag_old: cassandra-2.2.16 vs tag_new: cassandra-3.0.0 #changed proto files: 0=========
======== tag_old: cassandra-3.0.0 vs tag_new: cassandra-3.0.0-alpha1 #changed proto files: 0=========
======== tag_old: cassandra-3.0.0-alpha1 vs tag_new: cassandra-3.0.0-beta1 #changed proto files: 0=========
======== tag_old: cassandra-3.0.0-beta1 vs tag_new: cassandra-3.0.0-beta2 #changed proto files: 0=========
======== tag_old: cassandra-3.0.0-beta2 vs tag_new: cassandra-3.0.0-rc1 #changed proto files: 0=========
======== tag_old: cassandra-3.0.0-rc1 vs tag_new: cassandra-3.0.0-rc2 #changed proto files: 0=========
======== tag_old: cassandra-3.0.0-rc2 vs tag_new: cassandra-3.0.1 #changed proto files: 0=========
======== tag_old: cassandra-3.0.1 vs tag_new: cassandra-3.0.2 #changed proto files: 0=========
======== tag_old: cassandra-3.0.2 vs tag_new: cassandra-3.0.3 #changed proto files: 0=========
======== tag_old: cassandra-3.0.3 vs tag_new: cassandra-3.0.4 #changed proto files: 0=========
======== tag_old: cassandra-3.0.4 vs tag_new: cassandra-3.0.5 #changed proto files: 0=========
======== tag_old: cassandra-3.0.5 vs tag_new: cassandra-3.0.6 #changed proto files: 0=========
======== tag_old: cassandra-3.0.6 vs tag_new: cassandra-3.0.7 #changed proto files: 0=========
======== tag_old: cassandra-3.0.7 vs tag_new: cassandra-3.0.8 #changed proto files: 0=========
======== tag_old: cassandra-3.0.8 vs tag_new: cassandra-3.0.9 #changed proto files: 0=========
======== tag_old: cassandra-3.0.9 vs tag_new: cassandra-3.0.10 #changed proto files: 0=========
======== tag_old: cassandra-3.0.10 vs tag_new: cassandra-3.0.11 #changed proto files: 0=========
======== tag_old: cassandra-3.0.11 vs tag_new: cassandra-3.0.12 #changed proto files: 0=========
======== tag_old: cassandra-3.0.12 vs tag_new: cassandra-3.0.13 #changed proto files: 0=========
======== tag_old: cassandra-3.0.13 vs tag_new: cassandra-3.0.14 #changed proto files: 0=========
======== tag_old: cassandra-3.0.14 vs tag_new: cassandra-3.0.15 #changed proto files: 0=========
======== tag_old: cassandra-3.0.15 vs tag_new: cassandra-3.0.16 #changed proto files: 0=========
======== tag_old: cassandra-3.0.16 vs tag_new: cassandra-3.0.17 #changed proto files: 0=========
======== tag_old: cassandra-3.0.17 vs tag_new: cassandra-3.0.18 #changed proto files: 0=========
======== tag_old: cassandra-3.0.18 vs tag_new: cassandra-3.0.19 #changed proto files: 0=========
======== tag_old: cassandra-3.0.19 vs tag_new: cassandra-3.0.20 #changed proto files: 0=========
======== tag_old: cassandra-3.0.20 vs tag_new: cassandra-3.1 #changed proto files: 0=========
======== tag_old: cassandra-3.1 vs tag_new: cassandra-3.1.1 #changed proto files: 0=========
======== tag_old: cassandra-3.1.1 vs tag_new: cassandra-3.2 #changed proto files: 0=========
======== tag_old: cassandra-3.2 vs tag_new: cassandra-3.2.1 #changed proto files: 0=========
======== tag_old: cassandra-3.2.1 vs tag_new: cassandra-3.3 #changed proto files: 0=========
======== tag_old: cassandra-3.3 vs tag_new: cassandra-3.4 #changed proto files: 0=========
======== tag_old: cassandra-3.4 vs tag_new: cassandra-3.5 #changed proto files: 0=========
======== tag_old: cassandra-3.5 vs tag_new: cassandra-3.6 #changed proto files: 0=========
======== tag_old: cassandra-3.6 vs tag_new: cassandra-3.7 #changed proto files: 0=========
======== tag_old: cassandra-3.7 vs tag_new: cassandra-3.8 #changed proto files: 0=========
======== tag_old: cassandra-3.8 vs tag_new: cassandra-3.9 #changed proto files: 0=========
======== tag_old: cassandra-3.9 vs tag_new: cassandra-3.10 #changed proto files: 0=========
======== tag_old: cassandra-3.10 vs tag_new: cassandra-3.11.0 #changed proto files: 0=========
======== tag_old: cassandra-3.11.0 vs tag_new: cassandra-3.11.1 #changed proto files: 0=========
======== tag_old: cassandra-3.11.1 vs tag_new: cassandra-3.11.2 #changed proto files: 0=========
======== tag_old: cassandra-3.11.2 vs tag_new: cassandra-3.11.3 #changed proto files: 0=========
======== tag_old: cassandra-3.11.3 vs tag_new: cassandra-3.11.4 #changed proto files: 0=========
======== tag_old: cassandra-3.11.4 vs tag_new: cassandra-3.11.5 #changed proto files: 0=========
======== tag_old: cassandra-3.11.5 vs tag_new: cassandra-3.11.6 #changed proto files: 0=========
======== tag_old: cassandra-3.11.6 vs tag_new: cassandra-4.0-alpha1 #changed proto files: 0=========
======== tag_old: cassandra-4.0-alpha1 vs tag_new: cassandra-4.0-alpha2 #changed proto files: 0=========
======== tag_old: cassandra-4.0-alpha2 vs tag_new: cassandra-4.0-alpha3 #changed proto files: 0=========
