False
../hadoop/hadoop-yarn-project/hadoop-yarn/hadoop-yarn-server/hadoop-yarn-server-resourcemanager/src/main/proto/yarn_server_resourcemanager_recovery.proto
../hadoop/hadoop-yarn-project/hadoop-yarn/hadoop-yarn-server/hadoop-yarn-server-nodemanager/src/main/proto/yarn_server_nodemanager_recovery.proto
../hadoop/hadoop-yarn-project/hadoop-yarn/hadoop-yarn-server/hadoop-yarn-server-common/src/main/proto/yarn_server_common_protos.proto
../hadoop/hadoop-yarn-project/hadoop-yarn/hadoop-yarn-server/hadoop-yarn-server-common/src/main/proto/yarn_server_common_service_protos.proto
../hadoop/hadoop-yarn-project/hadoop-yarn/hadoop-yarn-api/src/main/proto/yarn_service_protos.proto
../hadoop/hadoop-yarn-project/hadoop-yarn/hadoop-yarn-api/src/main/proto/applicationclient_protocol.proto
../hadoop/hadoop-yarn-project/hadoop-yarn/hadoop-yarn-api/src/main/proto/yarn_protos.proto
../hadoop/hadoop-yarn-project/hadoop-yarn/hadoop-yarn-api/src/main/proto/server/yarn_server_resourcemanager_service_protos.proto
../hadoop/hadoop-yarn-project/hadoop-yarn/hadoop-yarn-api/src/main/proto/server/resourcemanager_administration_protocol.proto
../hadoop/hadoop-yarn-project/hadoop-yarn/hadoop-yarn-common/src/main/proto/yarn_security_token.proto
../hadoop/hadoop-common-project/hadoop-common/src/main/proto/FSProtos.proto
../hadoop/hadoop-hdfs-project/hadoop-hdfs-client/src/main/proto/inotify.proto
../hadoop/hadoop-hdfs-project/hadoop-hdfs-client/src/main/proto/datatransfer.proto
../hadoop/hadoop-hdfs-project/hadoop-hdfs-client/src/main/proto/hdfs.proto
../hadoop/hadoop-hdfs-project/hadoop-hdfs-client/src/main/proto/ClientNamenodeProtocol.proto
../hadoop/hadoop-hdfs-project/hadoop-hdfs/src/main/proto/NamenodeProtocol.proto
../hadoop/hadoop-hdfs-project/hadoop-hdfs/src/main/proto/RouterProtocol.proto
../hadoop/hadoop-hdfs-project/hadoop-hdfs/src/main/proto/FederationProtocol.proto
../hadoop/hadoop-hdfs-project/hadoop-hdfs/src/main/proto/QJournalProtocol.proto
../hadoop/hadoop-hdfs-project/hadoop-hdfs/src/main/proto/DatanodeProtocol.proto
../hadoop/hadoop-hdfs-project/hadoop-hdfs/src/main/proto/fsimage.proto
../hadoop/hadoop-yarn-project/hadoop-yarn/hadoop-yarn-server/hadoop-yarn-server-resourcemanager/src/main/proto/yarn_server_resourcemanager_recovery.proto
../hadoop/hadoop-yarn-project/hadoop-yarn/hadoop-yarn-server/hadoop-yarn-server-nodemanager/src/main/proto/yarn_server_nodemanager_recovery.proto
../hadoop/hadoop-yarn-project/hadoop-yarn/hadoop-yarn-server/hadoop-yarn-server-common/src/main/proto/yarn_server_common_protos.proto
../hadoop/hadoop-yarn-project/hadoop-yarn/hadoop-yarn-server/hadoop-yarn-server-common/src/main/proto/yarn_server_common_service_protos.proto
../hadoop/hadoop-yarn-project/hadoop-yarn/hadoop-yarn-api/src/main/proto/yarn_service_protos.proto
../hadoop/hadoop-yarn-project/hadoop-yarn/hadoop-yarn-api/src/main/proto/applicationclient_protocol.proto
../hadoop/hadoop-yarn-project/hadoop-yarn/hadoop-yarn-api/src/main/proto/yarn_protos.proto
../hadoop/hadoop-yarn-project/hadoop-yarn/hadoop-yarn-api/src/main/proto/server/yarn_server_resourcemanager_service_protos.proto
../hadoop/hadoop-yarn-project/hadoop-yarn/hadoop-yarn-api/src/main/proto/server/resourcemanager_administration_protocol.proto
../hadoop/hadoop-yarn-project/hadoop-yarn/hadoop-yarn-common/src/main/proto/yarn_security_token.proto
../hadoop/hadoop-yarn-project/hadoop-yarn/hadoop-yarn-applications/hadoop-yarn-services/hadoop-yarn-services-core/src/main/proto/ClientAMProtocol.proto
../hadoop/hadoop-common-project/hadoop-common/src/main/proto/FSProtos.proto
../hadoop/hadoop-hdfs-project/hadoop-hdfs-client/src/main/proto/inotify.proto
../hadoop/hadoop-hdfs-project/hadoop-hdfs-client/src/main/proto/datatransfer.proto
../hadoop/hadoop-hdfs-project/hadoop-hdfs-client/src/main/proto/hdfs.proto
../hadoop/hadoop-hdfs-project/hadoop-hdfs-client/src/main/proto/ClientNamenodeProtocol.proto
../hadoop/hadoop-hdfs-project/hadoop-hdfs-rbf/src/main/proto/RouterProtocol.proto
../hadoop/hadoop-hdfs-project/hadoop-hdfs-rbf/src/main/proto/FederationProtocol.proto
../hadoop/hadoop-hdfs-project/hadoop-hdfs/src/main/proto/NamenodeProtocol.proto
../hadoop/hadoop-hdfs-project/hadoop-hdfs/src/main/proto/AliasMapProtocol.proto
../hadoop/hadoop-hdfs-project/hadoop-hdfs/src/main/proto/InterQJournalProtocol.proto
../hadoop/hadoop-hdfs-project/hadoop-hdfs/src/main/proto/QJournalProtocol.proto
../hadoop/hadoop-hdfs-project/hadoop-hdfs/src/main/proto/DatanodeProtocol.proto
../hadoop/hadoop-hdfs-project/hadoop-hdfs/src/main/proto/fsimage.proto
INFO Added Message GetFilePathRequestProto
INFO Added Message GetFilePathResponseProto
INFO Added Message GetNextSPSPathRequestProto
INFO Added Message GetNextSPSPathResponseProto
INFO Added Field In Message GetBlocksRequestProto: minBlockSize AST: optional uint64 minBlockSize = 3 ../hadoop/hadoop-hdfs-project/hadoop-hdfs/src/main/proto/NamenodeProtocol.proto
INFO Added Message LocalFileSystemPathHandleProto
INFO Added Message UpgradeStatusRequestProto
INFO Added Message SatisfyStoragePolicyRequestProto
INFO Added Message GetLocatedFileInfoResponseProto
INFO Added Message GetSnapshotDiffReportListingRequestProto
INFO Added Message GetLocatedFileInfoRequestProto
INFO Added Message GetSnapshotDiffReportListingResponseProto
INFO Added Message SatisfyStoragePolicyResponseProto
INFO Added Message UpgradeStatusResponseProto
INFO Added Field In Message GetFsECBlockGroupStatsResponseProto: highest_prio_low_redundancy_blocks AST: optional uint64 highest_prio_low_redundancy_blocks = 6 ../hadoop/hadoop-hdfs-project/hadoop-hdfs-client/src/main/proto/ClientNamenodeProtocol.proto
INFO Added Field In Message GetFsReplicatedBlockStatsResponseProto: highest_prio_low_redundancy_blocks AST: optional uint64 highest_prio_low_redundancy_blocks = 7 ../hadoop/hadoop-hdfs-project/hadoop-hdfs-client/src/main/proto/ClientNamenodeProtocol.proto
INFO Added Field In Message ListOpenFilesResponseProto: types AST: repeated OpenFilesTypeProto types = 3 ../hadoop/hadoop-hdfs-project/hadoop-hdfs-client/src/main/proto/ClientNamenodeProtocol.proto
INFO Added Field In Message ListOpenFilesRequestProto: types AST: repeated OpenFilesTypeProto types = 2 ../hadoop/hadoop-hdfs-project/hadoop-hdfs-client/src/main/proto/ClientNamenodeProtocol.proto
INFO Added Field In Message ListOpenFilesRequestProto: path AST: optional string path = 3 ../hadoop/hadoop-hdfs-project/hadoop-hdfs-client/src/main/proto/ClientNamenodeProtocol.proto
INFO Add Enum in Message OpenFilesTypeProto: {'BLOCKING_DECOMMISSION': 2, 'ALL_OPEN_FILES': 1}
Add Field in Enum AddBlockFlagProto Key: IGNORE_CLIENT_LOCALITY Value 2
INFO Added Message HdfsPathHandleProto
INFO Added Message ProvidedStorageLocationProto
INFO Added Message SnapshotDiffReportCursorProto
INFO Added Message BlockChecksumOptionsProto
INFO Added Message SnapshotDiffReportListingEntryProto
INFO Added Message SnapshotDiffReportListingProto
INFO Added Field In Message DatanodeInfoProto: numBlocks AST: optional uint32 numBlocks = 17 ../hadoop/hadoop-hdfs-project/hadoop-hdfs-client/src/main/proto/hdfs.proto
INFO Add Enum in Message BlockChecksumTypeProto: {'MD5CRC': 1, 'COMPOSITE_CRC': 2}
Add Field in Enum StorageTypeProto Key: PROVIDED Value 5
INFO Added Field In Message OpBlockChecksumResponseProto: blockChecksumOptions AST: optional BlockChecksumOptionsProto blockChecksumOptions = 5 ../hadoop/hadoop-hdfs-project/hadoop-hdfs-client/src/main/proto/datatransfer.proto
ERROR Added Field In Message OpBlockChecksumResponseProto: blockChecksum AST: required bytes blockChecksum = 3 ../hadoop/hadoop-hdfs-project/hadoop-hdfs-client/src/main/proto/datatransfer.proto
ERROR Deleted Field In Message #OpBlockChecksumResponseProto: md5 AST: required bytes md5 = 3
INFO Added Field In Message OpBlockChecksumProto: blockChecksumOptions AST: optional BlockChecksumOptionsProto blockChecksumOptions = 2 ../hadoop/hadoop-hdfs-project/hadoop-hdfs-client/src/main/proto/datatransfer.proto
INFO Added Field In Message OpBlockGroupChecksumProto: blockChecksumOptions AST: optional BlockChecksumOptionsProto blockChecksumOptions = 7 ../hadoop/hadoop-hdfs-project/hadoop-hdfs-client/src/main/proto/datatransfer.proto
INFO Added Field In Message FormatRequestProto: force AST: optional bool force = 4 ../hadoop/hadoop-hdfs-project/hadoop-hdfs/src/main/proto/QJournalProtocol.proto
INFO Added Field In Message OpportunisticContainersStatusProto: opport_queue_capacity AST: optional int32 opport_queue_capacity = 7 ../hadoop/hadoop-yarn-project/hadoop-yarn/hadoop-yarn-server/hadoop-yarn-server-common/src/main/proto/yarn_server_common_protos.proto
INFO Added Message DockerCredentialTokenIdentifierProto
INFO Added Field In Message ContainerTokenIdentifierProto: allocation_tags AST: repeated string allocation_tags = 16 ../hadoop/hadoop-yarn-project/hadoop-yarn/hadoop-yarn-common/src/main/proto/yarn_security_token.proto
INFO Added Field In Message ContainerTokenIdentifierProto: allocation_request_id AST: optional int64 allocation_request_id = 15 ../hadoop/hadoop-yarn-project/hadoop-yarn/hadoop-yarn-common/src/main/proto/yarn_security_token.proto
INFO Added Field In Message CreateEventProto: erasureCoded AST: optional bool erasureCoded = 11 ../hadoop/hadoop-hdfs-project/hadoop-hdfs-client/src/main/proto/inotify.proto
INFO Added Message GetResourceProfileResponseProto
INFO Added Message GetClusterNodeAttributesResponseProto
INFO Added Message GetAllResourceProfilesResponseProto
INFO Added Message GetNodesToAttributesResponseProto
INFO Added Message GetNodesToAttributesRequestProto
INFO Added Message GetAttributesToNodesResponseProto
INFO Added Message GetAttributesToNodesRequestProto
INFO Added Message GetAllResourceProfilesRequestProto
INFO Added Message GetResourceProfileRequestProto
INFO Added Message GetClusterNodeAttributesRequestProto
INFO Added Field In Message AllocateResponseProto: containers_from_previous_attempts AST: repeated ContainerProto containers_from_previous_attempts = 17 ../hadoop/hadoop-yarn-project/hadoop-yarn/hadoop-yarn-api/src/main/proto/yarn_service_protos.proto
INFO Added Field In Message AllocateResponseProto: rejected_scheduling_requests AST: repeated RejectedSchedulingRequestProto rejected_scheduling_requests = 18 ../hadoop/hadoop-yarn-project/hadoop-yarn/hadoop-yarn-api/src/main/proto/yarn_service_protos.proto
INFO Added Field In Message AllocateRequestProto: tracking_url AST: optional string tracking_url = 11 ../hadoop/hadoop-yarn-project/hadoop-yarn/hadoop-yarn-api/src/main/proto/yarn_service_protos.proto
INFO Added Field In Message AllocateRequestProto: scheduling_requests AST: repeated SchedulingRequestProto scheduling_requests = 10 ../hadoop/hadoop-yarn-project/hadoop-yarn/hadoop-yarn-api/src/main/proto/yarn_service_protos.proto
INFO Added Field In Message RegisterApplicationMasterResponseProto: resource_profiles AST: optional ResourceProfilesProto resource_profiles = 8 ../hadoop/hadoop-yarn-project/hadoop-yarn/hadoop-yarn-api/src/main/proto/yarn_service_protos.proto
INFO Added Field In Message RegisterApplicationMasterRequestProto: placement_constraints AST: repeated PlacementConstraintMapEntryProto placement_constraints = 4 ../hadoop/hadoop-yarn-project/hadoop-yarn/hadoop-yarn-api/src/main/proto/yarn_service_protos.proto
INFO Added Message NodesToAttributesMappingRequestProto
INFO Added Message NodesToAttributesMappingResponseProto
INFO Add Enum in Message AttributeMappingOperationTypeProto: {'REMOVE': 3, 'REPLACE': 1, 'ADD': 2}
INFO Added Field In Message DeletionServiceDeleteTaskProto: dockerContainerId AST: optional string dockerContainerId = 8 ../hadoop/hadoop-yarn-project/hadoop-yarn/hadoop-yarn-server/hadoop-yarn-server-nodemanager/src/main/proto/yarn_server_nodemanager_recovery.proto
