False
../hadoop/hadoop-yarn-project/hadoop-yarn/hadoop-yarn-server/hadoop-yarn-server-resourcemanager/src/main/proto/yarn_server_resourcemanager_recovery.proto
../hadoop/hadoop-yarn-project/hadoop-yarn/hadoop-yarn-server/hadoop-yarn-server-nodemanager/src/main/proto/yarn_server_nodemanager_recovery.proto
../hadoop/hadoop-yarn-project/hadoop-yarn/hadoop-yarn-server/hadoop-yarn-server-common/src/main/proto/yarn_server_common_protos.proto
../hadoop/hadoop-yarn-project/hadoop-yarn/hadoop-yarn-server/hadoop-yarn-server-common/src/main/proto/yarn_server_common_service_protos.proto
../hadoop/hadoop-yarn-project/hadoop-yarn/hadoop-yarn-api/src/main/proto/containermanagement_protocol.proto
../hadoop/hadoop-yarn-project/hadoop-yarn/hadoop-yarn-api/src/main/proto/yarn_service_protos.proto
../hadoop/hadoop-yarn-project/hadoop-yarn/hadoop-yarn-api/src/main/proto/applicationclient_protocol.proto
../hadoop/hadoop-yarn-project/hadoop-yarn/hadoop-yarn-api/src/main/proto/yarn_protos.proto
../hadoop/hadoop-yarn-project/hadoop-yarn/hadoop-yarn-api/src/main/proto/server/yarn_server_resourcemanager_service_protos.proto
../hadoop/hadoop-yarn-project/hadoop-yarn/hadoop-yarn-common/src/main/proto/yarn_security_token.proto
../hadoop/hadoop-common-project/hadoop-common/src/test/proto/test_rpc_service.proto
../hadoop/hadoop-common-project/hadoop-common/src/test/proto/test.proto
../hadoop/hadoop-common-project/hadoop-common/src/main/proto/HAServiceProtocol.proto
../hadoop/hadoop-common-project/hadoop-common/src/main/proto/RpcHeader.proto
../hadoop/hadoop-hdfs-project/hadoop-hdfs-client/src/main/proto/datatransfer.proto
../hadoop/hadoop-hdfs-project/hadoop-hdfs-client/src/main/proto/ClientDatanodeProtocol.proto
../hadoop/hadoop-hdfs-project/hadoop-hdfs-client/src/main/proto/hdfs.proto
../hadoop/hadoop-hdfs-project/hadoop-hdfs-client/src/main/proto/ClientNamenodeProtocol.proto
../hadoop/hadoop-hdfs-project/hadoop-hdfs/src/main/proto/NamenodeProtocol.proto
../hadoop/hadoop-hdfs-project/hadoop-hdfs/src/main/proto/QJournalProtocol.proto
../hadoop/hadoop-hdfs-project/hadoop-hdfs/src/main/proto/HdfsServer.proto
../hadoop/hadoop-hdfs-project/hadoop-hdfs/src/main/proto/DatanodeProtocol.proto
../hadoop/hadoop-hdfs-project/hadoop-hdfs/src/main/proto/fsimage.proto
../hadoop/hadoop-mapreduce-project/hadoop-mapreduce-client/hadoop-mapreduce-client-common/src/main/proto/mr_protos.proto
../hadoop/hadoop-yarn-project/hadoop-yarn/hadoop-yarn-server/hadoop-yarn-server-resourcemanager/src/main/proto/yarn_server_resourcemanager_recovery.proto
../hadoop/hadoop-yarn-project/hadoop-yarn/hadoop-yarn-server/hadoop-yarn-server-nodemanager/src/main/proto/yarn_server_nodemanager_recovery.proto
../hadoop/hadoop-yarn-project/hadoop-yarn/hadoop-yarn-server/hadoop-yarn-server-common/src/main/proto/collectornodemanager_protocol.proto
../hadoop/hadoop-yarn-project/hadoop-yarn/hadoop-yarn-server/hadoop-yarn-server-common/src/main/proto/yarn_server_common_protos.proto
../hadoop/hadoop-yarn-project/hadoop-yarn/hadoop-yarn-server/hadoop-yarn-server-common/src/main/proto/distributed_scheduling_am_protocol.proto
../hadoop/hadoop-yarn-project/hadoop-yarn/hadoop-yarn-server/hadoop-yarn-server-common/src/main/proto/yarn_server_common_service_protos.proto
../hadoop/hadoop-yarn-project/hadoop-yarn/hadoop-yarn-server/hadoop-yarn-server-common/src/main/proto/yarn_server_federation_protos.proto
../hadoop/hadoop-yarn-project/hadoop-yarn/hadoop-yarn-api/src/main/proto/containermanagement_protocol.proto
../hadoop/hadoop-yarn-project/hadoop-yarn/hadoop-yarn-api/src/main/proto/yarn_service_protos.proto
../hadoop/hadoop-yarn-project/hadoop-yarn/hadoop-yarn-api/src/main/proto/applicationclient_protocol.proto
../hadoop/hadoop-yarn-project/hadoop-yarn/hadoop-yarn-api/src/main/proto/yarn_protos.proto
../hadoop/hadoop-yarn-project/hadoop-yarn/hadoop-yarn-api/src/main/proto/server/yarn_server_resourcemanager_service_protos.proto
../hadoop/hadoop-yarn-project/hadoop-yarn/hadoop-yarn-common/src/main/proto/yarn_security_token.proto
../hadoop/hadoop-common-project/hadoop-common/src/test/proto/test_rpc_service.proto
../hadoop/hadoop-common-project/hadoop-common/src/test/proto/test.proto
../hadoop/hadoop-common-project/hadoop-common/src/main/proto/HAServiceProtocol.proto
../hadoop/hadoop-common-project/hadoop-common/src/main/proto/RpcHeader.proto
../hadoop/hadoop-hdfs-project/hadoop-hdfs-client/src/main/proto/datatransfer.proto
../hadoop/hadoop-hdfs-project/hadoop-hdfs-client/src/main/proto/ClientDatanodeProtocol.proto
../hadoop/hadoop-hdfs-project/hadoop-hdfs-client/src/main/proto/hdfs.proto
../hadoop/hadoop-hdfs-project/hadoop-hdfs-client/src/main/proto/ClientNamenodeProtocol.proto
../hadoop/hadoop-hdfs-project/hadoop-hdfs-client/src/main/proto/ReconfigurationProtocol.proto
../hadoop/hadoop-hdfs-project/hadoop-hdfs-rbf/src/main/proto/RouterProtocol.proto
../hadoop/hadoop-hdfs-project/hadoop-hdfs-rbf/src/main/proto/FederationProtocol.proto
../hadoop/hadoop-hdfs-project/hadoop-hdfs/src/main/proto/NamenodeProtocol.proto
../hadoop/hadoop-hdfs-project/hadoop-hdfs/src/main/proto/QJournalProtocol.proto
../hadoop/hadoop-hdfs-project/hadoop-hdfs/src/main/proto/HdfsServer.proto
../hadoop/hadoop-hdfs-project/hadoop-hdfs/src/main/proto/DatanodeProtocol.proto
../hadoop/hadoop-hdfs-project/hadoop-hdfs/src/main/proto/fsimage.proto
../hadoop/hadoop-mapreduce-project/hadoop-mapreduce-client/hadoop-mapreduce-client-common/src/main/proto/mr_protos.proto
INFO Added Message SleepResponseProto2
INFO Added Message SleepRequestProto2
INFO Added Field In Message ContainerTokenIdentifierProto: executionType AST: optional ExecutionTypeProto executionType = 13 ../hadoop/hadoop-yarn-project/hadoop-yarn/hadoop-yarn-common/src/main/proto/yarn_security_token.proto
INFO Added Message DatanodeVolumeInfoProto
INFO Added Field In Message FsServerDefaultsProto: policyId AST: optional uint32 policyId = 10 ../hadoop/hadoop-hdfs-project/hadoop-hdfs-client/src/main/proto/hdfs.proto
INFO Added Field In Message FsServerDefaultsProto: keyProviderUri AST: optional string keyProviderUri = 9 ../hadoop/hadoop-hdfs-project/hadoop-hdfs-client/src/main/proto/hdfs.proto
INFO Added Field In Message DatanodeInfoProto: lastBlockReportMonotonic AST: optional uint64 lastBlockReportMonotonic = 16 ../hadoop/hadoop-hdfs-project/hadoop-hdfs-client/src/main/proto/hdfs.proto
INFO Added Field In Message DatanodeInfoProto: lastBlockReportTime AST: optional uint64 lastBlockReportTime = 15 ../hadoop/hadoop-hdfs-project/hadoop-hdfs-client/src/main/proto/hdfs.proto
INFO Added Message OpportunisticContainersStatusProto
INFO Added Field In Message NodeStatusProto: opportunistic_containers_status AST: optional OpportunisticContainersStatusProto opportunistic_containers_status = 9 ../hadoop/hadoop-yarn-project/hadoop-yarn/hadoop-yarn-server/hadoop-yarn-server-common/src/main/proto/yarn_server_common_protos.proto
INFO Added Message TransitionToObserverResponseProto
INFO Added Message TransitionToObserverRequestProto
Add Field in Enum HAServiceStateProto Key: OBSERVER Value 3
INFO Added Message IsRollingUpgradeRequestProto
INFO Added Message IsRollingUpgradeResponseProto
INFO Added Field In Message RemoteEditLogManifestProto: committedTxnId AST: optional uint64 committedTxnId = 2 ../hadoop/hadoop-hdfs-project/hadoop-hdfs/src/main/proto/HdfsServer.proto
INFO Added Field In Message RefreshNodesRequestProto: decommissionTimeout AST: optional int32 decommissionTimeout = 2 ../hadoop/hadoop-yarn-project/hadoop-yarn/hadoop-yarn-api/src/main/proto/server/yarn_server_resourcemanager_service_protos.proto
INFO Added Message HandshakeSecretProto
INFO Added Field In Message DataTransferEncryptorMessageProto: handshakeSecret AST: optional HandshakeSecretProto handshakeSecret = 5 ../hadoop/hadoop-hdfs-project/hadoop-hdfs-client/src/main/proto/datatransfer.proto
INFO Added Message GetVolumeReportResponseProto
INFO Added Message GetVolumeReportRequestProto
INFO Deleted Message ListReconfigurablePropertiesResponseProto
INFO Deleted Message GetReconfigurationStatusConfigChangeProto
INFO Deleted Message GetReconfigurationStatusResponseProto
INFO Deleted Message GetReconfigurationStatusRequestProto
INFO Deleted Message StartReconfigurationResponseProto
INFO Deleted Message ListReconfigurablePropertiesRequestProto
INFO Deleted Message StartReconfigurationRequestProto
INFO Added Message FlowContextProto
INFO Added Field In Message DeletionServiceDeleteTaskProto: taskType AST: optional string taskType = 7 ../hadoop/hadoop-yarn-project/hadoop-yarn/hadoop-yarn-server/hadoop-yarn-server-nodemanager/src/main/proto/yarn_server_nodemanager_recovery.proto
INFO Added Field In Message ContainerManagerApplicationProto: appLogAggregationInitedTime AST: optional int64 appLogAggregationInitedTime = 6 ../hadoop/hadoop-yarn-project/hadoop-yarn/hadoop-yarn-server/hadoop-yarn-server-nodemanager/src/main/proto/yarn_server_nodemanager_recovery.proto
INFO Added Field In Message ContainerManagerApplicationProto: flowContext AST: optional FlowContextProto flowContext = 7 ../hadoop/hadoop-yarn-project/hadoop-yarn/hadoop-yarn-server/hadoop-yarn-server-nodemanager/src/main/proto/yarn_server_nodemanager_recovery.proto
INFO Added Field In Message RpcRequestHeaderProto: stateId AST: optional int64 stateId = 8 ../hadoop/hadoop-common-project/hadoop-common/src/main/proto/RpcHeader.proto
INFO Added Field In Message RpcResponseHeaderProto: stateId AST: optional int64 stateId = 9 ../hadoop/hadoop-common-project/hadoop-common/src/main/proto/RpcHeader.proto
INFO Added Field In Message JobReportProto: historyFile AST: optional string historyFile = 18 ../hadoop/hadoop-mapreduce-project/hadoop-mapreduce-client/hadoop-mapreduce-client-common/src/main/proto/mr_protos.proto
INFO Added Message ListOpenFilesRequestProto
INFO Added Message MsyncRequestProto
INFO Added Message HAServiceStateRequestProto
INFO Added Message ListOpenFilesResponseProto
INFO Added Message MsyncResponseProto
INFO Added Message HAServiceStateResponseProto
INFO Added Message OpenFilesBatchResponseProto
INFO Added Field In Message Rename2RequestProto: moveToTrash AST: optional bool moveToTrash = 4 ../hadoop/hadoop-hdfs-project/hadoop-hdfs-client/src/main/proto/ClientNamenodeProtocol.proto
INFO Added Field In Message CachePoolInfoProto: defaultReplication AST: optional uint32 defaultReplication = 7 ../hadoop/hadoop-hdfs-project/hadoop-hdfs-client/src/main/proto/ClientNamenodeProtocol.proto
Add Field in Enum DatanodeReportTypeProto Key: ENTERING_MAINTENANCE Value 5
Add Field in Enum DatanodeReportTypeProto Key: IN_MAINTENANCE Value 6
INFO Added Message SlowDiskReportProto
INFO Added Message SlowPeerReportProto
INFO Added Field In Message HeartbeatRequestProto: slowPeers AST: repeated SlowPeerReportProto slowPeers = 10 ../hadoop/hadoop-hdfs-project/hadoop-hdfs/src/main/proto/DatanodeProtocol.proto
INFO Added Field In Message HeartbeatRequestProto: slowDisks AST: repeated SlowDiskReportProto slowDisks = 11 ../hadoop/hadoop-hdfs-project/hadoop-hdfs/src/main/proto/DatanodeProtocol.proto
INFO Added Message GetJournaledEditsRequestProto
INFO Added Message GetJournaledEditsResponseProto
INFO Added Message ReInitializeContainerResponseProto
INFO Added Message ContainerUpdateRequestProto
INFO Added Message ContainerUpdateResponseProto
INFO Added Message CommitResponseProto
INFO Added Message GetAllResourceTypeInfoRequestProto
INFO Added Message ResourceLocalizationResponseProto
INFO Added Message GetAllResourceTypeInfoResponseProto
INFO Added Message ResourceLocalizationRequestProto
INFO Added Message UpdateApplicationTimeoutsResponseProto
INFO Added Message UpdateApplicationTimeoutsRequestProto
INFO Added Message RollbackResponseProto
INFO Added Message RestartContainerResponseProto
INFO Added Message ReInitializeContainerRequestProto
INFO Added Field In Message UpdateContainerErrorProto: current_container_version AST: optional int32 current_container_version = 3 ../hadoop/hadoop-yarn-project/hadoop-yarn/hadoop-yarn-api/src/main/proto/yarn_service_protos.proto
INFO Added Field In Message AllocateRequestProto: tracking_url AST: optional string tracking_url = 11 ../hadoop/hadoop-yarn-project/hadoop-yarn/hadoop-yarn-api/src/main/proto/yarn_service_protos.proto
INFO Added Field In Message AllocateResponseProto: collector_info AST: optional CollectorInfoProto collector_info = 14 ../hadoop/hadoop-yarn-project/hadoop-yarn/hadoop-yarn-api/src/main/proto/yarn_service_protos.proto
INFO Added Field In Message UpdateContainerRequestProto: execution_type AST: optional ExecutionTypeProto execution_type = 5 ../hadoop/hadoop-yarn-project/hadoop-yarn/hadoop-yarn-api/src/main/proto/yarn_service_protos.proto
Add Field in Enum ContainerUpdateTypeProto Key: PROMOTE_EXECUTION_TYPE Value 2
Add Field in Enum ContainerUpdateTypeProto Key: DEMOTE_EXECUTION_TYPE Value 3
