False
../hadoop/hadoop-yarn-project/hadoop-yarn/hadoop-yarn-server/hadoop-yarn-server-resourcemanager/src/test/proto/test_client_tokens.proto
../hadoop/hadoop-yarn-project/hadoop-yarn/hadoop-yarn-server/hadoop-yarn-server-resourcemanager/src/main/proto/yarn_server_resourcemanager_recovery.proto
../hadoop/hadoop-yarn-project/hadoop-yarn/hadoop-yarn-server/hadoop-yarn-server-nodemanager/src/main/proto/yarn_server_nodemanager_recovery.proto
../hadoop/hadoop-yarn-project/hadoop-yarn/hadoop-yarn-server/hadoop-yarn-server-nodemanager/src/main/proto/LocalizationProtocol.proto
../hadoop/hadoop-yarn-project/hadoop-yarn/hadoop-yarn-server/hadoop-yarn-server-nodemanager/src/main/proto/yarn_server_nodemanager_service_protos.proto
../hadoop/hadoop-yarn-project/hadoop-yarn/hadoop-yarn-server/hadoop-yarn-server-tests/src/test/proto/test_token.proto
../hadoop/hadoop-yarn-project/hadoop-yarn/hadoop-yarn-server/hadoop-yarn-server-applicationhistoryservice/src/main/proto/yarn_server_timelineserver_recovery.proto
../hadoop/hadoop-yarn-project/hadoop-yarn/hadoop-yarn-server/hadoop-yarn-server-common/src/main/proto/SCMUploader.proto
../hadoop/hadoop-yarn-project/hadoop-yarn/hadoop-yarn-server/hadoop-yarn-server-common/src/main/proto/yarn_server_common_protos.proto
../hadoop/hadoop-yarn-project/hadoop-yarn/hadoop-yarn-server/hadoop-yarn-server-common/src/main/proto/ResourceTracker.proto
../hadoop/hadoop-yarn-project/hadoop-yarn/hadoop-yarn-server/hadoop-yarn-server-common/src/main/proto/yarn_server_common_service_protos.proto
../hadoop/hadoop-yarn-project/hadoop-yarn/hadoop-yarn-api/src/main/proto/containermanagement_protocol.proto
../hadoop/hadoop-yarn-project/hadoop-yarn/hadoop-yarn-api/src/main/proto/yarn_service_protos.proto
../hadoop/hadoop-yarn-project/hadoop-yarn/hadoop-yarn-api/src/main/proto/applicationclient_protocol.proto
../hadoop/hadoop-yarn-project/hadoop-yarn/hadoop-yarn-api/src/main/proto/applicationmaster_protocol.proto
../hadoop/hadoop-yarn-project/hadoop-yarn/hadoop-yarn-api/src/main/proto/yarn_protos.proto
../hadoop/hadoop-yarn-project/hadoop-yarn/hadoop-yarn-api/src/main/proto/client_SCM_protocol.proto
../hadoop/hadoop-yarn-project/hadoop-yarn/hadoop-yarn-api/src/main/proto/application_history_client.proto
../hadoop/hadoop-yarn-project/hadoop-yarn/hadoop-yarn-api/src/main/proto/server/yarn_server_resourcemanager_service_protos.proto
../hadoop/hadoop-yarn-project/hadoop-yarn/hadoop-yarn-api/src/main/proto/server/resourcemanager_administration_protocol.proto
../hadoop/hadoop-yarn-project/hadoop-yarn/hadoop-yarn-api/src/main/proto/server/application_history_server.proto
../hadoop/hadoop-yarn-project/hadoop-yarn/hadoop-yarn-api/src/main/proto/server/SCM_Admin_protocol.proto
../hadoop/hadoop-yarn-project/hadoop-yarn/hadoop-yarn-client/src/test/proto/test_amrm_token.proto
../hadoop/hadoop-yarn-project/hadoop-yarn/hadoop-yarn-common/src/main/proto/server/yarn_security_token.proto
../hadoop/hadoop-common-project/hadoop-common/src/test/proto/test_rpc_service.proto
../hadoop/hadoop-common-project/hadoop-common/src/test/proto/test.proto
../hadoop/hadoop-common-project/hadoop-common/src/main/proto/ProtobufRpcEngine.proto
../hadoop/hadoop-common-project/hadoop-common/src/main/proto/RefreshCallQueueProtocol.proto
../hadoop/hadoop-common-project/hadoop-common/src/main/proto/HAServiceProtocol.proto
../hadoop/hadoop-common-project/hadoop-common/src/main/proto/TraceAdmin.proto
../hadoop/hadoop-common-project/hadoop-common/src/main/proto/ZKFCProtocol.proto
../hadoop/hadoop-common-project/hadoop-common/src/main/proto/IpcConnectionContext.proto
../hadoop/hadoop-common-project/hadoop-common/src/main/proto/RpcHeader.proto
../hadoop/hadoop-common-project/hadoop-common/src/main/proto/RefreshUserMappingsProtocol.proto
../hadoop/hadoop-common-project/hadoop-common/src/main/proto/GetUserMappingsProtocol.proto
../hadoop/hadoop-common-project/hadoop-common/src/main/proto/Security.proto
../hadoop/hadoop-common-project/hadoop-common/src/main/proto/ProtocolInfo.proto
../hadoop/hadoop-common-project/hadoop-common/src/main/proto/RefreshAuthorizationPolicyProtocol.proto
../hadoop/hadoop-common-project/hadoop-common/src/main/proto/GenericRefreshProtocol.proto
../hadoop/hadoop-hdfs-project/hadoop-hdfs/src/contrib/bkjournal/src/main/proto/bkjournal.proto
../hadoop/hadoop-hdfs-project/hadoop-hdfs/src/main/proto/JournalProtocol.proto
../hadoop/hadoop-hdfs-project/hadoop-hdfs/src/main/proto/inotify.proto
../hadoop/hadoop-hdfs-project/hadoop-hdfs/src/main/proto/NamenodeProtocol.proto
../hadoop/hadoop-hdfs-project/hadoop-hdfs/src/main/proto/encryption.proto
../hadoop/hadoop-hdfs-project/hadoop-hdfs/src/main/proto/datatransfer.proto
../hadoop/hadoop-hdfs-project/hadoop-hdfs/src/main/proto/ClientDatanodeProtocol.proto
../hadoop/hadoop-hdfs-project/hadoop-hdfs/src/main/proto/acl.proto
../hadoop/hadoop-hdfs-project/hadoop-hdfs/src/main/proto/hdfs.proto
../hadoop/hadoop-hdfs-project/hadoop-hdfs/src/main/proto/InterDatanodeProtocol.proto
../hadoop/hadoop-hdfs-project/hadoop-hdfs/src/main/proto/ClientNamenodeProtocol.proto
../hadoop/hadoop-hdfs-project/hadoop-hdfs/src/main/proto/QJournalProtocol.proto
../hadoop/hadoop-hdfs-project/hadoop-hdfs/src/main/proto/DatanodeProtocol.proto
../hadoop/hadoop-hdfs-project/hadoop-hdfs/src/main/proto/HAZKInfo.proto
../hadoop/hadoop-hdfs-project/hadoop-hdfs/src/main/proto/xattr.proto
../hadoop/hadoop-hdfs-project/hadoop-hdfs/src/main/proto/fsimage.proto
../hadoop/hadoop-mapreduce-project/hadoop-mapreduce-client/hadoop-mapreduce-client-common/src/main/proto/mr_service_protos.proto
../hadoop/hadoop-mapreduce-project/hadoop-mapreduce-client/hadoop-mapreduce-client-common/src/main/proto/HSAdminRefreshProtocol.proto
../hadoop/hadoop-mapreduce-project/hadoop-mapreduce-client/hadoop-mapreduce-client-common/src/main/proto/MRClientProtocol.proto
../hadoop/hadoop-mapreduce-project/hadoop-mapreduce-client/hadoop-mapreduce-client-common/src/main/proto/mr_protos.proto
../hadoop/hadoop-mapreduce-project/hadoop-mapreduce-client/hadoop-mapreduce-client-shuffle/src/main/proto/ShuffleHandlerRecovery.proto
../hadoop/hadoop-yarn-project/hadoop-yarn/hadoop-yarn-server/hadoop-yarn-server-resourcemanager/src/test/proto/test_client_tokens.proto
../hadoop/hadoop-yarn-project/hadoop-yarn/hadoop-yarn-server/hadoop-yarn-server-resourcemanager/src/main/proto/yarn_server_resourcemanager_recovery.proto
../hadoop/hadoop-yarn-project/hadoop-yarn/hadoop-yarn-server/hadoop-yarn-server-nodemanager/src/main/proto/yarn_server_nodemanager_recovery.proto
../hadoop/hadoop-yarn-project/hadoop-yarn/hadoop-yarn-server/hadoop-yarn-server-nodemanager/src/main/proto/LocalizationProtocol.proto
../hadoop/hadoop-yarn-project/hadoop-yarn/hadoop-yarn-server/hadoop-yarn-server-nodemanager/src/main/proto/yarn_server_nodemanager_service_protos.proto
../hadoop/hadoop-yarn-project/hadoop-yarn/hadoop-yarn-server/hadoop-yarn-server-tests/src/test/proto/test_token.proto
../hadoop/hadoop-yarn-project/hadoop-yarn/hadoop-yarn-server/hadoop-yarn-server-applicationhistoryservice/src/main/proto/yarn_server_timelineserver_recovery.proto
../hadoop/hadoop-yarn-project/hadoop-yarn/hadoop-yarn-server/hadoop-yarn-server-common/src/main/proto/collectornodemanager_protocol.proto
../hadoop/hadoop-yarn-project/hadoop-yarn/hadoop-yarn-server/hadoop-yarn-server-common/src/main/proto/SCMUploader.proto
../hadoop/hadoop-yarn-project/hadoop-yarn/hadoop-yarn-server/hadoop-yarn-server-common/src/main/proto/yarn_server_common_protos.proto
../hadoop/hadoop-yarn-project/hadoop-yarn/hadoop-yarn-server/hadoop-yarn-server-common/src/main/proto/distributed_scheduling_am_protocol.proto
../hadoop/hadoop-yarn-project/hadoop-yarn/hadoop-yarn-server/hadoop-yarn-server-common/src/main/proto/ResourceTracker.proto
../hadoop/hadoop-yarn-project/hadoop-yarn/hadoop-yarn-server/hadoop-yarn-server-common/src/main/proto/yarn_server_common_service_protos.proto
../hadoop/hadoop-yarn-project/hadoop-yarn/hadoop-yarn-server/hadoop-yarn-server-common/src/main/proto/yarn_server_federation_protos.proto
../hadoop/hadoop-yarn-project/hadoop-yarn/hadoop-yarn-api/src/main/proto/containermanagement_protocol.proto
../hadoop/hadoop-yarn-project/hadoop-yarn/hadoop-yarn-api/src/main/proto/yarn_service_protos.proto
../hadoop/hadoop-yarn-project/hadoop-yarn/hadoop-yarn-api/src/main/proto/applicationclient_protocol.proto
../hadoop/hadoop-yarn-project/hadoop-yarn/hadoop-yarn-api/src/main/proto/applicationmaster_protocol.proto
../hadoop/hadoop-yarn-project/hadoop-yarn/hadoop-yarn-api/src/main/proto/YarnCsiAdaptor.proto
../hadoop/hadoop-yarn-project/hadoop-yarn/hadoop-yarn-api/src/main/proto/yarn_protos.proto
../hadoop/hadoop-yarn-project/hadoop-yarn/hadoop-yarn-api/src/main/proto/client_SCM_protocol.proto
../hadoop/hadoop-yarn-project/hadoop-yarn/hadoop-yarn-api/src/main/proto/application_history_client.proto
../hadoop/hadoop-yarn-project/hadoop-yarn/hadoop-yarn-api/src/main/proto/yarn_csi_adaptor.proto
../hadoop/hadoop-yarn-project/hadoop-yarn/hadoop-yarn-api/src/main/proto/server/yarn_server_resourcemanager_service_protos.proto
../hadoop/hadoop-yarn-project/hadoop-yarn/hadoop-yarn-api/src/main/proto/server/resourcemanager_administration_protocol.proto
../hadoop/hadoop-yarn-project/hadoop-yarn/hadoop-yarn-api/src/main/proto/server/application_history_server.proto
../hadoop/hadoop-yarn-project/hadoop-yarn/hadoop-yarn-api/src/main/proto/server/SCM_Admin_protocol.proto
../hadoop/hadoop-yarn-project/hadoop-yarn/hadoop-yarn-client/src/test/proto/test_amrm_token.proto
../hadoop/hadoop-yarn-project/hadoop-yarn/hadoop-yarn-common/src/main/proto/yarn_security_token.proto
../hadoop/hadoop-yarn-project/hadoop-yarn/hadoop-yarn-csi/src/main/proto/csi.proto
../hadoop/hadoop-yarn-project/hadoop-yarn/hadoop-yarn-applications/hadoop-yarn-services/hadoop-yarn-services-core/src/main/proto/ClientAMProtocol.proto
../hadoop/hadoop-common-project/hadoop-common/src/test/proto/test_rpc_service.proto
../hadoop/hadoop-common-project/hadoop-common/src/test/proto/test.proto
../hadoop/hadoop-common-project/hadoop-common/src/main/proto/ProtobufRpcEngine.proto
../hadoop/hadoop-common-project/hadoop-common/src/main/proto/FSProtos.proto
../hadoop/hadoop-common-project/hadoop-common/src/main/proto/RefreshCallQueueProtocol.proto
../hadoop/hadoop-common-project/hadoop-common/src/main/proto/HAServiceProtocol.proto
../hadoop/hadoop-common-project/hadoop-common/src/main/proto/TraceAdmin.proto
../hadoop/hadoop-common-project/hadoop-common/src/main/proto/ZKFCProtocol.proto
../hadoop/hadoop-common-project/hadoop-common/src/main/proto/IpcConnectionContext.proto
../hadoop/hadoop-common-project/hadoop-common/src/main/proto/RpcHeader.proto
../hadoop/hadoop-common-project/hadoop-common/src/main/proto/RefreshUserMappingsProtocol.proto
../hadoop/hadoop-common-project/hadoop-common/src/main/proto/GetUserMappingsProtocol.proto
../hadoop/hadoop-common-project/hadoop-common/src/main/proto/Security.proto
../hadoop/hadoop-common-project/hadoop-common/src/main/proto/ProtocolInfo.proto
../hadoop/hadoop-common-project/hadoop-common/src/main/proto/RefreshAuthorizationPolicyProtocol.proto
../hadoop/hadoop-common-project/hadoop-common/src/main/proto/ProtobufRpcEngine2.proto
../hadoop/hadoop-common-project/hadoop-common/src/main/proto/GenericRefreshProtocol.proto
../hadoop/hadoop-hdfs-project/hadoop-hdfs-client/src/main/proto/inotify.proto
../hadoop/hadoop-hdfs-project/hadoop-hdfs-client/src/main/proto/encryption.proto
../hadoop/hadoop-hdfs-project/hadoop-hdfs-client/src/main/proto/datatransfer.proto
../hadoop/hadoop-hdfs-project/hadoop-hdfs-client/src/main/proto/ClientDatanodeProtocol.proto
../hadoop/hadoop-hdfs-project/hadoop-hdfs-client/src/main/proto/acl.proto
../hadoop/hadoop-hdfs-project/hadoop-hdfs-client/src/main/proto/hdfs.proto
../hadoop/hadoop-hdfs-project/hadoop-hdfs-client/src/main/proto/ClientNamenodeProtocol.proto
../hadoop/hadoop-hdfs-project/hadoop-hdfs-client/src/main/proto/erasurecoding.proto
../hadoop/hadoop-hdfs-project/hadoop-hdfs-client/src/main/proto/xattr.proto
../hadoop/hadoop-hdfs-project/hadoop-hdfs-client/src/main/proto/ReconfigurationProtocol.proto
../hadoop/hadoop-hdfs-project/hadoop-hdfs-rbf/src/main/proto/RouterProtocol.proto
../hadoop/hadoop-hdfs-project/hadoop-hdfs-rbf/src/main/proto/FederationProtocol.proto
../hadoop/hadoop-hdfs-project/hadoop-hdfs/src/main/proto/JournalProtocol.proto
../hadoop/hadoop-hdfs-project/hadoop-hdfs/src/main/proto/NamenodeProtocol.proto
../hadoop/hadoop-hdfs-project/hadoop-hdfs/src/main/proto/AliasMapProtocol.proto
../hadoop/hadoop-hdfs-project/hadoop-hdfs/src/main/proto/editlog.proto
../hadoop/hadoop-hdfs-project/hadoop-hdfs/src/main/proto/InterQJournalProtocol.proto
../hadoop/hadoop-hdfs-project/hadoop-hdfs/src/main/proto/InterDatanodeProtocol.proto
../hadoop/hadoop-hdfs-project/hadoop-hdfs/src/main/proto/DatanodeLifelineProtocol.proto
../hadoop/hadoop-hdfs-project/hadoop-hdfs/src/main/proto/QJournalProtocol.proto
../hadoop/hadoop-hdfs-project/hadoop-hdfs/src/main/proto/HdfsServer.proto
../hadoop/hadoop-hdfs-project/hadoop-hdfs/src/main/proto/DatanodeProtocol.proto
../hadoop/hadoop-hdfs-project/hadoop-hdfs/src/main/proto/HAZKInfo.proto
../hadoop/hadoop-hdfs-project/hadoop-hdfs/src/main/proto/fsimage.proto
../hadoop/hadoop-mapreduce-project/hadoop-mapreduce-client/hadoop-mapreduce-client-common/src/main/proto/mr_service_protos.proto
../hadoop/hadoop-mapreduce-project/hadoop-mapreduce-client/hadoop-mapreduce-client-common/src/main/proto/HSAdminRefreshProtocol.proto
../hadoop/hadoop-mapreduce-project/hadoop-mapreduce-client/hadoop-mapreduce-client-common/src/main/proto/MRClientProtocol.proto
../hadoop/hadoop-mapreduce-project/hadoop-mapreduce-client/hadoop-mapreduce-client-common/src/main/proto/mr_protos.proto
../hadoop/hadoop-mapreduce-project/hadoop-mapreduce-client/hadoop-mapreduce-client-shuffle/src/main/proto/ShuffleHandlerRecovery.proto
INFO Added Field In Message JobReportProto: historyFile AST: optional string historyFile = 18 ../hadoop/hadoop-mapreduce-project/hadoop-mapreduce-client/hadoop-mapreduce-client-common/src/main/proto/mr_protos.proto
INFO Added Field In Message JobReportProto: jobPriority AST: optional hadoop.yarn.PriorityProto jobPriority = 17 ../hadoop/hadoop-mapreduce-project/hadoop-mapreduce-client/hadoop-mapreduce-client-common/src/main/proto/mr_protos.proto
INFO Added Field In Message ContainerTokenIdentifierForTestProto: version AST: optional int32 version = 14 ../hadoop/hadoop-yarn-project/hadoop-yarn/hadoop-yarn-server/hadoop-yarn-server-tests/src/test/proto/test_token.proto
INFO Added Message BlockECReconstructionCommandProto
INFO Added Message SlowDiskReportProto
INFO Added Message SlowPeerReportProto
INFO Deleted Message NNHAStatusHeartbeatProto
INFO Added Field In Message HeartbeatResponseProto: fullBlockReportLeaseId AST: optional uint64 fullBlockReportLeaseId = 5 ../hadoop/hadoop-hdfs-project/hadoop-hdfs/src/main/proto/DatanodeProtocol.proto
INFO Added Field In Message HeartbeatRequestProto: requestFullBlockReportLease AST: optional bool requestFullBlockReportLease = 9 ../hadoop/hadoop-hdfs-project/hadoop-hdfs/src/main/proto/DatanodeProtocol.proto
INFO Added Field In Message HeartbeatRequestProto: slowDisks AST: repeated SlowDiskReportProto slowDisks = 11 ../hadoop/hadoop-hdfs-project/hadoop-hdfs/src/main/proto/DatanodeProtocol.proto
INFO Added Field In Message HeartbeatRequestProto: slowPeers AST: repeated SlowPeerReportProto slowPeers = 10 ../hadoop/hadoop-hdfs-project/hadoop-hdfs/src/main/proto/DatanodeProtocol.proto
INFO Added Field In Message DatanodeCommandProto: blkECReconstructionCmd AST: optional BlockECReconstructionCommandProto blkECReconstructionCmd = 9 ../hadoop/hadoop-hdfs-project/hadoop-hdfs/src/main/proto/DatanodeProtocol.proto
INFO Added Field In Message BlockReportContextProto: leaseId AST: optional uint64 leaseId = 4 ../hadoop/hadoop-hdfs-project/hadoop-hdfs/src/main/proto/DatanodeProtocol.proto
INFO Added Field In Message BlockReportContextProto: sorted AST: optional bool sorted = 5 ../hadoop/hadoop-hdfs-project/hadoop-hdfs/src/main/proto/DatanodeProtocol.proto
INFO Added Message SleepResponseProto
INFO Added Message EchoRequestProto2
INFO Added Message OptResponseProto
INFO Added Message EchoResponseProto2
INFO Added Message SleepResponseProto2
INFO Added Message ExchangeResponseProto
INFO Added Message AuthMethodResponseProto
INFO Added Message ExchangeRequestProto
INFO Added Message UserResponseProto
INFO Added Message SleepRequestProto
INFO Added Message SlowPingRequestProto
INFO Added Message SleepRequestProto2
INFO Added Message OptRequestProto
INFO Added Message AddRequestProto
INFO Added Message AddResponseProto
INFO Added Message AddRequestProto2
INFO Added Message GetJournaledEditsResponseProto
INFO Added Message GetJournaledEditsRequestProto
INFO Added Field In Message NewEpochRequestProto: nameServiceId AST: optional string nameServiceId = 4 ../hadoop/hadoop-hdfs-project/hadoop-hdfs/src/main/proto/QJournalProtocol.proto
INFO Added Field In Message DoRollbackRequestProto: nameserviceId AST: optional string nameserviceId = 2 ../hadoop/hadoop-hdfs-project/hadoop-hdfs/src/main/proto/QJournalProtocol.proto
INFO Added Field In Message GetJournalStateRequestProto: nameServiceId AST: optional string nameServiceId = 2 ../hadoop/hadoop-hdfs-project/hadoop-hdfs/src/main/proto/QJournalProtocol.proto
INFO Added Field In Message GetJournalCTimeRequestProto: nameServiceId AST: optional string nameServiceId = 2 ../hadoop/hadoop-hdfs-project/hadoop-hdfs/src/main/proto/QJournalProtocol.proto
INFO Added Field In Message DiscardSegmentsRequestProto: nameServiceId AST: optional string nameServiceId = 3 ../hadoop/hadoop-hdfs-project/hadoop-hdfs/src/main/proto/QJournalProtocol.proto
INFO Added Field In Message GetEditLogManifestRequestProto: nameServiceId AST: optional string nameServiceId = 5 ../hadoop/hadoop-hdfs-project/hadoop-hdfs/src/main/proto/QJournalProtocol.proto
INFO Added Field In Message FormatRequestProto: nameServiceId AST: optional string nameServiceId = 3 ../hadoop/hadoop-hdfs-project/hadoop-hdfs/src/main/proto/QJournalProtocol.proto
INFO Added Field In Message FormatRequestProto: force AST: optional bool force = 4 ../hadoop/hadoop-hdfs-project/hadoop-hdfs/src/main/proto/QJournalProtocol.proto
INFO Added Field In Message CanRollBackRequestProto: nameServiceId AST: optional string nameServiceId = 5 ../hadoop/hadoop-hdfs-project/hadoop-hdfs/src/main/proto/QJournalProtocol.proto
INFO Added Field In Message RequestInfoProto: nameServiceId AST: optional string nameServiceId = 5 ../hadoop/hadoop-hdfs-project/hadoop-hdfs/src/main/proto/QJournalProtocol.proto
INFO Added Field In Message JournalRequestProto: nameServiceId AST: optional string nameServiceId = 6 ../hadoop/hadoop-hdfs-project/hadoop-hdfs/src/main/proto/QJournalProtocol.proto
INFO Added Field In Message DoFinalizeRequestProto: nameServiceId AST: optional string nameServiceId = 2 ../hadoop/hadoop-hdfs-project/hadoop-hdfs/src/main/proto/QJournalProtocol.proto
INFO Added Field In Message IsFormattedRequestProto: nameServiceId AST: optional string nameServiceId = 2 ../hadoop/hadoop-hdfs-project/hadoop-hdfs/src/main/proto/QJournalProtocol.proto
INFO Added Message IsRollingUpgradeRequestProto
INFO Added Message GetNextSPSPathRequestProto
INFO Added Message IsRollingUpgradeResponseProto
INFO Added Message GetNextSPSPathResponseProto
INFO Added Message GetFilePathResponseProto
INFO Added Message GetFilePathRequestProto
INFO Added Field In Message GetBlocksRequestProto: minBlockSize AST: optional uint64 minBlockSize = 3 ../hadoop/hadoop-hdfs-project/hadoop-hdfs/src/main/proto/NamenodeProtocol.proto
INFO Added Message RollbackResponseProto
INFO Added Message SignalContainerResponseProto
INFO Added Message FailApplicationAttemptResponseProto
INFO Added Message ContainerUpdateRequestProto
INFO Added Message UpdateContainerRequestProto
INFO Added Message UpdateContainerErrorProto
INFO Added Message GetNewReservationResponseProto
INFO Added Message UpdatedContainerProto
INFO Added Message IncreaseContainersResourceRequestProto
INFO Added Message ResourceLocalizationRequestProto
INFO Added Message GetAllResourceTypeInfoRequestProto
INFO Added Message ContainerLocalizationStatusesProto
INFO Added Message GetLocalizationStatusesResponseProto
INFO Added Message ReservationListRequestProto
INFO Added Message GetResourceProfileResponseProto
INFO Added Message UpdateApplicationPriorityResponseProto
INFO Added Message UpdateApplicationTimeoutsRequestProto
INFO Added Message GetAttributesToNodesResponseProto
INFO Added Message ResourceLocalizationResponseProto
INFO Added Message ReInitializeContainerRequestProto
INFO Added Message UpdateApplicationTimeoutsResponseProto
INFO Added Message LocalizationStatusProto
INFO Added Message GetClusterNodeAttributesResponseProto
INFO Added Message GetNewReservationRequestProto
INFO Added Message GetNodesToAttributesRequestProto
INFO Added Message GetAllResourceProfilesRequestProto
INFO Added Message GetAllResourceTypeInfoResponseProto
INFO Added Message ContainerUpdateResponseProto
INFO Added Message GetAttributesToNodesRequestProto
INFO Added Message GetAllResourceProfilesResponseProto
INFO Added Message GetNodesToAttributesResponseProto
INFO Added Message ReservationListResponseProto
INFO Added Message GetLocalizationStatusesRequestProto
INFO Added Message UpdateApplicationPriorityRequestProto
INFO Added Message ReInitializeContainerResponseProto
INFO Added Message RestartContainerResponseProto
INFO Added Message CommitResponseProto
INFO Added Message GetResourceProfileRequestProto
INFO Added Message IncreaseContainersResourceResponseProto
INFO Added Message FailApplicationAttemptRequestProto
INFO Added Message GetClusterNodeAttributesRequestProto
INFO Added Message SignalContainerRequestProto
INFO Deleted Message GetContainerStatusResponseProto
INFO Deleted Message GetContainerStatusRequestProto
INFO Deleted Field In Message #ReservationSubmissionResponseProto: reservation_id AST: optional ReservationIdProto reservation_id = 1
INFO Added Field In Message AllocateRequestProto: scheduling_requests AST: repeated SchedulingRequestProto scheduling_requests = 10 ../hadoop/hadoop-yarn-project/hadoop-yarn/hadoop-yarn-api/src/main/proto/yarn_service_protos.proto
INFO Added Field In Message AllocateRequestProto: update_requests AST: repeated UpdateContainerRequestProto update_requests = 7 ../hadoop/hadoop-yarn-project/hadoop-yarn/hadoop-yarn-api/src/main/proto/yarn_service_protos.proto
INFO Added Field In Message AllocateRequestProto: tracking_url AST: optional string tracking_url = 11 ../hadoop/hadoop-yarn-project/hadoop-yarn/hadoop-yarn-api/src/main/proto/yarn_service_protos.proto
INFO Deleted Field In Message #AllocateRequestProto: increase_request AST: repeated ContainerResourceIncreaseRequestProto increase_request = 6
INFO Added Field In Message AllocateResponseProto: collector_info AST: optional CollectorInfoProto collector_info = 14 ../hadoop/hadoop-yarn-project/hadoop-yarn/hadoop-yarn-api/src/main/proto/yarn_service_protos.proto
INFO Added Field In Message AllocateResponseProto: updated_containers AST: repeated UpdatedContainerProto updated_containers = 16 ../hadoop/hadoop-yarn-project/hadoop-yarn/hadoop-yarn-api/src/main/proto/yarn_service_protos.proto
INFO Added Field In Message AllocateResponseProto: update_errors AST: repeated UpdateContainerErrorProto update_errors = 15 ../hadoop/hadoop-yarn-project/hadoop-yarn/hadoop-yarn-api/src/main/proto/yarn_service_protos.proto
INFO Added Field In Message AllocateResponseProto: containers_from_previous_attempts AST: repeated ContainerProto containers_from_previous_attempts = 17 ../hadoop/hadoop-yarn-project/hadoop-yarn/hadoop-yarn-api/src/main/proto/yarn_service_protos.proto
INFO Added Field In Message AllocateResponseProto: application_priority AST: optional PriorityProto application_priority = 13 ../hadoop/hadoop-yarn-project/hadoop-yarn/hadoop-yarn-api/src/main/proto/yarn_service_protos.proto
INFO Added Field In Message AllocateResponseProto: rejected_scheduling_requests AST: repeated RejectedSchedulingRequestProto rejected_scheduling_requests = 18 ../hadoop/hadoop-yarn-project/hadoop-yarn/hadoop-yarn-api/src/main/proto/yarn_service_protos.proto
INFO Deleted Field In Message #AllocateResponseProto: decreased_containers AST: repeated ContainerResourceDecreaseProto decreased_containers = 11
INFO Deleted Field In Message #AllocateResponseProto: increased_containers AST: repeated ContainerResourceIncreaseProto increased_containers = 10
INFO Added Field In Message RegisterApplicationMasterResponseProto: resource_types AST: repeated ResourceTypeInfoProto resource_types = 9 ../hadoop/hadoop-yarn-project/hadoop-yarn/hadoop-yarn-api/src/main/proto/yarn_service_protos.proto
INFO Added Field In Message RegisterApplicationMasterResponseProto: resource_profiles AST: optional ResourceProfilesProto resource_profiles = 8 ../hadoop/hadoop-yarn-project/hadoop-yarn/hadoop-yarn-api/src/main/proto/yarn_service_protos.proto
INFO Added Field In Message GetApplicationsRequestProto: name AST: optional string name = 12 ../hadoop/hadoop-yarn-project/hadoop-yarn/hadoop-yarn-api/src/main/proto/yarn_service_protos.proto
INFO Added Field In Message GetClusterNodeLabelsResponseProto: deprecatedNodeLabels AST: repeated string deprecatedNodeLabels = 1 ../hadoop/hadoop-yarn-project/hadoop-yarn/hadoop-yarn-api/src/main/proto/yarn_service_protos.proto
ERROR Changed Field In Message GetClusterNodeLabelsResponseProto: nodeLabels OLD_AST: repeated string nodeLabels = 1 NEW_AST: repeated NodeLabelProto nodeLabels = 2 in ../hadoop/hadoop-yarn-project/hadoop-yarn/hadoop-yarn-api/src/main/proto/yarn_service_protos.proto
INFO Added Field In Message RegisterApplicationMasterRequestProto: placement_constraints AST: repeated PlacementConstraintMapEntryProto placement_constraints = 4 ../hadoop/hadoop-yarn-project/hadoop-yarn/hadoop-yarn-api/src/main/proto/yarn_service_protos.proto
INFO Added Field In Message ReservationSubmissionRequestProto: reservation_id AST: optional ReservationIdProto reservation_id = 3 ../hadoop/hadoop-yarn-project/hadoop-yarn/hadoop-yarn-api/src/main/proto/yarn_service_protos.proto
INFO Added Field In Message KillApplicationRequestProto: diagnostics AST: optional string diagnostics = 2 ../hadoop/hadoop-yarn-project/hadoop-yarn/hadoop-yarn-api/src/main/proto/yarn_service_protos.proto
INFO Add Enum in Message ContainerUpdateTypeProto: {'DEMOTE_EXECUTION_TYPE': 3, 'INCREASE_RESOURCE': 0, 'PROMOTE_EXECUTION_TYPE': 2, 'DECREASE_RESOURCE': 1}
INFO Add Enum in Message LocalizationStateProto: {'L_FAILED': 3, 'L_COMPLETED': 2, 'L_PENDING': 1}
INFO Added Message RPCCallerContextProto
INFO Added Field In Message RpcRequestHeaderProto: stateId AST: optional int64 stateId = 8 ../hadoop/hadoop-common-project/hadoop-common/src/main/proto/RpcHeader.proto
INFO Added Field In Message RpcRequestHeaderProto: callerContext AST: optional RPCCallerContextProto callerContext = 7 ../hadoop/hadoop-common-project/hadoop-common/src/main/proto/RpcHeader.proto
INFO Added Field In Message RpcResponseHeaderProto: stateId AST: optional int64 stateId = 9 ../hadoop/hadoop-common-project/hadoop-common/src/main/proto/RpcHeader.proto
INFO Added Message TransitionToObserverRequestProto
INFO Added Message TransitionToObserverResponseProto
Add Field in Enum HAServiceStateProto Key: OBSERVER Value 3
INFO Added Message NodesToAttributesMappingRequestProto
INFO Added Message RefreshNodesResourcesResponseProto
INFO Added Message CheckForDecommissioningNodesRequestProto
INFO Added Message RefreshClusterMaxPriorityRequestProto
INFO Added Message NodesToAttributesMappingResponseProto
INFO Added Message RefreshNodesResourcesRequestProto
INFO Added Message RefreshClusterMaxPriorityResponseProto
INFO Added Message UpdateNodeLabelsResponseProto
INFO Added Message CheckForDecommissioningNodesResponseProto
INFO Added Message NodeIdToLabelsNameProto
INFO Added Field In Message AddToClusterNodeLabelsRequestProto: deprecatedNodeLabels AST: repeated string deprecatedNodeLabels = 1 ../hadoop/hadoop-yarn-project/hadoop-yarn/hadoop-yarn-api/src/main/proto/server/yarn_server_resourcemanager_service_protos.proto
ERROR Changed Field In Message AddToClusterNodeLabelsRequestProto: nodeLabels OLD_AST: repeated string nodeLabels = 1 NEW_AST: repeated NodeLabelProto nodeLabels = 2 in ../hadoop/hadoop-yarn-project/hadoop-yarn/hadoop-yarn-api/src/main/proto/server/yarn_server_resourcemanager_service_protos.proto
INFO Added Field In Message RefreshNodesRequestProto: decommissionType AST: optional DecommissionTypeProto decommissionType = 1 ../hadoop/hadoop-yarn-project/hadoop-yarn/hadoop-yarn-api/src/main/proto/server/yarn_server_resourcemanager_service_protos.proto
INFO Added Field In Message RefreshNodesRequestProto: decommissionTimeout AST: optional int32 decommissionTimeout = 2 ../hadoop/hadoop-yarn-project/hadoop-yarn/hadoop-yarn-api/src/main/proto/server/yarn_server_resourcemanager_service_protos.proto
INFO Added Field In Message ReplaceLabelsOnNodeRequestProto: failOnUnknownNodes AST: optional bool failOnUnknownNodes = 2 ../hadoop/hadoop-yarn-project/hadoop-yarn/hadoop-yarn-api/src/main/proto/server/yarn_server_resourcemanager_service_protos.proto
INFO Add Enum in Message AttributeMappingOperationTypeProto: {'REMOVE': 3, 'ADD': 2, 'REPLACE': 1}
INFO Add Enum in Message DecommissionTypeProto: {'NORMAL': 1, 'FORCEFUL': 3, 'GRACEFUL': 2}
INFO Added Message OpportunisticContainersStatusProto
INFO Added Field In Message NodeStatusProto: containers_utilization AST: optional ResourceUtilizationProto containers_utilization = 6 ../hadoop/hadoop-yarn-project/hadoop-yarn/hadoop-yarn-server/hadoop-yarn-server-common/src/main/proto/yarn_server_common_protos.proto
INFO Added Field In Message NodeStatusProto: opportunistic_containers_status AST: optional OpportunisticContainersStatusProto opportunistic_containers_status = 9 ../hadoop/hadoop-yarn-project/hadoop-yarn/hadoop-yarn-server/hadoop-yarn-server-common/src/main/proto/yarn_server_common_protos.proto
INFO Added Field In Message NodeStatusProto: node_utilization AST: optional ResourceUtilizationProto node_utilization = 7 ../hadoop/hadoop-yarn-project/hadoop-yarn/hadoop-yarn-server/hadoop-yarn-server-common/src/main/proto/yarn_server_common_protos.proto
INFO Added Field In Message NodeStatusProto: increased_containers AST: repeated ContainerProto increased_containers = 8 ../hadoop/hadoop-yarn-project/hadoop-yarn/hadoop-yarn-server/hadoop-yarn-server-common/src/main/proto/yarn_server_common_protos.proto
INFO Added Message FlowContextProto
INFO Added Field In Message DeletionServiceDeleteTaskProto: dockerContainerId AST: optional string dockerContainerId = 8 ../hadoop/hadoop-yarn-project/hadoop-yarn/hadoop-yarn-server/hadoop-yarn-server-nodemanager/src/main/proto/yarn_server_nodemanager_recovery.proto
INFO Added Field In Message DeletionServiceDeleteTaskProto: taskType AST: optional string taskType = 7 ../hadoop/hadoop-yarn-project/hadoop-yarn/hadoop-yarn-server/hadoop-yarn-server-nodemanager/src/main/proto/yarn_server_nodemanager_recovery.proto
INFO Added Field In Message ContainerManagerApplicationProto: appLogAggregationInitedTime AST: optional int64 appLogAggregationInitedTime = 6 ../hadoop/hadoop-yarn-project/hadoop-yarn/hadoop-yarn-server/hadoop-yarn-server-nodemanager/src/main/proto/yarn_server_nodemanager_recovery.proto
INFO Added Field In Message ContainerManagerApplicationProto: flowContext AST: optional FlowContextProto flowContext = 7 ../hadoop/hadoop-yarn-project/hadoop-yarn/hadoop-yarn-server/hadoop-yarn-server-nodemanager/src/main/proto/yarn_server_nodemanager_recovery.proto
INFO Added Message CredentialsKVProto
INFO Added Message CredentialsProto
