False
../hadoop/hadoop-yarn-project/hadoop-yarn/hadoop-yarn-server/hadoop-yarn-server-resourcemanager/src/test/proto/test_client_tokens.proto
../hadoop/hadoop-yarn-project/hadoop-yarn/hadoop-yarn-server/hadoop-yarn-server-resourcemanager/src/main/proto/yarn_server_resourcemanager_recovery.proto
../hadoop/hadoop-yarn-project/hadoop-yarn/hadoop-yarn-server/hadoop-yarn-server-nodemanager/src/main/proto/yarn_server_nodemanager_recovery.proto
../hadoop/hadoop-yarn-project/hadoop-yarn/hadoop-yarn-server/hadoop-yarn-server-nodemanager/src/main/proto/LocalizationProtocol.proto
../hadoop/hadoop-yarn-project/hadoop-yarn/hadoop-yarn-server/hadoop-yarn-server-nodemanager/src/main/proto/yarn_server_nodemanager_service_protos.proto
../hadoop/hadoop-yarn-project/hadoop-yarn/hadoop-yarn-server/hadoop-yarn-server-tests/src/test/proto/test_token.proto
../hadoop/hadoop-yarn-project/hadoop-yarn/hadoop-yarn-server/hadoop-yarn-server-applicationhistoryservice/src/main/proto/yarn_server_timelineserver_recovery.proto
../hadoop/hadoop-yarn-project/hadoop-yarn/hadoop-yarn-server/hadoop-yarn-server-common/src/main/proto/collectornodemanager_protocol.proto
../hadoop/hadoop-yarn-project/hadoop-yarn/hadoop-yarn-server/hadoop-yarn-server-common/src/main/proto/SCMUploader.proto
../hadoop/hadoop-yarn-project/hadoop-yarn/hadoop-yarn-server/hadoop-yarn-server-common/src/main/proto/yarn_server_common_protos.proto
../hadoop/hadoop-yarn-project/hadoop-yarn/hadoop-yarn-server/hadoop-yarn-server-common/src/main/proto/distributed_scheduling_am_protocol.proto
../hadoop/hadoop-yarn-project/hadoop-yarn/hadoop-yarn-server/hadoop-yarn-server-common/src/main/proto/ResourceTracker.proto
../hadoop/hadoop-yarn-project/hadoop-yarn/hadoop-yarn-server/hadoop-yarn-server-common/src/main/proto/yarn_server_common_service_protos.proto
../hadoop/hadoop-yarn-project/hadoop-yarn/hadoop-yarn-server/hadoop-yarn-server-common/src/main/proto/yarn_server_federation_protos.proto
../hadoop/hadoop-yarn-project/hadoop-yarn/hadoop-yarn-api/src/main/proto/containermanagement_protocol.proto
../hadoop/hadoop-yarn-project/hadoop-yarn/hadoop-yarn-api/src/main/proto/yarn_service_protos.proto
../hadoop/hadoop-yarn-project/hadoop-yarn/hadoop-yarn-api/src/main/proto/applicationclient_protocol.proto
../hadoop/hadoop-yarn-project/hadoop-yarn/hadoop-yarn-api/src/main/proto/applicationmaster_protocol.proto
../hadoop/hadoop-yarn-project/hadoop-yarn/hadoop-yarn-api/src/main/proto/yarn_protos.proto
../hadoop/hadoop-yarn-project/hadoop-yarn/hadoop-yarn-api/src/main/proto/client_SCM_protocol.proto
../hadoop/hadoop-yarn-project/hadoop-yarn/hadoop-yarn-api/src/main/proto/application_history_client.proto
../hadoop/hadoop-yarn-project/hadoop-yarn/hadoop-yarn-api/src/main/proto/server/yarn_server_resourcemanager_service_protos.proto
../hadoop/hadoop-yarn-project/hadoop-yarn/hadoop-yarn-api/src/main/proto/server/resourcemanager_administration_protocol.proto
../hadoop/hadoop-yarn-project/hadoop-yarn/hadoop-yarn-api/src/main/proto/server/application_history_server.proto
../hadoop/hadoop-yarn-project/hadoop-yarn/hadoop-yarn-api/src/main/proto/server/SCM_Admin_protocol.proto
../hadoop/hadoop-yarn-project/hadoop-yarn/hadoop-yarn-client/src/test/proto/test_amrm_token.proto
../hadoop/hadoop-yarn-project/hadoop-yarn/hadoop-yarn-common/src/main/proto/yarn_security_token.proto
../hadoop/hadoop-common-project/hadoop-common/src/test/proto/test_rpc_service.proto
../hadoop/hadoop-common-project/hadoop-common/src/test/proto/test.proto
../hadoop/hadoop-common-project/hadoop-common/src/main/proto/ProtobufRpcEngine.proto
../hadoop/hadoop-common-project/hadoop-common/src/main/proto/RefreshCallQueueProtocol.proto
../hadoop/hadoop-common-project/hadoop-common/src/main/proto/HAServiceProtocol.proto
../hadoop/hadoop-common-project/hadoop-common/src/main/proto/TraceAdmin.proto
../hadoop/hadoop-common-project/hadoop-common/src/main/proto/ZKFCProtocol.proto
../hadoop/hadoop-common-project/hadoop-common/src/main/proto/IpcConnectionContext.proto
../hadoop/hadoop-common-project/hadoop-common/src/main/proto/RpcHeader.proto
../hadoop/hadoop-common-project/hadoop-common/src/main/proto/RefreshUserMappingsProtocol.proto
../hadoop/hadoop-common-project/hadoop-common/src/main/proto/GetUserMappingsProtocol.proto
../hadoop/hadoop-common-project/hadoop-common/src/main/proto/Security.proto
../hadoop/hadoop-common-project/hadoop-common/src/main/proto/ProtocolInfo.proto
../hadoop/hadoop-common-project/hadoop-common/src/main/proto/RefreshAuthorizationPolicyProtocol.proto
../hadoop/hadoop-common-project/hadoop-common/src/main/proto/GenericRefreshProtocol.proto
../hadoop/hadoop-hdfs-project/hadoop-hdfs-client/src/main/proto/inotify.proto
../hadoop/hadoop-hdfs-project/hadoop-hdfs-client/src/main/proto/encryption.proto
../hadoop/hadoop-hdfs-project/hadoop-hdfs-client/src/main/proto/datatransfer.proto
../hadoop/hadoop-hdfs-project/hadoop-hdfs-client/src/main/proto/ClientDatanodeProtocol.proto
../hadoop/hadoop-hdfs-project/hadoop-hdfs-client/src/main/proto/acl.proto
../hadoop/hadoop-hdfs-project/hadoop-hdfs-client/src/main/proto/hdfs.proto
../hadoop/hadoop-hdfs-project/hadoop-hdfs-client/src/main/proto/ClientNamenodeProtocol.proto
../hadoop/hadoop-hdfs-project/hadoop-hdfs-client/src/main/proto/xattr.proto
../hadoop/hadoop-hdfs-project/hadoop-hdfs-client/src/main/proto/ReconfigurationProtocol.proto
../hadoop/hadoop-hdfs-project/hadoop-hdfs-rbf/src/main/proto/RouterProtocol.proto
../hadoop/hadoop-hdfs-project/hadoop-hdfs-rbf/src/main/proto/FederationProtocol.proto
../hadoop/hadoop-hdfs-project/hadoop-hdfs/src/contrib/bkjournal/src/main/proto/bkjournal.proto
../hadoop/hadoop-hdfs-project/hadoop-hdfs/src/main/proto/JournalProtocol.proto
../hadoop/hadoop-hdfs-project/hadoop-hdfs/src/main/proto/NamenodeProtocol.proto
../hadoop/hadoop-hdfs-project/hadoop-hdfs/src/main/proto/editlog.proto
../hadoop/hadoop-hdfs-project/hadoop-hdfs/src/main/proto/InterDatanodeProtocol.proto
../hadoop/hadoop-hdfs-project/hadoop-hdfs/src/main/proto/DatanodeLifelineProtocol.proto
../hadoop/hadoop-hdfs-project/hadoop-hdfs/src/main/proto/QJournalProtocol.proto
../hadoop/hadoop-hdfs-project/hadoop-hdfs/src/main/proto/HdfsServer.proto
../hadoop/hadoop-hdfs-project/hadoop-hdfs/src/main/proto/DatanodeProtocol.proto
../hadoop/hadoop-hdfs-project/hadoop-hdfs/src/main/proto/HAZKInfo.proto
../hadoop/hadoop-hdfs-project/hadoop-hdfs/src/main/proto/fsimage.proto
../hadoop/hadoop-mapreduce-project/hadoop-mapreduce-client/hadoop-mapreduce-client-common/src/main/proto/mr_service_protos.proto
../hadoop/hadoop-mapreduce-project/hadoop-mapreduce-client/hadoop-mapreduce-client-common/src/main/proto/HSAdminRefreshProtocol.proto
../hadoop/hadoop-mapreduce-project/hadoop-mapreduce-client/hadoop-mapreduce-client-common/src/main/proto/MRClientProtocol.proto
../hadoop/hadoop-mapreduce-project/hadoop-mapreduce-client/hadoop-mapreduce-client-common/src/main/proto/mr_protos.proto
../hadoop/hadoop-mapreduce-project/hadoop-mapreduce-client/hadoop-mapreduce-client-shuffle/src/main/proto/ShuffleHandlerRecovery.proto
../hadoop/hadoop-yarn-project/hadoop-yarn/hadoop-yarn-server/hadoop-yarn-server-resourcemanager/src/test/proto/test_client_tokens.proto
../hadoop/hadoop-yarn-project/hadoop-yarn/hadoop-yarn-server/hadoop-yarn-server-resourcemanager/src/main/proto/yarn_server_resourcemanager_recovery.proto
../hadoop/hadoop-yarn-project/hadoop-yarn/hadoop-yarn-server/hadoop-yarn-server-nodemanager/src/main/proto/yarn_server_nodemanager_recovery.proto
../hadoop/hadoop-yarn-project/hadoop-yarn/hadoop-yarn-server/hadoop-yarn-server-nodemanager/src/main/proto/LocalizationProtocol.proto
../hadoop/hadoop-yarn-project/hadoop-yarn/hadoop-yarn-server/hadoop-yarn-server-nodemanager/src/main/proto/yarn_server_nodemanager_service_protos.proto
../hadoop/hadoop-yarn-project/hadoop-yarn/hadoop-yarn-server/hadoop-yarn-server-tests/src/test/proto/test_token.proto
../hadoop/hadoop-yarn-project/hadoop-yarn/hadoop-yarn-server/hadoop-yarn-server-applicationhistoryservice/src/main/proto/yarn_server_timelineserver_recovery.proto
../hadoop/hadoop-yarn-project/hadoop-yarn/hadoop-yarn-server/hadoop-yarn-server-common/src/main/proto/collectornodemanager_protocol.proto
../hadoop/hadoop-yarn-project/hadoop-yarn/hadoop-yarn-server/hadoop-yarn-server-common/src/main/proto/SCMUploader.proto
../hadoop/hadoop-yarn-project/hadoop-yarn/hadoop-yarn-server/hadoop-yarn-server-common/src/main/proto/yarn_server_common_protos.proto
../hadoop/hadoop-yarn-project/hadoop-yarn/hadoop-yarn-server/hadoop-yarn-server-common/src/main/proto/distributed_scheduling_am_protocol.proto
../hadoop/hadoop-yarn-project/hadoop-yarn/hadoop-yarn-server/hadoop-yarn-server-common/src/main/proto/ResourceTracker.proto
../hadoop/hadoop-yarn-project/hadoop-yarn/hadoop-yarn-server/hadoop-yarn-server-common/src/main/proto/yarn_server_common_service_protos.proto
../hadoop/hadoop-yarn-project/hadoop-yarn/hadoop-yarn-server/hadoop-yarn-server-common/src/main/proto/yarn_server_federation_protos.proto
../hadoop/hadoop-yarn-project/hadoop-yarn/hadoop-yarn-api/src/main/proto/containermanagement_protocol.proto
../hadoop/hadoop-yarn-project/hadoop-yarn/hadoop-yarn-api/src/main/proto/yarn_service_protos.proto
../hadoop/hadoop-yarn-project/hadoop-yarn/hadoop-yarn-api/src/main/proto/applicationclient_protocol.proto
../hadoop/hadoop-yarn-project/hadoop-yarn/hadoop-yarn-api/src/main/proto/applicationmaster_protocol.proto
../hadoop/hadoop-yarn-project/hadoop-yarn/hadoop-yarn-api/src/main/proto/YarnCsiAdaptor.proto
../hadoop/hadoop-yarn-project/hadoop-yarn/hadoop-yarn-api/src/main/proto/yarn_protos.proto
../hadoop/hadoop-yarn-project/hadoop-yarn/hadoop-yarn-api/src/main/proto/client_SCM_protocol.proto
../hadoop/hadoop-yarn-project/hadoop-yarn/hadoop-yarn-api/src/main/proto/application_history_client.proto
../hadoop/hadoop-yarn-project/hadoop-yarn/hadoop-yarn-api/src/main/proto/yarn_csi_adaptor.proto
../hadoop/hadoop-yarn-project/hadoop-yarn/hadoop-yarn-api/src/main/proto/server/yarn_server_resourcemanager_service_protos.proto
../hadoop/hadoop-yarn-project/hadoop-yarn/hadoop-yarn-api/src/main/proto/server/resourcemanager_administration_protocol.proto
../hadoop/hadoop-yarn-project/hadoop-yarn/hadoop-yarn-api/src/main/proto/server/application_history_server.proto
../hadoop/hadoop-yarn-project/hadoop-yarn/hadoop-yarn-api/src/main/proto/server/SCM_Admin_protocol.proto
../hadoop/hadoop-yarn-project/hadoop-yarn/hadoop-yarn-client/src/test/proto/test_amrm_token.proto
../hadoop/hadoop-yarn-project/hadoop-yarn/hadoop-yarn-common/src/main/proto/yarn_security_token.proto
../hadoop/hadoop-yarn-project/hadoop-yarn/hadoop-yarn-csi/src/main/proto/csi.proto
../hadoop/hadoop-yarn-project/hadoop-yarn/hadoop-yarn-applications/hadoop-yarn-services/hadoop-yarn-services-core/src/main/proto/ClientAMProtocol.proto
../hadoop/hadoop-common-project/hadoop-common/src/test/proto/test_rpc_service.proto
../hadoop/hadoop-common-project/hadoop-common/src/test/proto/test.proto
../hadoop/hadoop-common-project/hadoop-common/src/main/proto/ProtobufRpcEngine.proto
../hadoop/hadoop-common-project/hadoop-common/src/main/proto/FSProtos.proto
../hadoop/hadoop-common-project/hadoop-common/src/main/proto/RefreshCallQueueProtocol.proto
../hadoop/hadoop-common-project/hadoop-common/src/main/proto/HAServiceProtocol.proto
../hadoop/hadoop-common-project/hadoop-common/src/main/proto/TraceAdmin.proto
../hadoop/hadoop-common-project/hadoop-common/src/main/proto/ZKFCProtocol.proto
../hadoop/hadoop-common-project/hadoop-common/src/main/proto/IpcConnectionContext.proto
../hadoop/hadoop-common-project/hadoop-common/src/main/proto/RpcHeader.proto
../hadoop/hadoop-common-project/hadoop-common/src/main/proto/RefreshUserMappingsProtocol.proto
../hadoop/hadoop-common-project/hadoop-common/src/main/proto/GetUserMappingsProtocol.proto
../hadoop/hadoop-common-project/hadoop-common/src/main/proto/Security.proto
../hadoop/hadoop-common-project/hadoop-common/src/main/proto/ProtocolInfo.proto
../hadoop/hadoop-common-project/hadoop-common/src/main/proto/RefreshAuthorizationPolicyProtocol.proto
../hadoop/hadoop-common-project/hadoop-common/src/main/proto/ProtobufRpcEngine2.proto
../hadoop/hadoop-common-project/hadoop-common/src/main/proto/GenericRefreshProtocol.proto
../hadoop/hadoop-hdfs-project/hadoop-hdfs-client/src/main/proto/inotify.proto
../hadoop/hadoop-hdfs-project/hadoop-hdfs-client/src/main/proto/encryption.proto
../hadoop/hadoop-hdfs-project/hadoop-hdfs-client/src/main/proto/datatransfer.proto
../hadoop/hadoop-hdfs-project/hadoop-hdfs-client/src/main/proto/ClientDatanodeProtocol.proto
../hadoop/hadoop-hdfs-project/hadoop-hdfs-client/src/main/proto/acl.proto
../hadoop/hadoop-hdfs-project/hadoop-hdfs-client/src/main/proto/hdfs.proto
../hadoop/hadoop-hdfs-project/hadoop-hdfs-client/src/main/proto/ClientNamenodeProtocol.proto
../hadoop/hadoop-hdfs-project/hadoop-hdfs-client/src/main/proto/erasurecoding.proto
../hadoop/hadoop-hdfs-project/hadoop-hdfs-client/src/main/proto/xattr.proto
../hadoop/hadoop-hdfs-project/hadoop-hdfs-client/src/main/proto/ReconfigurationProtocol.proto
../hadoop/hadoop-hdfs-project/hadoop-hdfs-rbf/src/main/proto/RouterProtocol.proto
../hadoop/hadoop-hdfs-project/hadoop-hdfs-rbf/src/main/proto/FederationProtocol.proto
../hadoop/hadoop-hdfs-project/hadoop-hdfs/src/main/proto/JournalProtocol.proto
../hadoop/hadoop-hdfs-project/hadoop-hdfs/src/main/proto/NamenodeProtocol.proto
../hadoop/hadoop-hdfs-project/hadoop-hdfs/src/main/proto/AliasMapProtocol.proto
../hadoop/hadoop-hdfs-project/hadoop-hdfs/src/main/proto/editlog.proto
../hadoop/hadoop-hdfs-project/hadoop-hdfs/src/main/proto/InterQJournalProtocol.proto
../hadoop/hadoop-hdfs-project/hadoop-hdfs/src/main/proto/InterDatanodeProtocol.proto
../hadoop/hadoop-hdfs-project/hadoop-hdfs/src/main/proto/DatanodeLifelineProtocol.proto
../hadoop/hadoop-hdfs-project/hadoop-hdfs/src/main/proto/QJournalProtocol.proto
../hadoop/hadoop-hdfs-project/hadoop-hdfs/src/main/proto/HdfsServer.proto
../hadoop/hadoop-hdfs-project/hadoop-hdfs/src/main/proto/DatanodeProtocol.proto
../hadoop/hadoop-hdfs-project/hadoop-hdfs/src/main/proto/HAZKInfo.proto
../hadoop/hadoop-hdfs-project/hadoop-hdfs/src/main/proto/fsimage.proto
../hadoop/hadoop-mapreduce-project/hadoop-mapreduce-client/hadoop-mapreduce-client-common/src/main/proto/mr_service_protos.proto
../hadoop/hadoop-mapreduce-project/hadoop-mapreduce-client/hadoop-mapreduce-client-common/src/main/proto/HSAdminRefreshProtocol.proto
../hadoop/hadoop-mapreduce-project/hadoop-mapreduce-client/hadoop-mapreduce-client-common/src/main/proto/MRClientProtocol.proto
../hadoop/hadoop-mapreduce-project/hadoop-mapreduce-client/hadoop-mapreduce-client-common/src/main/proto/mr_protos.proto
../hadoop/hadoop-mapreduce-project/hadoop-mapreduce-client/hadoop-mapreduce-client-shuffle/src/main/proto/ShuffleHandlerRecovery.proto
INFO Added Field In Message JournalRequestProto: nameServiceId AST: optional string nameServiceId = 6 ../hadoop/hadoop-hdfs-project/hadoop-hdfs/src/main/proto/QJournalProtocol.proto
INFO Added Field In Message IsFormattedRequestProto: nameServiceId AST: optional string nameServiceId = 2 ../hadoop/hadoop-hdfs-project/hadoop-hdfs/src/main/proto/QJournalProtocol.proto
INFO Added Field In Message CanRollBackRequestProto: nameServiceId AST: optional string nameServiceId = 5 ../hadoop/hadoop-hdfs-project/hadoop-hdfs/src/main/proto/QJournalProtocol.proto
INFO Added Field In Message GetJournaledEditsRequestProto: nameServiceId AST: optional string nameServiceId = 4 ../hadoop/hadoop-hdfs-project/hadoop-hdfs/src/main/proto/QJournalProtocol.proto
INFO Added Field In Message NewEpochRequestProto: nameServiceId AST: optional string nameServiceId = 4 ../hadoop/hadoop-hdfs-project/hadoop-hdfs/src/main/proto/QJournalProtocol.proto
INFO Added Field In Message FormatRequestProto: nameServiceId AST: optional string nameServiceId = 3 ../hadoop/hadoop-hdfs-project/hadoop-hdfs/src/main/proto/QJournalProtocol.proto
INFO Added Field In Message FormatRequestProto: force AST: optional bool force = 4 ../hadoop/hadoop-hdfs-project/hadoop-hdfs/src/main/proto/QJournalProtocol.proto
INFO Added Field In Message GetEditLogManifestRequestProto: nameServiceId AST: optional string nameServiceId = 5 ../hadoop/hadoop-hdfs-project/hadoop-hdfs/src/main/proto/QJournalProtocol.proto
INFO Added Field In Message DoRollbackRequestProto: nameserviceId AST: optional string nameserviceId = 2 ../hadoop/hadoop-hdfs-project/hadoop-hdfs/src/main/proto/QJournalProtocol.proto
INFO Added Field In Message DoFinalizeRequestProto: nameServiceId AST: optional string nameServiceId = 2 ../hadoop/hadoop-hdfs-project/hadoop-hdfs/src/main/proto/QJournalProtocol.proto
INFO Added Field In Message RequestInfoProto: nameServiceId AST: optional string nameServiceId = 5 ../hadoop/hadoop-hdfs-project/hadoop-hdfs/src/main/proto/QJournalProtocol.proto
INFO Added Field In Message GetJournalCTimeRequestProto: nameServiceId AST: optional string nameServiceId = 2 ../hadoop/hadoop-hdfs-project/hadoop-hdfs/src/main/proto/QJournalProtocol.proto
INFO Added Field In Message DiscardSegmentsRequestProto: nameServiceId AST: optional string nameServiceId = 3 ../hadoop/hadoop-hdfs-project/hadoop-hdfs/src/main/proto/QJournalProtocol.proto
INFO Added Field In Message GetJournalStateRequestProto: nameServiceId AST: optional string nameServiceId = 2 ../hadoop/hadoop-hdfs-project/hadoop-hdfs/src/main/proto/QJournalProtocol.proto
INFO Added Message RefreshSuperUserGroupsConfigurationRequestProto
INFO Added Message GetDestinationRequestProto
INFO Added Message RefreshMountTableEntriesRequestProto
INFO Added Message GetDestinationResponseProto
INFO Added Message RefreshSuperUserGroupsConfigurationResponseProto
INFO Added Message RefreshMountTableEntriesResponseProto
INFO Added Field In Message NamenodeMembershipStatsRecordProto: providedSpace AST: optional uint64 providedSpace = 3 ../hadoop/hadoop-hdfs-project/hadoop-hdfs-rbf/src/main/proto/FederationProtocol.proto
INFO Added Field In Message NamenodeMembershipStatsRecordProto: numOfInMaintenanceLiveDataNodes AST: optional uint32 numOfInMaintenanceLiveDataNodes = 26 ../hadoop/hadoop-hdfs-project/hadoop-hdfs-rbf/src/main/proto/FederationProtocol.proto
INFO Added Field In Message NamenodeMembershipStatsRecordProto: numOfStaleDatanodes AST: optional uint32 numOfStaleDatanodes = 25 ../hadoop/hadoop-hdfs-project/hadoop-hdfs-rbf/src/main/proto/FederationProtocol.proto
INFO Added Field In Message NamenodeMembershipStatsRecordProto: numOfEnteringMaintenanceDataNodes AST: optional uint32 numOfEnteringMaintenanceDataNodes = 28 ../hadoop/hadoop-hdfs-project/hadoop-hdfs-rbf/src/main/proto/FederationProtocol.proto
INFO Added Field In Message NamenodeMembershipStatsRecordProto: numOfInMaintenanceDeadDataNodes AST: optional uint32 numOfInMaintenanceDeadDataNodes = 27 ../hadoop/hadoop-hdfs-project/hadoop-hdfs-rbf/src/main/proto/FederationProtocol.proto
INFO Added Field In Message RouterRecordProto: adminAddress AST: optional string adminAddress = 9 ../hadoop/hadoop-hdfs-project/hadoop-hdfs-rbf/src/main/proto/FederationProtocol.proto
INFO Added Field In Message MountTableRecordProto: faultTolerant AST: optional bool faultTolerant = 14 ../hadoop/hadoop-hdfs-project/hadoop-hdfs-rbf/src/main/proto/FederationProtocol.proto
INFO Added Field In Message NamenodeMembershipRecordProto: webScheme AST: optional string webScheme = 16 ../hadoop/hadoop-hdfs-project/hadoop-hdfs-rbf/src/main/proto/FederationProtocol.proto
INFO Added Field In Message DeletionServiceDeleteTaskProto: dockerContainerId AST: optional string dockerContainerId = 8 ../hadoop/hadoop-yarn-project/hadoop-yarn/hadoop-yarn-server/hadoop-yarn-server-nodemanager/src/main/proto/yarn_server_nodemanager_recovery.proto
INFO Added Message BlockECReconstructionCommandProto
INFO Added Field In Message BlockReportContextProto: sorted AST: optional bool sorted = 5 ../hadoop/hadoop-hdfs-project/hadoop-hdfs/src/main/proto/DatanodeProtocol.proto
INFO Added Field In Message DatanodeCommandProto: blkECReconstructionCmd AST: optional BlockECReconstructionCommandProto blkECReconstructionCmd = 9 ../hadoop/hadoop-hdfs-project/hadoop-hdfs/src/main/proto/DatanodeProtocol.proto
INFO Deleted Message DeleteBlockPoolRequestProto
INFO Deleted Message ShutdownDatanodeRequestProto
INFO Deleted Message RefreshNamenodesResponseProto
INFO Deleted Message GetReplicaVisibleLengthResponseProto
INFO Deleted Message RefreshNamenodesRequestProto
INFO Deleted Message GetVolumeReportRequestProto
INFO Deleted Message DeleteBlockPoolResponseProto
INFO Deleted Message GetBlockLocalPathInfoResponseProto
INFO Deleted Message TriggerBlockReportResponseProto
INFO Deleted Message ShutdownDatanodeResponseProto
INFO Deleted Message GetHdfsBlockLocationsRequestProto
INFO Deleted Message GetReplicaVisibleLengthRequestProto
INFO Deleted Message GetDatanodeInfoResponseProto
INFO Deleted Message TriggerBlockReportRequestProto
INFO Deleted Message GetVolumeReportResponseProto
INFO Deleted Message GetHdfsBlockLocationsResponseProto
INFO Deleted Message EvictWritersResponseProto
INFO Deleted Message GetBalancerBandwidthRequestProto
INFO Deleted Message GetBlockLocalPathInfoRequestProto
INFO Deleted Message GetDatanodeInfoRequestProto
INFO Deleted Message GetBalancerBandwidthResponseProto
INFO Deleted Message EvictWritersRequestProto
INFO Deleted Message ContentSummaryProto
INFO Deleted Message ZoneEncryptionInfoProto
INFO Deleted Message SnapshotDiffReportProto
INFO Deleted Message LocatedBlocksProto
INFO Deleted Message FileEncryptionInfoProto
INFO Deleted Message DirectoryListingProto
INFO Deleted Message BlockStoragePolicyProto
INFO Deleted Message DataEncryptionKeyProto
INFO Deleted Message DatanodeIDProto
INFO Deleted Message PerFileEncryptionInfoProto
INFO Deleted Message BlockProto
INFO Deleted Message SnapshotDiffReportEntryProto
INFO Deleted Message StorageTypesProto
INFO Deleted Message SnapshottableDirectoryListingProto
INFO Deleted Message DatanodeLocalInfoProto
INFO Deleted Message FsServerDefaultsProto
INFO Deleted Message DatanodeStorageProto
INFO Deleted Message StorageTypeQuotaInfosProto
INFO Deleted Message StorageTypeQuotaInfoProto
INFO Deleted Message RollingUpgradeStatusProto
INFO Deleted Message DatanodeInfosProto
INFO Deleted Message LocatedBlockProto
INFO Deleted Message ExtendedBlockProto
INFO Deleted Message DatanodeVolumeInfoProto
INFO Deleted Message CorruptFileBlocksProto
INFO Deleted Message HdfsFileStatusProto
INFO Deleted Message DatanodeInfoProto
INFO Deleted Message CipherOptionProto
INFO Deleted Message FsPermissionProto
INFO Deleted Message StorageReportProto
INFO Deleted Message SnapshotInfoProto
INFO Deleted Message SnapshottableDirectoryStatusProto
INFO Deleted Message QuotaUsageProto
INFO Delete Enum in Message ChecksumTypeProto: {'CHECKSUM_CRC32': 1, 'CHECKSUM_CRC32C': 2, 'CHECKSUM_NULL': 0}
INFO Delete Enum in Message CipherSuiteProto: {'AES_CTR_NOPADDING': 2, 'UNKNOWN': 1}
INFO Delete Enum in Message CryptoProtocolVersionProto: {'ENCRYPTION_ZONES': 2, 'UNKNOWN_PROTOCOL_VERSION': 1}
INFO Delete Enum in Message StorageTypeProto: {'DISK': 1, 'SSD': 2, 'ARCHIVE': 3, 'RAM_DISK': 4}
INFO Deleted Message GetEZForPathRequestProto
INFO Deleted Message ListEncryptionZonesRequestProto
INFO Deleted Message GetEZForPathResponseProto
INFO Deleted Message CreateEncryptionZoneRequestProto
INFO Deleted Message EncryptionZoneProto
INFO Deleted Message ListEncryptionZonesResponseProto
INFO Deleted Message CreateEncryptionZoneResponseProto
INFO Added Message UserResponseProto
INFO Deleted Message AuthUserResponseProto
INFO Added Message GetLocalizationStatusesRequestProto
INFO Added Message GetAttributesToNodesRequestProto
INFO Added Message ContainerLocalizationStatusesProto
INFO Added Message LocalizationStatusProto
INFO Added Message GetNodesToAttributesRequestProto
INFO Added Message GetAllResourceProfilesRequestProto
INFO Added Message GetResourceProfileResponseProto
INFO Added Message GetAllResourceProfilesResponseProto
INFO Added Message GetLocalizationStatusesResponseProto
INFO Added Message GetClusterNodeAttributesResponseProto
INFO Added Message GetResourceProfileRequestProto
INFO Added Message GetNodesToAttributesResponseProto
INFO Added Message GetAttributesToNodesResponseProto
INFO Added Message GetClusterNodeAttributesRequestProto
INFO Added Field In Message AllocateRequestProto: scheduling_requests AST: repeated SchedulingRequestProto scheduling_requests = 10 ../hadoop/hadoop-yarn-project/hadoop-yarn/hadoop-yarn-api/src/main/proto/yarn_service_protos.proto
INFO Deleted Field In Message #AllocateRequestProto: increase_request AST: repeated ContainerResourceIncreaseRequestProto increase_request = 6
INFO Added Field In Message GetApplicationsRequestProto: name AST: optional string name = 12 ../hadoop/hadoop-yarn-project/hadoop-yarn/hadoop-yarn-api/src/main/proto/yarn_service_protos.proto
INFO Added Field In Message RegisterApplicationMasterRequestProto: placement_constraints AST: repeated PlacementConstraintMapEntryProto placement_constraints = 4 ../hadoop/hadoop-yarn-project/hadoop-yarn/hadoop-yarn-api/src/main/proto/yarn_service_protos.proto
INFO Added Field In Message RegisterApplicationMasterResponseProto: resource_types AST: repeated ResourceTypeInfoProto resource_types = 9 ../hadoop/hadoop-yarn-project/hadoop-yarn/hadoop-yarn-api/src/main/proto/yarn_service_protos.proto
INFO Added Field In Message RegisterApplicationMasterResponseProto: resource_profiles AST: optional ResourceProfilesProto resource_profiles = 8 ../hadoop/hadoop-yarn-project/hadoop-yarn/hadoop-yarn-api/src/main/proto/yarn_service_protos.proto
INFO Added Field In Message AllocateResponseProto: containers_from_previous_attempts AST: repeated ContainerProto containers_from_previous_attempts = 17 ../hadoop/hadoop-yarn-project/hadoop-yarn/hadoop-yarn-api/src/main/proto/yarn_service_protos.proto
INFO Added Field In Message AllocateResponseProto: rejected_scheduling_requests AST: repeated RejectedSchedulingRequestProto rejected_scheduling_requests = 18 ../hadoop/hadoop-yarn-project/hadoop-yarn/hadoop-yarn-api/src/main/proto/yarn_service_protos.proto
INFO Deleted Field In Message #AllocateResponseProto: increased_containers AST: repeated ContainerResourceIncreaseProto increased_containers = 10
INFO Deleted Field In Message #AllocateResponseProto: decreased_containers AST: repeated ContainerResourceDecreaseProto decreased_containers = 11
INFO Add Enum in Message LocalizationStateProto: {'L_PENDING': 1, 'L_COMPLETED': 2, 'L_FAILED': 3}
INFO Added Message GetFilePathResponseProto
INFO Added Message GetFilePathRequestProto
INFO Added Message GetNextSPSPathResponseProto
INFO Added Message GetNextSPSPathRequestProto
INFO Added Field In Message GetBlocksRequestProto: minBlockSize AST: optional uint64 minBlockSize = 3 ../hadoop/hadoop-hdfs-project/hadoop-hdfs/src/main/proto/NamenodeProtocol.proto
INFO Deleted Message UnlinkEventProto
INFO Deleted Message CloseEventProto
INFO Deleted Message EventBatchProto
INFO Deleted Message TruncateEventProto
INFO Deleted Message CreateEventProto
INFO Deleted Message EventProto
INFO Deleted Message AppendEventProto
INFO Deleted Message RenameEventProto
INFO Deleted Message MetadataUpdateEventProto
INFO Deleted Message EventsListProto
INFO Delete Enum in Message EventType: {'EVENT_UNLINK': 5, 'EVENT_RENAME': 3, 'EVENT_CLOSE': 1, 'EVENT_APPEND': 2, 'EVENT_CREATE': 0, 'EVENT_METADATA': 4, 'EVENT_TRUNCATE': 6}
INFO Delete Enum in Message INodeType: {'I_TYPE_FILE': 0, 'I_TYPE_SYMLINK': 2, 'I_TYPE_DIRECTORY': 1}
INFO Delete Enum in Message MetadataUpdateType: {'META_TYPE_REPLICATION': 1, 'META_TYPE_PERMS': 3, 'META_TYPE_ACLS': 4, 'META_TYPE_XATTRS': 5, 'META_TYPE_TIMES': 0, 'META_TYPE_OWNER': 2}
INFO Deleted Message AclEntryProto
INFO Deleted Message RemoveAclRequestProto
INFO Deleted Message ModifyAclEntriesResponseProto
INFO Deleted Message SetAclRequestProto
INFO Deleted Message RemoveDefaultAclResponseProto
INFO Deleted Message GetAclStatusRequestProto
INFO Deleted Message SetAclResponseProto
INFO Deleted Message RemoveAclEntriesRequestProto
INFO Deleted Message RemoveAclResponseProto
INFO Deleted Message ModifyAclEntriesRequestProto
INFO Deleted Message RemoveAclEntriesResponseProto
INFO Deleted Message AclStatusProto
INFO Deleted Message GetAclStatusResponseProto
INFO Deleted Message RemoveDefaultAclRequestProto
INFO Added Message NodesToAttributesMappingRequestProto
INFO Added Message NodesToAttributesMappingResponseProto
INFO Add Enum in Message AttributeMappingOperationTypeProto: {'ADD': 2, 'REMOVE': 3, 'REPLACE': 1}
INFO Deleted Message GetListingResponseProto
INFO Deleted Message ConcatRequestProto
INFO Deleted Message DatanodeStorageReportProto
INFO Deleted Message GetSnapshottableDirListingResponseProto
INFO Deleted Message GetDatanodeStorageReportRequestProto
INFO Deleted Message SaveNamespaceRequestProto
INFO Deleted Message AddBlockResponseProto
INFO Deleted Message CachePoolEntryProto
INFO Deleted Message SetQuotaResponseProto
INFO Deleted Message CreateResponseProto
INFO Deleted Message MkdirsResponseProto
INFO Deleted Message SetReplicationRequestProto
INFO Deleted Message RefreshNodesRequestProto
INFO Deleted Message GetContentSummaryRequestProto
INFO Deleted Message RenameRequestProto
INFO Deleted Message CompleteRequestProto
INFO Deleted Message SetTimesResponseProto
INFO Deleted Message GetStoragePolicyResponseProto
INFO Deleted Message GetCurrentEditLogTxidResponseProto
INFO Deleted Message ListOpenFilesRequestProto
INFO Deleted Message Rename2ResponseProto
INFO Deleted Message RollingUpgradeRequestProto
INFO Deleted Message GetDatanodeStorageReportResponseProto
INFO Deleted Message GetDatanodeReportRequestProto
INFO Deleted Message RemoveCachePoolRequestProto
INFO Deleted Message AddCachePoolRequestProto
INFO Deleted Message UpdatePipelineResponseProto
INFO Deleted Message CreateSnapshotResponseProto
INFO Deleted Message CacheDirectiveInfoExpirationProto
INFO Deleted Message GetServerDefaultsResponseProto
INFO Deleted Message UpdateBlockForPipelineRequestProto
INFO Deleted Message SetBalancerBandwidthRequestProto
INFO Deleted Message ReportBadBlocksResponseProto
INFO Deleted Message MetaSaveRequestProto
INFO Deleted Message SaveNamespaceResponseProto
INFO Deleted Message TruncateRequestProto
INFO Deleted Message GetLinkTargetRequestProto
INFO Deleted Message GetFsStatsResponseProto
INFO Deleted Message GetStoragePoliciesRequestProto
INFO Deleted Message CacheDirectiveInfoProto
INFO Deleted Message ReportBadBlocksRequestProto
INFO Deleted Message SetOwnerRequestProto
INFO Deleted Message ListCacheDirectivesResponseProto
INFO Deleted Message GetServerDefaultsRequestProto
INFO Deleted Message ModifyCachePoolRequestProto
INFO Deleted Message GetSnapshotDiffReportResponseProto
INFO Deleted Message MkdirsRequestProto
INFO Deleted Message SetStoragePolicyResponseProto
INFO Deleted Message SetStoragePolicyRequestProto
INFO Deleted Message AddBlockRequestProto
INFO Deleted Message FsyncRequestProto
INFO Deleted Message RefreshNodesResponseProto
INFO Deleted Message CompleteResponseProto
INFO Deleted Message ListOpenFilesResponseProto
INFO Deleted Message GetQuotaUsageResponseProto
INFO Deleted Message ListCachePoolsResponseProto
INFO Deleted Message FsyncResponseProto
INFO Deleted Message GetFileLinkInfoRequestProto
INFO Deleted Message SetOwnerResponseProto
INFO Deleted Message GetCurrentEditLogTxidRequestProto
INFO Deleted Message SetPermissionRequestProto
INFO Deleted Message ListCachePoolsRequestProto
INFO Deleted Message IsFileClosedRequestProto
INFO Deleted Message AbandonBlockRequestProto
INFO Deleted Message GetFileInfoResponseProto
INFO Deleted Message CreateRequestProto
INFO Deleted Message CheckAccessResponseProto
INFO Deleted Message ConcatResponseProto
INFO Deleted Message SetSafeModeResponseProto
INFO Deleted Message RenameSnapshotRequestProto
INFO Deleted Message RecoverLeaseResponseProto
INFO Deleted Message FinalizeUpgradeResponseProto
INFO Deleted Message GetFileInfoRequestProto
INFO Deleted Message UpdateBlockForPipelineResponseProto
INFO Deleted Message GetStoragePoliciesResponseProto
INFO Deleted Message RenameResponseProto
INFO Deleted Message GetBlockLocationsResponseProto
INFO Deleted Message CreateSymlinkResponseProto
INFO Deleted Message SetReplicationResponseProto
INFO Deleted Message SetQuotaRequestProto
INFO Deleted Message ModifyCacheDirectiveResponseProto
INFO Deleted Message CachePoolStatsProto
INFO Deleted Message RollEditsRequestProto
INFO Deleted Message GetSnapshotDiffReportRequestProto
INFO Deleted Message GetListingRequestProto
INFO Deleted Message RemoveCachePoolResponseProto
INFO Deleted Message RollEditsResponseProto
INFO Deleted Message DeleteRequestProto
INFO Deleted Message DisallowSnapshotResponseProto
INFO Deleted Message ListCorruptFileBlocksResponseProto
INFO Deleted Message AddCachePoolResponseProto
INFO Deleted Message GetPreferredBlockSizeRequestProto
INFO Deleted Message GetLinkTargetResponseProto
INFO Deleted Message CreateSymlinkRequestProto
INFO Deleted Message AppendResponseProto
INFO Deleted Message OpenFilesBatchResponseProto
INFO Deleted Message ModifyCachePoolResponseProto
INFO Deleted Message ListCacheDirectivesRequestProto
INFO Deleted Message GetSnapshottableDirListingRequestProto
INFO Deleted Message RenameSnapshotResponseProto
INFO Deleted Message CreateSnapshotRequestProto
INFO Deleted Message GetFsStatusRequestProto
INFO Deleted Message GetContentSummaryResponseProto
INFO Deleted Message AllowSnapshotResponseProto
INFO Deleted Message AbandonBlockResponseProto
INFO Deleted Message UnsetStoragePolicyRequestProto
INFO Deleted Message SetPermissionResponseProto
INFO Deleted Message CacheDirectiveStatsProto
INFO Deleted Message AddCacheDirectiveRequestProto
INFO Deleted Message RenewLeaseRequestProto
INFO Deleted Message AppendRequestProto
INFO Deleted Message RecoverLeaseRequestProto
INFO Deleted Message GetFileLinkInfoResponseProto
INFO Deleted Message FinalizeUpgradeRequestProto
INFO Deleted Message DeleteSnapshotResponseProto
INFO Deleted Message Rename2RequestProto
INFO Deleted Message CheckAccessRequestProto
INFO Deleted Message ListCorruptFileBlocksRequestProto
INFO Deleted Message RollingUpgradeInfoProto
INFO Deleted Message MsyncResponseProto
INFO Deleted Message GetDataEncryptionKeyResponseProto
INFO Deleted Message RestoreFailedStorageRequestProto
INFO Deleted Message CacheDirectiveEntryProto
INFO Deleted Message MsyncRequestProto
INFO Deleted Message GetPreferredBlockSizeResponseProto
INFO Deleted Message AddCacheDirectiveResponseProto
INFO Deleted Message UpdatePipelineRequestProto
INFO Deleted Message DisallowSnapshotRequestProto
INFO Deleted Message GetAdditionalDatanodeResponseProto
INFO Deleted Message HAServiceStateResponseProto
INFO Deleted Message GetQuotaUsageRequestProto
INFO Deleted Message RollingUpgradeResponseProto
INFO Deleted Message SetTimesRequestProto
INFO Deleted Message GetEditsFromTxidRequestProto
INFO Deleted Message AllowSnapshotRequestProto
INFO Deleted Message SetSafeModeRequestProto
INFO Deleted Message GetBlockLocationsRequestProto
INFO Deleted Message UnsetStoragePolicyResponseProto
INFO Deleted Message ModifyCacheDirectiveRequestProto
INFO Deleted Message GetDataEncryptionKeyRequestProto
INFO Deleted Message RenewLeaseResponseProto
INFO Deleted Message RestoreFailedStorageResponseProto
INFO Deleted Message TruncateResponseProto
INFO Deleted Message DeleteResponseProto
INFO Deleted Message GetDatanodeReportResponseProto
INFO Deleted Message SetBalancerBandwidthResponseProto
INFO Deleted Message HAServiceStateRequestProto
INFO Deleted Message MetaSaveResponseProto
INFO Deleted Message RemoveCacheDirectiveResponseProto
INFO Deleted Message GetEditsFromTxidResponseProto
INFO Deleted Message RemoveCacheDirectiveRequestProto
INFO Deleted Message GetStoragePolicyRequestProto
INFO Deleted Message CachePoolInfoProto
INFO Deleted Message GetAdditionalDatanodeRequestProto
INFO Deleted Message DeleteSnapshotRequestProto
INFO Deleted Message IsFileClosedResponseProto
INFO Delete Enum in Message CreateFlagProto: {'LAZY_PERSIST': 16, 'CREATE': 1, 'OVERWRITE': 2, 'NEW_BLOCK': 32, 'APPEND': 4}
INFO Delete Enum in Message SafeModeActionProto: {'SAFEMODE_LEAVE': 1, 'SAFEMODE_ENTER': 2, 'SAFEMODE_GET': 3, 'SAFEMODE_FORCE_EXIT': 4}
INFO Delete Enum in Message DatanodeReportTypeProto: {'ENTERING_MAINTENANCE': 5, 'DECOMMISSIONING': 4, 'LIVE': 2, 'IN_MAINTENANCE': 6, 'ALL': 1, 'DEAD': 3}
INFO Delete Enum in Message RollingUpgradeActionProto: {'FINALIZE': 3, 'QUERY': 1, 'START': 2}
INFO Delete Enum in Message CacheFlagProto: {'FORCE': 1}
INFO Delete Enum in Message AddBlockFlagProto: {'NO_LOCAL_WRITE': 1}
INFO Deleted Message StorageUuidsProto
INFO Added Field In Message RecoveringBlockProto: blockIndices AST: optional bytes blockIndices = 5 ../hadoop/hadoop-hdfs-project/hadoop-hdfs/src/main/proto/HdfsServer.proto
INFO Added Field In Message RecoveringBlockProto: ecPolicy AST: optional ErasureCodingPolicyProto ecPolicy = 4 ../hadoop/hadoop-hdfs-project/hadoop-hdfs/src/main/proto/HdfsServer.proto
INFO Added Field In Message BlockWithLocationsProto: dataBlockNum AST: optional uint32 dataBlockNum = 6 ../hadoop/hadoop-hdfs-project/hadoop-hdfs/src/main/proto/HdfsServer.proto
INFO Added Field In Message BlockWithLocationsProto: cellSize AST: optional uint32 cellSize = 7 ../hadoop/hadoop-hdfs-project/hadoop-hdfs/src/main/proto/HdfsServer.proto
INFO Added Field In Message BlockWithLocationsProto: indices AST: optional bytes indices = 5 ../hadoop/hadoop-hdfs-project/hadoop-hdfs/src/main/proto/HdfsServer.proto
INFO Deleted Message CachingStrategyProto
INFO Deleted Message BlockOpResponseProto
INFO Deleted Message OpTransferBlockProto
INFO Deleted Message OpBlockChecksumResponseProto
INFO Deleted Message BaseHeaderProto
INFO Deleted Message ShortCircuitShmSlotProto
INFO Deleted Message OpReplaceBlockProto
INFO Deleted Message PipelineAckProto
INFO Deleted Message ReadOpChecksumInfoProto
INFO Deleted Message HandshakeSecretProto
INFO Deleted Message ShortCircuitShmIdProto
INFO Deleted Message DataTransferEncryptorMessageProto
INFO Deleted Message ReleaseShortCircuitAccessResponseProto
INFO Deleted Message OpRequestShortCircuitAccessProto
INFO Deleted Message OpWriteBlockProto
INFO Deleted Message ChecksumProto
INFO Deleted Message PacketHeaderProto
INFO Deleted Message DNTransferAckProto
INFO Deleted Message OpCopyBlockProto
INFO Deleted Message ClientReadStatusProto
INFO Deleted Message ShortCircuitShmResponseProto
INFO Deleted Message DataTransferTraceInfoProto
INFO Deleted Message ShortCircuitShmRequestProto
INFO Deleted Message OpReadBlockProto
INFO Deleted Message ClientOperationHeaderProto
INFO Deleted Message OpCustomProto
INFO Deleted Message ReleaseShortCircuitAccessRequestProto
INFO Deleted Message OpBlockChecksumProto
INFO Delete Enum in Message ShortCircuitFdResponse: {'DO_NOT_USE_RECEIPT_VERIFICATION': 0, 'USE_RECEIPT_VERIFICATION': 1}
INFO Delete Enum in Message Status: {'ERROR_INVALID': 3, 'SUCCESS': 0, 'OOB_RESERVED2': 10, 'CHECKSUM_OK': 6, 'ERROR': 1, 'ERROR_CHECKSUM': 2, 'IN_PROGRESS': 12, 'OOB_RESERVED3': 11, 'ERROR_ACCESS_TOKEN': 5, 'OOB_RESERVED1': 9, 'OOB_RESTART': 8, 'ERROR_UNSUPPORTED': 7, 'ERROR_EXISTS': 4}
INFO Added Message CredentialsKVProto
INFO Added Message CredentialsProto
INFO Added Message DockerCredentialTokenIdentifierProto
INFO Added Field In Message ContainerTokenIdentifierProto: allocation_tags AST: repeated string allocation_tags = 16 ../hadoop/hadoop-yarn-project/hadoop-yarn/hadoop-yarn-common/src/main/proto/yarn_security_token.proto
INFO Added Field In Message ContainerTokenIdentifierProto: allocation_request_id AST: optional int64 allocation_request_id = 15 ../hadoop/hadoop-yarn-project/hadoop-yarn/hadoop-yarn-common/src/main/proto/yarn_security_token.proto
INFO Deleted Message ListReconfigurablePropertiesRequestProto
INFO Deleted Message GetReconfigurationStatusRequestProto
INFO Deleted Message StartReconfigurationResponseProto
INFO Deleted Message GetReconfigurationStatusConfigChangeProto
INFO Deleted Message GetReconfigurationStatusResponseProto
INFO Deleted Message StartReconfigurationRequestProto
INFO Deleted Message ListReconfigurablePropertiesResponseProto
INFO Deleted Message SetXAttrRequestProto
INFO Deleted Message XAttrProto
INFO Deleted Message GetXAttrsResponseProto
INFO Deleted Message ListXAttrsRequestProto
INFO Deleted Message SetXAttrResponseProto
INFO Deleted Message ListXAttrsResponseProto
INFO Deleted Message GetXAttrsRequestProto
INFO Deleted Message RemoveXAttrRequestProto
INFO Deleted Message RemoveXAttrResponseProto
INFO Delete Enum in Message XAttrSetFlagProto: {'XATTR_CREATE': 1, 'XATTR_REPLACE': 2}
INFO Added Field In Message OpportunisticContainersStatusProto: opport_queue_capacity AST: optional int32 opport_queue_capacity = 7 ../hadoop/hadoop-yarn-project/hadoop-yarn/hadoop-yarn-server/hadoop-yarn-server-common/src/main/proto/yarn_server_common_protos.proto
