False
../hadoop/hadoop-yarn-project/hadoop-yarn/hadoop-yarn-server/hadoop-yarn-server-resourcemanager/src/main/proto/yarn_server_resourcemanager_recovery.proto
../hadoop/hadoop-yarn-project/hadoop-yarn/hadoop-yarn-api/src/main/proto/yarn_service_protos.proto
../hadoop/hadoop-yarn-project/hadoop-yarn/hadoop-yarn-api/src/main/proto/yarn_protos.proto
../hadoop/hadoop-common-project/hadoop-common/src/test/proto/test_rpc_service.proto
../hadoop/hadoop-common-project/hadoop-common/src/test/proto/test.proto
../hadoop/hadoop-common-project/hadoop-common/src/main/proto/HAServiceProtocol.proto
../hadoop/hadoop-common-project/hadoop-common/src/main/proto/RpcHeader.proto
../hadoop/hadoop-common-project/hadoop-common/src/main/proto/Security.proto
../hadoop/hadoop-hdfs-project/hadoop-hdfs-client/src/main/proto/encryption.proto
../hadoop/hadoop-hdfs-project/hadoop-hdfs-client/src/main/proto/datatransfer.proto
../hadoop/hadoop-hdfs-project/hadoop-hdfs-client/src/main/proto/ClientDatanodeProtocol.proto
../hadoop/hadoop-hdfs-project/hadoop-hdfs-client/src/main/proto/acl.proto
../hadoop/hadoop-hdfs-project/hadoop-hdfs-client/src/main/proto/hdfs.proto
../hadoop/hadoop-hdfs-project/hadoop-hdfs-client/src/main/proto/ClientNamenodeProtocol.proto
../hadoop/hadoop-hdfs-project/hadoop-hdfs-rbf/src/main/proto/RouterProtocol.proto
../hadoop/hadoop-hdfs-project/hadoop-hdfs-rbf/src/main/proto/FederationProtocol.proto
../hadoop/hadoop-hdfs-project/hadoop-hdfs/src/contrib/bkjournal/src/main/proto/bkjournal.proto
../hadoop/hadoop-hdfs-project/hadoop-hdfs/src/main/proto/QJournalProtocol.proto
../hadoop/hadoop-hdfs-project/hadoop-hdfs/src/main/proto/HdfsServer.proto
../hadoop/hadoop-hdfs-project/hadoop-hdfs/src/main/proto/DatanodeProtocol.proto
../hadoop/hadoop-hdfs-project/hadoop-hdfs/src/main/proto/fsimage.proto
../hadoop/hadoop-yarn-project/hadoop-yarn/hadoop-yarn-server/hadoop-yarn-server-resourcemanager/src/main/proto/yarn_server_resourcemanager_recovery.proto
../hadoop/hadoop-yarn-project/hadoop-yarn/hadoop-yarn-api/src/main/proto/yarn_service_protos.proto
../hadoop/hadoop-yarn-project/hadoop-yarn/hadoop-yarn-api/src/main/proto/yarn_protos.proto
../hadoop/hadoop-common-project/hadoop-common/src/test/proto/test_rpc_service.proto
../hadoop/hadoop-common-project/hadoop-common/src/test/proto/test.proto
../hadoop/hadoop-common-project/hadoop-common/src/main/proto/FSProtos.proto
../hadoop/hadoop-common-project/hadoop-common/src/main/proto/HAServiceProtocol.proto
../hadoop/hadoop-common-project/hadoop-common/src/main/proto/RpcHeader.proto
../hadoop/hadoop-common-project/hadoop-common/src/main/proto/Security.proto
../hadoop/hadoop-hdfs-project/hadoop-hdfs-client/src/main/proto/encryption.proto
../hadoop/hadoop-hdfs-project/hadoop-hdfs-client/src/main/proto/datatransfer.proto
../hadoop/hadoop-hdfs-project/hadoop-hdfs-client/src/main/proto/ClientDatanodeProtocol.proto
../hadoop/hadoop-hdfs-project/hadoop-hdfs-client/src/main/proto/acl.proto
../hadoop/hadoop-hdfs-project/hadoop-hdfs-client/src/main/proto/hdfs.proto
../hadoop/hadoop-hdfs-project/hadoop-hdfs-client/src/main/proto/ClientNamenodeProtocol.proto
../hadoop/hadoop-hdfs-project/hadoop-hdfs-client/src/main/proto/erasurecoding.proto
../hadoop/hadoop-hdfs-project/hadoop-hdfs/src/main/proto/RouterProtocol.proto
../hadoop/hadoop-hdfs-project/hadoop-hdfs/src/main/proto/FederationProtocol.proto
../hadoop/hadoop-hdfs-project/hadoop-hdfs/src/main/proto/QJournalProtocol.proto
../hadoop/hadoop-hdfs-project/hadoop-hdfs/src/main/proto/HdfsServer.proto
../hadoop/hadoop-hdfs-project/hadoop-hdfs/src/main/proto/DatanodeProtocol.proto
../hadoop/hadoop-hdfs-project/hadoop-hdfs/src/main/proto/fsimage.proto
INFO Deleted Message TransitionToObserverResponseProto
INFO Deleted Message TransitionToObserverRequestProto
Delete Field in Enum HAServiceStateProto Key: OBSERVER Value 3
INFO Deleted Field In Message #AllocateResponseProto: increased_containers AST: repeated ContainerResourceIncreaseProto increased_containers = 10
INFO Deleted Field In Message #AllocateResponseProto: decreased_containers AST: repeated ContainerResourceDecreaseProto decreased_containers = 11
INFO Added Field In Message RegisterApplicationMasterResponseProto: resource_types AST: repeated ResourceTypeInfoProto resource_types = 9 ../hadoop/hadoop-yarn-project/hadoop-yarn/hadoop-yarn-api/src/main/proto/yarn_service_protos.proto
INFO Deleted Field In Message #AllocateRequestProto: tracking_url AST: optional string tracking_url = 11
INFO Deleted Field In Message #AllocateRequestProto: increase_request AST: repeated ContainerResourceIncreaseRequestProto increase_request = 6
INFO Added Message ListReencryptionStatusRequestProto
INFO Added Message ReencryptEncryptionZoneRequestProto
INFO Added Message ZoneReencryptionStatusProto
INFO Added Message ListReencryptionStatusResponseProto
INFO Added Message ReencryptEncryptionZoneResponseProto
INFO Add Enum in Message ReencryptionStateProto: {'SUBMITTED': 1, 'COMPLETED': 3, 'PROCESSING': 2}
INFO Add Enum in Message ReencryptActionProto: {'CANCEL_REENCRYPT': 1, 'START_REENCRYPT': 2}
INFO Added Message DiskBalancerSettingRequestProto
INFO Added Message DiskBalancerSettingResponseProto
INFO Added Message SubmitDiskBalancerPlanRequestProto
INFO Added Message QueryPlanStatusRequestProto
INFO Added Message CancelPlanResponseProto
INFO Added Message SubmitDiskBalancerPlanResponseProto
INFO Added Message CancelPlanRequestProto
INFO Added Message QueryPlanStatusResponseProto
INFO Deleted Message GetHdfsBlockLocationsResponseProto
INFO Deleted Message GetHdfsBlockLocationsRequestProto
INFO Added Message BlockECReconstructionCommandProto
INFO Added Field In Message DatanodeCommandProto: blkECReconstructionCmd AST: optional BlockECReconstructionCommandProto blkECReconstructionCmd = 9 ../hadoop/hadoop-hdfs-project/hadoop-hdfs/src/main/proto/DatanodeProtocol.proto
INFO Added Field In Message BlockReportContextProto: sorted AST: optional bool sorted = 5 ../hadoop/hadoop-hdfs-project/hadoop-hdfs/src/main/proto/DatanodeProtocol.proto
INFO Added Message OpBlockGroupChecksumProto
INFO Deleted Message HandshakeSecretProto
INFO Added Field In Message OpWriteBlockProto: storageId AST: optional string storageId = 16 ../hadoop/hadoop-hdfs-project/hadoop-hdfs-client/src/main/proto/datatransfer.proto
INFO Added Field In Message OpWriteBlockProto: targetStorageIds AST: repeated string targetStorageIds = 17 ../hadoop/hadoop-hdfs-project/hadoop-hdfs-client/src/main/proto/datatransfer.proto
INFO Added Field In Message OpTransferBlockProto: targetStorageIds AST: repeated string targetStorageIds = 4 ../hadoop/hadoop-hdfs-project/hadoop-hdfs-client/src/main/proto/datatransfer.proto
INFO Added Field In Message OpReplaceBlockProto: storageId AST: optional string storageId = 5 ../hadoop/hadoop-hdfs-project/hadoop-hdfs-client/src/main/proto/datatransfer.proto
INFO Deleted Field In Message #DataTransferEncryptorMessageProto: handshakeSecret AST: optional HandshakeSecretProto handshakeSecret = 5
Add Field in Enum Status Key: ERROR_BLOCK_PINNED Value 13
INFO Added Message GetFsECBlockGroupStatsRequestProto
INFO Added Message GetFsECBlockGroupStatsResponseProto
INFO Added Message GetFsReplicatedBlockStatsResponseProto
INFO Added Message GetFsReplicatedBlockStatsRequestProto
INFO Deleted Message MsyncRequestProto
INFO Deleted Message HAServiceStateRequestProto
INFO Deleted Message HAServiceStateResponseProto
INFO Deleted Message MsyncResponseProto
INFO Added Field In Message SaveNamespaceRequestProto: timeWindow AST: optional uint64 timeWindow = 1 ../hadoop/hadoop-hdfs-project/hadoop-hdfs-client/src/main/proto/ClientNamenodeProtocol.proto
INFO Added Field In Message SaveNamespaceRequestProto: txGap AST: optional uint64 txGap = 2 ../hadoop/hadoop-hdfs-project/hadoop-hdfs-client/src/main/proto/ClientNamenodeProtocol.proto
INFO Added Field In Message CreateRequestProto: unmasked AST: optional FsPermissionProto unmasked = 9 ../hadoop/hadoop-hdfs-project/hadoop-hdfs-client/src/main/proto/ClientNamenodeProtocol.proto
INFO Added Field In Message CreateRequestProto: ecPolicyName AST: optional string ecPolicyName = 10 ../hadoop/hadoop-hdfs-project/hadoop-hdfs-client/src/main/proto/ClientNamenodeProtocol.proto
INFO Added Field In Message SaveNamespaceResponseProto: saved AST: optional bool saved = 1 ../hadoop/hadoop-hdfs-project/hadoop-hdfs-client/src/main/proto/ClientNamenodeProtocol.proto
INFO Added Field In Message MkdirsRequestProto: unmasked AST: optional FsPermissionProto unmasked = 4 ../hadoop/hadoop-hdfs-project/hadoop-hdfs-client/src/main/proto/ClientNamenodeProtocol.proto
Add Field in Enum CreateFlagProto Key: SHOULD_REPLICATE Value 128
INFO Deleted Field In Message #RpcResponseHeaderProto: stateId AST: optional int64 stateId = 9
INFO Deleted Field In Message #RpcRequestHeaderProto: stateId AST: optional int64 stateId = 8
INFO Added Message ECSchemaProto
INFO Added Message StorageUuidsProto
INFO Added Message ErasureCodingPolicyProto
INFO Added Message ReencryptionInfoProto
INFO Added Message ECSchemaOptionEntryProto
INFO Added Message AddErasureCodingPolicyResponseProto
INFO Added Message BlockTokenSecretProto
INFO Deleted Message FsPermissionProto
INFO Added Field In Message LocatedBlocksProto: ecPolicy AST: optional ErasureCodingPolicyProto ecPolicy = 7 ../hadoop/hadoop-hdfs-project/hadoop-hdfs-client/src/main/proto/hdfs.proto
INFO Added Field In Message ZoneEncryptionInfoProto: reencryptionProto AST: optional ReencryptionInfoProto reencryptionProto = 4 ../hadoop/hadoop-hdfs-project/hadoop-hdfs-client/src/main/proto/hdfs.proto
INFO Added Field In Message ContentSummaryProto: erasureCodingPolicy AST: optional string erasureCodingPolicy = 12 ../hadoop/hadoop-hdfs-project/hadoop-hdfs-client/src/main/proto/hdfs.proto
INFO Added Field In Message HdfsFileStatusProto: flags AST: optional uint32 flags = 18 ../hadoop/hadoop-hdfs-project/hadoop-hdfs-client/src/main/proto/hdfs.proto
INFO Added Field In Message HdfsFileStatusProto: ecPolicy AST: optional ErasureCodingPolicyProto ecPolicy = 17 ../hadoop/hadoop-hdfs-project/hadoop-hdfs-client/src/main/proto/hdfs.proto
INFO Added Field In Message LocatedBlockProto: blockIndices AST: optional bytes blockIndices = 9 ../hadoop/hadoop-hdfs-project/hadoop-hdfs-client/src/main/proto/hdfs.proto
INFO Added Field In Message LocatedBlockProto: blockTokens AST: repeated hadoop.common.TokenProto blockTokens = 10 ../hadoop/hadoop-hdfs-project/hadoop-hdfs-client/src/main/proto/hdfs.proto
INFO Add Enum in Message ErasureCodingPolicyState: {'ENABLED': 2, 'DISABLED': 1, 'REMOVED': 3}
INFO Add Enum in Message BlockTypeProto: {'CONTIGUOUS': 0, 'STRIPED': 1}
INFO Add Enum in Message AccessModeProto: {'REPLACE': 4, 'READ': 1, 'WRITE': 2, 'COPY': 3}
INFO Deleted Message GetJournaledEditsResponseProto
INFO Deleted Message GetJournaledEditsRequestProto
INFO Added Field In Message JournalRequestProto: nameServiceId AST: optional string nameServiceId = 6 ../hadoop/hadoop-hdfs-project/hadoop-hdfs/src/main/proto/QJournalProtocol.proto
INFO Added Field In Message DoFinalizeRequestProto: nameServiceId AST: optional string nameServiceId = 2 ../hadoop/hadoop-hdfs-project/hadoop-hdfs/src/main/proto/QJournalProtocol.proto
INFO Added Field In Message DiscardSegmentsRequestProto: nameServiceId AST: optional string nameServiceId = 3 ../hadoop/hadoop-hdfs-project/hadoop-hdfs/src/main/proto/QJournalProtocol.proto
INFO Added Field In Message IsFormattedRequestProto: nameServiceId AST: optional string nameServiceId = 2 ../hadoop/hadoop-hdfs-project/hadoop-hdfs/src/main/proto/QJournalProtocol.proto
INFO Added Field In Message CanRollBackRequestProto: nameServiceId AST: optional string nameServiceId = 5 ../hadoop/hadoop-hdfs-project/hadoop-hdfs/src/main/proto/QJournalProtocol.proto
INFO Added Field In Message GetJournalCTimeRequestProto: nameServiceId AST: optional string nameServiceId = 2 ../hadoop/hadoop-hdfs-project/hadoop-hdfs/src/main/proto/QJournalProtocol.proto
INFO Added Field In Message NewEpochRequestProto: nameServiceId AST: optional string nameServiceId = 4 ../hadoop/hadoop-hdfs-project/hadoop-hdfs/src/main/proto/QJournalProtocol.proto
INFO Added Field In Message FormatRequestProto: nameServiceId AST: optional string nameServiceId = 3 ../hadoop/hadoop-hdfs-project/hadoop-hdfs/src/main/proto/QJournalProtocol.proto
INFO Added Field In Message GetEditLogManifestRequestProto: nameServiceId AST: optional string nameServiceId = 5 ../hadoop/hadoop-hdfs-project/hadoop-hdfs/src/main/proto/QJournalProtocol.proto
INFO Added Field In Message GetJournalStateRequestProto: nameServiceId AST: optional string nameServiceId = 2 ../hadoop/hadoop-hdfs-project/hadoop-hdfs/src/main/proto/QJournalProtocol.proto
INFO Added Field In Message RequestInfoProto: nameServiceId AST: optional string nameServiceId = 5 ../hadoop/hadoop-hdfs-project/hadoop-hdfs/src/main/proto/QJournalProtocol.proto
INFO Added Field In Message DoRollbackRequestProto: nameserviceId AST: optional string nameserviceId = 2 ../hadoop/hadoop-hdfs-project/hadoop-hdfs/src/main/proto/QJournalProtocol.proto
INFO Added Message FsPermissionProto
INFO Added Message CredentialsProto
INFO Added Message CredentialsKVProto
INFO Added Message UserResponseProto
INFO Deleted Message AuthUserResponseProto
INFO Deleted Message StorageUuidsProto
INFO Added Field In Message RecoveringBlockProto: blockIndices AST: optional bytes blockIndices = 5 ../hadoop/hadoop-hdfs-project/hadoop-hdfs/src/main/proto/HdfsServer.proto
INFO Added Field In Message RecoveringBlockProto: ecPolicy AST: optional ErasureCodingPolicyProto ecPolicy = 4 ../hadoop/hadoop-hdfs-project/hadoop-hdfs/src/main/proto/HdfsServer.proto
INFO Added Field In Message BlockWithLocationsProto: indices AST: optional bytes indices = 5 ../hadoop/hadoop-hdfs-project/hadoop-hdfs/src/main/proto/HdfsServer.proto
INFO Added Field In Message BlockWithLocationsProto: dataBlockNum AST: optional uint32 dataBlockNum = 6 ../hadoop/hadoop-hdfs-project/hadoop-hdfs/src/main/proto/HdfsServer.proto
INFO Added Field In Message BlockWithLocationsProto: cellSize AST: optional uint32 cellSize = 7 ../hadoop/hadoop-hdfs-project/hadoop-hdfs/src/main/proto/HdfsServer.proto
