False
../hadoop/hadoop-yarn-project/hadoop-yarn/hadoop-yarn-server/hadoop-yarn-server-resourcemanager/src/main/proto/yarn_server_resourcemanager_recovery.proto
../hadoop/hadoop-yarn-project/hadoop-yarn/hadoop-yarn-server/hadoop-yarn-server-nodemanager/src/main/proto/yarn_server_nodemanager_recovery.proto
../hadoop/hadoop-yarn-project/hadoop-yarn/hadoop-yarn-server/hadoop-yarn-server-common/src/main/proto/yarn_server_common_protos.proto
../hadoop/hadoop-yarn-project/hadoop-yarn/hadoop-yarn-server/hadoop-yarn-server-common/src/main/proto/yarn_server_common_service_protos.proto
../hadoop/hadoop-yarn-project/hadoop-yarn/hadoop-yarn-api/src/main/proto/yarn_service_protos.proto
../hadoop/hadoop-yarn-project/hadoop-yarn/hadoop-yarn-api/src/main/proto/applicationclient_protocol.proto
../hadoop/hadoop-yarn-project/hadoop-yarn/hadoop-yarn-api/src/main/proto/yarn_protos.proto
../hadoop/hadoop-yarn-project/hadoop-yarn/hadoop-yarn-common/src/main/proto/yarn_security_token.proto
../hadoop/hadoop-common-project/hadoop-common/src/test/proto/test_rpc_service.proto
../hadoop/hadoop-common-project/hadoop-common/src/test/proto/test.proto
../hadoop/hadoop-common-project/hadoop-common/src/main/proto/HAServiceProtocol.proto
../hadoop/hadoop-common-project/hadoop-common/src/main/proto/RpcHeader.proto
../hadoop/hadoop-common-project/hadoop-common/src/main/proto/Security.proto
../hadoop/hadoop-hdfs-project/hadoop-hdfs-client/src/main/proto/encryption.proto
../hadoop/hadoop-hdfs-project/hadoop-hdfs-client/src/main/proto/datatransfer.proto
../hadoop/hadoop-hdfs-project/hadoop-hdfs-client/src/main/proto/ClientDatanodeProtocol.proto
../hadoop/hadoop-hdfs-project/hadoop-hdfs-client/src/main/proto/acl.proto
../hadoop/hadoop-hdfs-project/hadoop-hdfs-client/src/main/proto/hdfs.proto
../hadoop/hadoop-hdfs-project/hadoop-hdfs-client/src/main/proto/ClientNamenodeProtocol.proto
../hadoop/hadoop-hdfs-project/hadoop-hdfs-rbf/src/main/proto/RouterProtocol.proto
../hadoop/hadoop-hdfs-project/hadoop-hdfs-rbf/src/main/proto/FederationProtocol.proto
../hadoop/hadoop-hdfs-project/hadoop-hdfs/src/contrib/bkjournal/src/main/proto/bkjournal.proto
../hadoop/hadoop-hdfs-project/hadoop-hdfs/src/main/proto/NamenodeProtocol.proto
../hadoop/hadoop-hdfs-project/hadoop-hdfs/src/main/proto/QJournalProtocol.proto
../hadoop/hadoop-hdfs-project/hadoop-hdfs/src/main/proto/HdfsServer.proto
../hadoop/hadoop-hdfs-project/hadoop-hdfs/src/main/proto/DatanodeProtocol.proto
../hadoop/hadoop-hdfs-project/hadoop-hdfs/src/main/proto/fsimage.proto
../hadoop/hadoop-yarn-project/hadoop-yarn/hadoop-yarn-server/hadoop-yarn-server-resourcemanager/src/main/proto/yarn_server_resourcemanager_recovery.proto
../hadoop/hadoop-yarn-project/hadoop-yarn/hadoop-yarn-server/hadoop-yarn-server-nodemanager/src/main/proto/yarn_server_nodemanager_recovery.proto
../hadoop/hadoop-yarn-project/hadoop-yarn/hadoop-yarn-server/hadoop-yarn-server-common/src/main/proto/yarn_server_common_protos.proto
../hadoop/hadoop-yarn-project/hadoop-yarn/hadoop-yarn-server/hadoop-yarn-server-common/src/main/proto/yarn_server_common_service_protos.proto
../hadoop/hadoop-yarn-project/hadoop-yarn/hadoop-yarn-api/src/main/proto/yarn_service_protos.proto
../hadoop/hadoop-yarn-project/hadoop-yarn/hadoop-yarn-api/src/main/proto/applicationclient_protocol.proto
../hadoop/hadoop-yarn-project/hadoop-yarn/hadoop-yarn-api/src/main/proto/yarn_protos.proto
../hadoop/hadoop-yarn-project/hadoop-yarn/hadoop-yarn-common/src/main/proto/yarn_security_token.proto
../hadoop/hadoop-yarn-project/hadoop-yarn/hadoop-yarn-applications/hadoop-yarn-services/hadoop-yarn-services-core/src/main/proto/ClientAMProtocol.proto
../hadoop/hadoop-common-project/hadoop-common/src/test/proto/test_rpc_service.proto
../hadoop/hadoop-common-project/hadoop-common/src/test/proto/test.proto
../hadoop/hadoop-common-project/hadoop-common/src/main/proto/FSProtos.proto
../hadoop/hadoop-common-project/hadoop-common/src/main/proto/HAServiceProtocol.proto
../hadoop/hadoop-common-project/hadoop-common/src/main/proto/RpcHeader.proto
../hadoop/hadoop-common-project/hadoop-common/src/main/proto/Security.proto
../hadoop/hadoop-hdfs-project/hadoop-hdfs-client/src/main/proto/encryption.proto
../hadoop/hadoop-hdfs-project/hadoop-hdfs-client/src/main/proto/datatransfer.proto
../hadoop/hadoop-hdfs-project/hadoop-hdfs-client/src/main/proto/ClientDatanodeProtocol.proto
../hadoop/hadoop-hdfs-project/hadoop-hdfs-client/src/main/proto/acl.proto
../hadoop/hadoop-hdfs-project/hadoop-hdfs-client/src/main/proto/hdfs.proto
../hadoop/hadoop-hdfs-project/hadoop-hdfs-client/src/main/proto/ClientNamenodeProtocol.proto
../hadoop/hadoop-hdfs-project/hadoop-hdfs-client/src/main/proto/erasurecoding.proto
../hadoop/hadoop-hdfs-project/hadoop-hdfs-rbf/src/main/proto/RouterProtocol.proto
../hadoop/hadoop-hdfs-project/hadoop-hdfs-rbf/src/main/proto/FederationProtocol.proto
../hadoop/hadoop-hdfs-project/hadoop-hdfs/src/main/proto/NamenodeProtocol.proto
../hadoop/hadoop-hdfs-project/hadoop-hdfs/src/main/proto/AliasMapProtocol.proto
../hadoop/hadoop-hdfs-project/hadoop-hdfs/src/main/proto/InterQJournalProtocol.proto
../hadoop/hadoop-hdfs-project/hadoop-hdfs/src/main/proto/QJournalProtocol.proto
../hadoop/hadoop-hdfs-project/hadoop-hdfs/src/main/proto/HdfsServer.proto
../hadoop/hadoop-hdfs-project/hadoop-hdfs/src/main/proto/DatanodeProtocol.proto
../hadoop/hadoop-hdfs-project/hadoop-hdfs/src/main/proto/fsimage.proto
INFO Deleted Message TransitionToObserverResponseProto
INFO Deleted Message TransitionToObserverRequestProto
Delete Field in Enum HAServiceStateProto Key: OBSERVER Value 3
INFO Added Message GetSnapshotDiffReportListingRequestProto
INFO Added Message GetFsECBlockGroupStatsRequestProto
INFO Added Message GetLocatedFileInfoResponseProto
INFO Added Message GetFsReplicatedBlockStatsRequestProto
INFO Added Message GetFsECBlockGroupStatsResponseProto
INFO Added Message GetLocatedFileInfoRequestProto
INFO Added Message GetSnapshotDiffReportListingResponseProto
INFO Added Message GetFsReplicatedBlockStatsResponseProto
INFO Deleted Message HAServiceStateRequestProto
INFO Deleted Message MsyncResponseProto
INFO Deleted Message MsyncRequestProto
INFO Deleted Message HAServiceStateResponseProto
INFO Added Field In Message MkdirsRequestProto: unmasked AST: optional FsPermissionProto unmasked = 4 ../hadoop/hadoop-hdfs-project/hadoop-hdfs-client/src/main/proto/ClientNamenodeProtocol.proto
INFO Added Field In Message SaveNamespaceResponseProto: saved AST: optional bool saved = 1 ../hadoop/hadoop-hdfs-project/hadoop-hdfs-client/src/main/proto/ClientNamenodeProtocol.proto
INFO Added Field In Message SaveNamespaceRequestProto: timeWindow AST: optional uint64 timeWindow = 1 ../hadoop/hadoop-hdfs-project/hadoop-hdfs-client/src/main/proto/ClientNamenodeProtocol.proto
INFO Added Field In Message SaveNamespaceRequestProto: txGap AST: optional uint64 txGap = 2 ../hadoop/hadoop-hdfs-project/hadoop-hdfs-client/src/main/proto/ClientNamenodeProtocol.proto
INFO Added Field In Message ListOpenFilesRequestProto: path AST: optional string path = 3 ../hadoop/hadoop-hdfs-project/hadoop-hdfs-client/src/main/proto/ClientNamenodeProtocol.proto
INFO Added Field In Message ListOpenFilesRequestProto: types AST: repeated OpenFilesTypeProto types = 2 ../hadoop/hadoop-hdfs-project/hadoop-hdfs-client/src/main/proto/ClientNamenodeProtocol.proto
INFO Added Field In Message CreateRequestProto: unmasked AST: optional FsPermissionProto unmasked = 9 ../hadoop/hadoop-hdfs-project/hadoop-hdfs-client/src/main/proto/ClientNamenodeProtocol.proto
INFO Added Field In Message CreateRequestProto: ecPolicyName AST: optional string ecPolicyName = 10 ../hadoop/hadoop-hdfs-project/hadoop-hdfs-client/src/main/proto/ClientNamenodeProtocol.proto
INFO Added Field In Message ListOpenFilesResponseProto: types AST: repeated OpenFilesTypeProto types = 3 ../hadoop/hadoop-hdfs-project/hadoop-hdfs-client/src/main/proto/ClientNamenodeProtocol.proto
INFO Add Enum in Message OpenFilesTypeProto: {'ALL_OPEN_FILES': 1, 'BLOCKING_DECOMMISSION': 2}
Add Field in Enum CreateFlagProto Key: SHOULD_REPLICATE Value 128
INFO Added Message CredentialsKVProto
INFO Added Message CredentialsProto
INFO Added Field In Message GetBlocksRequestProto: minBlockSize AST: optional uint64 minBlockSize = 3 ../hadoop/hadoop-hdfs-project/hadoop-hdfs/src/main/proto/NamenodeProtocol.proto
INFO Deleted Field In Message #RpcResponseHeaderProto: stateId AST: optional int64 stateId = 9
INFO Deleted Field In Message #RpcRequestHeaderProto: stateId AST: optional int64 stateId = 8
INFO Added Field In Message DeletionServiceDeleteTaskProto: dockerContainerId AST: optional string dockerContainerId = 8 ../hadoop/hadoop-yarn-project/hadoop-yarn/hadoop-yarn-server/hadoop-yarn-server-nodemanager/src/main/proto/yarn_server_nodemanager_recovery.proto
INFO Deleted Message GetJournaledEditsRequestProto
INFO Deleted Message GetJournaledEditsResponseProto
INFO Added Field In Message CanRollBackRequestProto: nameServiceId AST: optional string nameServiceId = 5 ../hadoop/hadoop-hdfs-project/hadoop-hdfs/src/main/proto/QJournalProtocol.proto
INFO Added Field In Message DiscardSegmentsRequestProto: nameServiceId AST: optional string nameServiceId = 3 ../hadoop/hadoop-hdfs-project/hadoop-hdfs/src/main/proto/QJournalProtocol.proto
INFO Added Field In Message RequestInfoProto: nameServiceId AST: optional string nameServiceId = 5 ../hadoop/hadoop-hdfs-project/hadoop-hdfs/src/main/proto/QJournalProtocol.proto
INFO Added Field In Message DoFinalizeRequestProto: nameServiceId AST: optional string nameServiceId = 2 ../hadoop/hadoop-hdfs-project/hadoop-hdfs/src/main/proto/QJournalProtocol.proto
INFO Added Field In Message GetEditLogManifestRequestProto: nameServiceId AST: optional string nameServiceId = 5 ../hadoop/hadoop-hdfs-project/hadoop-hdfs/src/main/proto/QJournalProtocol.proto
INFO Added Field In Message JournalRequestProto: nameServiceId AST: optional string nameServiceId = 6 ../hadoop/hadoop-hdfs-project/hadoop-hdfs/src/main/proto/QJournalProtocol.proto
INFO Added Field In Message GetJournalStateRequestProto: nameServiceId AST: optional string nameServiceId = 2 ../hadoop/hadoop-hdfs-project/hadoop-hdfs/src/main/proto/QJournalProtocol.proto
INFO Added Field In Message GetJournalCTimeRequestProto: nameServiceId AST: optional string nameServiceId = 2 ../hadoop/hadoop-hdfs-project/hadoop-hdfs/src/main/proto/QJournalProtocol.proto
INFO Added Field In Message NewEpochRequestProto: nameServiceId AST: optional string nameServiceId = 4 ../hadoop/hadoop-hdfs-project/hadoop-hdfs/src/main/proto/QJournalProtocol.proto
INFO Added Field In Message IsFormattedRequestProto: nameServiceId AST: optional string nameServiceId = 2 ../hadoop/hadoop-hdfs-project/hadoop-hdfs/src/main/proto/QJournalProtocol.proto
INFO Added Field In Message FormatRequestProto: nameServiceId AST: optional string nameServiceId = 3 ../hadoop/hadoop-hdfs-project/hadoop-hdfs/src/main/proto/QJournalProtocol.proto
INFO Added Field In Message DoRollbackRequestProto: nameserviceId AST: optional string nameserviceId = 2 ../hadoop/hadoop-hdfs-project/hadoop-hdfs/src/main/proto/QJournalProtocol.proto
INFO Added Field In Message OpportunisticContainersStatusProto: opport_queue_capacity AST: optional int32 opport_queue_capacity = 7 ../hadoop/hadoop-yarn-project/hadoop-yarn/hadoop-yarn-server/hadoop-yarn-server-common/src/main/proto/yarn_server_common_protos.proto
INFO Deleted Message GetDisabledNameservicesRequestProto
INFO Deleted Message EnableNameserviceResponseProto
INFO Deleted Message DisabledNameserviceRecordProto
INFO Deleted Message DisableNameserviceRequestProto
INFO Deleted Message DisableNameserviceResponseProto
INFO Deleted Message EnableNameserviceRequestProto
INFO Deleted Message GetDisabledNameservicesResponseProto
INFO Added Field In Message NamenodeMembershipStatsRecordProto: providedSpace AST: optional uint64 providedSpace = 3 ../hadoop/hadoop-hdfs-project/hadoop-hdfs-rbf/src/main/proto/FederationProtocol.proto
INFO Added Message OpBlockGroupChecksumProto
INFO Deleted Message HandshakeSecretProto
INFO Added Field In Message OpWriteBlockProto: targetStorageIds AST: repeated string targetStorageIds = 17 ../hadoop/hadoop-hdfs-project/hadoop-hdfs-client/src/main/proto/datatransfer.proto
INFO Added Field In Message OpWriteBlockProto: storageId AST: optional string storageId = 16 ../hadoop/hadoop-hdfs-project/hadoop-hdfs-client/src/main/proto/datatransfer.proto
INFO Added Field In Message OpReplaceBlockProto: storageId AST: optional string storageId = 5 ../hadoop/hadoop-hdfs-project/hadoop-hdfs-client/src/main/proto/datatransfer.proto
INFO Deleted Field In Message #DataTransferEncryptorMessageProto: handshakeSecret AST: optional HandshakeSecretProto handshakeSecret = 5
INFO Added Field In Message OpTransferBlockProto: targetStorageIds AST: repeated string targetStorageIds = 4 ../hadoop/hadoop-hdfs-project/hadoop-hdfs-client/src/main/proto/datatransfer.proto
Add Field in Enum Status Key: ERROR_BLOCK_PINNED Value 13
INFO Added Message ReencryptionInfoProto
INFO Added Message HdfsPathHandleProto
INFO Added Message SnapshotDiffReportCursorProto
INFO Added Message ErasureCodingPolicyProto
INFO Added Message ProvidedStorageLocationProto
INFO Added Message StorageUuidsProto
INFO Added Message SnapshotDiffReportListingEntryProto
INFO Added Message ECSchemaProto
INFO Added Message SnapshotDiffReportListingProto
INFO Added Message AddErasureCodingPolicyResponseProto
INFO Added Message ECSchemaOptionEntryProto
INFO Added Message BlockTokenSecretProto
INFO Deleted Message FsPermissionProto
INFO Added Field In Message ContentSummaryProto: erasureCodingPolicy AST: optional string erasureCodingPolicy = 12 ../hadoop/hadoop-hdfs-project/hadoop-hdfs-client/src/main/proto/hdfs.proto
INFO Added Field In Message LocatedBlocksProto: ecPolicy AST: optional ErasureCodingPolicyProto ecPolicy = 7 ../hadoop/hadoop-hdfs-project/hadoop-hdfs-client/src/main/proto/hdfs.proto
INFO Added Field In Message ZoneEncryptionInfoProto: reencryptionProto AST: optional ReencryptionInfoProto reencryptionProto = 4 ../hadoop/hadoop-hdfs-project/hadoop-hdfs-client/src/main/proto/hdfs.proto
INFO Added Field In Message DatanodeInfoProto: numBlocks AST: optional uint32 numBlocks = 17 ../hadoop/hadoop-hdfs-project/hadoop-hdfs-client/src/main/proto/hdfs.proto
INFO Added Field In Message HdfsFileStatusProto: ecPolicy AST: optional ErasureCodingPolicyProto ecPolicy = 17 ../hadoop/hadoop-hdfs-project/hadoop-hdfs-client/src/main/proto/hdfs.proto
INFO Added Field In Message HdfsFileStatusProto: flags AST: optional uint32 flags = 18 ../hadoop/hadoop-hdfs-project/hadoop-hdfs-client/src/main/proto/hdfs.proto
INFO Added Field In Message LocatedBlockProto: blockTokens AST: repeated hadoop.common.TokenProto blockTokens = 10 ../hadoop/hadoop-hdfs-project/hadoop-hdfs-client/src/main/proto/hdfs.proto
INFO Added Field In Message LocatedBlockProto: blockIndices AST: optional bytes blockIndices = 9 ../hadoop/hadoop-hdfs-project/hadoop-hdfs-client/src/main/proto/hdfs.proto
INFO Add Enum in Message ErasureCodingPolicyState: {'REMOVED': 3, 'ENABLED': 2, 'DISABLED': 1}
INFO Add Enum in Message BlockTypeProto: {'STRIPED': 1, 'CONTIGUOUS': 0}
INFO Add Enum in Message AccessModeProto: {'WRITE': 2, 'REPLACE': 4, 'READ': 1, 'COPY': 3}
Add Field in Enum StorageTypeProto Key: PROVIDED Value 5
INFO Added Message QueryPlanStatusResponseProto
INFO Added Message QueryPlanStatusRequestProto
INFO Added Message DiskBalancerSettingRequestProto
INFO Added Message SubmitDiskBalancerPlanRequestProto
INFO Added Message CancelPlanRequestProto
INFO Added Message DiskBalancerSettingResponseProto
INFO Added Message SubmitDiskBalancerPlanResponseProto
INFO Added Message CancelPlanResponseProto
INFO Deleted Message GetHdfsBlockLocationsResponseProto
INFO Deleted Message GetHdfsBlockLocationsRequestProto
INFO Added Message GetResourceProfileRequestProto
INFO Added Message GetResourceProfileResponseProto
INFO Added Message GetAllResourceProfilesResponseProto
INFO Added Message GetAllResourceProfilesRequestProto
INFO Added Field In Message AllocateRequestProto: scheduling_requests AST: repeated SchedulingRequestProto scheduling_requests = 10 ../hadoop/hadoop-yarn-project/hadoop-yarn/hadoop-yarn-api/src/main/proto/yarn_service_protos.proto
INFO Deleted Field In Message #AllocateRequestProto: tracking_url AST: optional string tracking_url = 11
INFO Deleted Field In Message #AllocateRequestProto: increase_request AST: repeated ContainerResourceIncreaseRequestProto increase_request = 6
INFO Added Field In Message RegisterApplicationMasterRequestProto: placement_constraints AST: repeated PlacementConstraintMapEntryProto placement_constraints = 4 ../hadoop/hadoop-yarn-project/hadoop-yarn/hadoop-yarn-api/src/main/proto/yarn_service_protos.proto
INFO Added Field In Message AllocateResponseProto: containers_from_previous_attempts AST: repeated ContainerProto containers_from_previous_attempts = 17 ../hadoop/hadoop-yarn-project/hadoop-yarn/hadoop-yarn-api/src/main/proto/yarn_service_protos.proto
INFO Added Field In Message AllocateResponseProto: rejected_scheduling_requests AST: repeated RejectedSchedulingRequestProto rejected_scheduling_requests = 18 ../hadoop/hadoop-yarn-project/hadoop-yarn/hadoop-yarn-api/src/main/proto/yarn_service_protos.proto
INFO Deleted Field In Message #AllocateResponseProto: increased_containers AST: repeated ContainerResourceIncreaseProto increased_containers = 10
INFO Deleted Field In Message #AllocateResponseProto: decreased_containers AST: repeated ContainerResourceDecreaseProto decreased_containers = 11
INFO Added Field In Message RegisterApplicationMasterResponseProto: resource_types AST: repeated ResourceTypeInfoProto resource_types = 9 ../hadoop/hadoop-yarn-project/hadoop-yarn/hadoop-yarn-api/src/main/proto/yarn_service_protos.proto
INFO Added Field In Message RegisterApplicationMasterResponseProto: resource_profiles AST: optional ResourceProfilesProto resource_profiles = 8 ../hadoop/hadoop-yarn-project/hadoop-yarn/hadoop-yarn-api/src/main/proto/yarn_service_protos.proto
INFO Added Message DockerCredentialTokenIdentifierProto
INFO Added Field In Message ContainerTokenIdentifierProto: allocation_request_id AST: optional int64 allocation_request_id = 15 ../hadoop/hadoop-yarn-project/hadoop-yarn/hadoop-yarn-common/src/main/proto/yarn_security_token.proto
INFO Added Field In Message ContainerTokenIdentifierProto: allocation_tags AST: repeated string allocation_tags = 16 ../hadoop/hadoop-yarn-project/hadoop-yarn/hadoop-yarn-common/src/main/proto/yarn_security_token.proto
INFO Added Message BlockECReconstructionCommandProto
INFO Added Field In Message BlockReportContextProto: sorted AST: optional bool sorted = 5 ../hadoop/hadoop-hdfs-project/hadoop-hdfs/src/main/proto/DatanodeProtocol.proto
INFO Added Field In Message DatanodeCommandProto: blkECReconstructionCmd AST: optional BlockECReconstructionCommandProto blkECReconstructionCmd = 9 ../hadoop/hadoop-hdfs-project/hadoop-hdfs/src/main/proto/DatanodeProtocol.proto
INFO Added Message ListReencryptionStatusRequestProto
INFO Added Message ZoneReencryptionStatusProto
INFO Added Message ReencryptEncryptionZoneRequestProto
INFO Added Message ReencryptEncryptionZoneResponseProto
INFO Added Message ListReencryptionStatusResponseProto
INFO Add Enum in Message ReencryptionStateProto: {'COMPLETED': 3, 'SUBMITTED': 1, 'PROCESSING': 2}
INFO Add Enum in Message ReencryptActionProto: {'CANCEL_REENCRYPT': 1, 'START_REENCRYPT': 2}
INFO Deleted Message StorageUuidsProto
INFO Added Field In Message BlockWithLocationsProto: cellSize AST: optional uint32 cellSize = 7 ../hadoop/hadoop-hdfs-project/hadoop-hdfs/src/main/proto/HdfsServer.proto
INFO Added Field In Message BlockWithLocationsProto: dataBlockNum AST: optional uint32 dataBlockNum = 6 ../hadoop/hadoop-hdfs-project/hadoop-hdfs/src/main/proto/HdfsServer.proto
INFO Added Field In Message BlockWithLocationsProto: indices AST: optional bytes indices = 5 ../hadoop/hadoop-hdfs-project/hadoop-hdfs/src/main/proto/HdfsServer.proto
INFO Added Field In Message RecoveringBlockProto: ecPolicy AST: optional ErasureCodingPolicyProto ecPolicy = 4 ../hadoop/hadoop-hdfs-project/hadoop-hdfs/src/main/proto/HdfsServer.proto
INFO Added Field In Message RecoveringBlockProto: blockIndices AST: optional bytes blockIndices = 5 ../hadoop/hadoop-hdfs-project/hadoop-hdfs/src/main/proto/HdfsServer.proto
INFO Added Message FsPermissionProto
INFO Added Message UserResponseProto
INFO Deleted Message AuthUserResponseProto
