False
../hive/metastore/src/protobuf/org/apache/hadoop/hive/metastore/metastore.proto
../hive/metastore/src/protobuf/org/apache/hadoop/hive/metastore/hbase/hbase_metastore_proto.proto
../hive/metastore/if/hive_metastore.thrift
THRIFT ast None
../hive/service-rpc/if/TCLIService.thrift
THRIFT ast None
../hive/llap-common/src/protobuf/LlapDaemonProtocol.proto
../hive/orc/src/protobuf/orc_proto.proto
../hive/serde/if/serde.thrift
THRIFT ast None
../hive/ql/if/queryplan.thrift
THRIFT ast None
../hive/service-rpc/if/TCLIService.thrift
THRIFT ast None
../hive/llap-common/src/protobuf/LlapPluginProtocol.proto
../hive/llap-common/src/protobuf/LlapDaemonProtocol.proto
../hive/serde/if/serde.thrift
THRIFT ast None
../hive/ql/src/protobuf/HiveEvents.proto
../hive/ql/if/queryplan.thrift
THRIFT ast None
../hive/standalone-metastore/src/main/protobuf/org/apache/hadoop/hive/metastore/metastore.proto
../hive/standalone-metastore/src/main/thrift/hive_metastore.thrift
THRIFT ast None
INFO Added Message PurgeCacheResponseProto
INFO Added Message UpdateFragmentRequestProto
INFO Added Message PurgeCacheRequestProto
INFO Added Message UpdateFragmentResponseProto
INFO Added Field In Message SignableVertexSpec: is_external_submission AST: optional bool is_external_submission = 14 ../hive/llap-common/src/protobuf/LlapDaemonProtocol.proto
INFO Added Field In Message SubmitWorkRequestProto: is_guaranteed AST: optional bool is_guaranteed = 12 ../hive/llap-common/src/protobuf/LlapDaemonProtocol.proto
