False
../hadoop/hadoop-yarn-project/hadoop-yarn/hadoop-yarn-server/hadoop-yarn-server-resourcemanager/src/main/proto/yarn_server_resourcemanager_recovery.proto
../hadoop/hadoop-yarn-project/hadoop-yarn/hadoop-yarn-server/hadoop-yarn-server-nodemanager/src/main/proto/yarn_server_nodemanager_recovery.proto
../hadoop/hadoop-yarn-project/hadoop-yarn/hadoop-yarn-server/hadoop-yarn-server-common/src/main/proto/yarn_server_common_protos.proto
../hadoop/hadoop-yarn-project/hadoop-yarn/hadoop-yarn-server/hadoop-yarn-server-common/src/main/proto/yarn_server_common_service_protos.proto
../hadoop/hadoop-yarn-project/hadoop-yarn/hadoop-yarn-api/src/main/proto/yarn_service_protos.proto
../hadoop/hadoop-yarn-project/hadoop-yarn/hadoop-yarn-api/src/main/proto/applicationclient_protocol.proto
../hadoop/hadoop-yarn-project/hadoop-yarn/hadoop-yarn-api/src/main/proto/yarn_protos.proto
../hadoop/hadoop-yarn-project/hadoop-yarn/hadoop-yarn-api/src/main/proto/server/yarn_server_resourcemanager_service_protos.proto
../hadoop/hadoop-yarn-project/hadoop-yarn/hadoop-yarn-api/src/main/proto/server/resourcemanager_administration_protocol.proto
../hadoop/hadoop-yarn-project/hadoop-yarn/hadoop-yarn-common/src/main/proto/yarn_security_token.proto
../hadoop/hadoop-common-project/hadoop-common/src/test/proto/test_rpc_service.proto
../hadoop/hadoop-common-project/hadoop-common/src/test/proto/test.proto
../hadoop/hadoop-common-project/hadoop-common/src/main/proto/Security.proto
../hadoop/hadoop-hdfs-project/hadoop-hdfs-client/src/main/proto/inotify.proto
../hadoop/hadoop-hdfs-project/hadoop-hdfs-client/src/main/proto/encryption.proto
../hadoop/hadoop-hdfs-project/hadoop-hdfs-client/src/main/proto/datatransfer.proto
../hadoop/hadoop-hdfs-project/hadoop-hdfs-client/src/main/proto/ClientDatanodeProtocol.proto
../hadoop/hadoop-hdfs-project/hadoop-hdfs-client/src/main/proto/acl.proto
../hadoop/hadoop-hdfs-project/hadoop-hdfs-client/src/main/proto/hdfs.proto
../hadoop/hadoop-hdfs-project/hadoop-hdfs-client/src/main/proto/ClientNamenodeProtocol.proto
../hadoop/hadoop-hdfs-project/hadoop-hdfs/src/contrib/bkjournal/src/main/proto/bkjournal.proto
../hadoop/hadoop-hdfs-project/hadoop-hdfs/src/main/proto/NamenodeProtocol.proto
../hadoop/hadoop-hdfs-project/hadoop-hdfs/src/main/proto/RouterProtocol.proto
../hadoop/hadoop-hdfs-project/hadoop-hdfs/src/main/proto/FederationProtocol.proto
../hadoop/hadoop-hdfs-project/hadoop-hdfs/src/main/proto/QJournalProtocol.proto
../hadoop/hadoop-hdfs-project/hadoop-hdfs/src/main/proto/HdfsServer.proto
../hadoop/hadoop-hdfs-project/hadoop-hdfs/src/main/proto/DatanodeProtocol.proto
../hadoop/hadoop-hdfs-project/hadoop-hdfs/src/main/proto/fsimage.proto
../hadoop/hadoop-yarn-project/hadoop-yarn/hadoop-yarn-server/hadoop-yarn-server-resourcemanager/src/main/proto/yarn_server_resourcemanager_recovery.proto
../hadoop/hadoop-yarn-project/hadoop-yarn/hadoop-yarn-server/hadoop-yarn-server-nodemanager/src/main/proto/yarn_server_nodemanager_recovery.proto
../hadoop/hadoop-yarn-project/hadoop-yarn/hadoop-yarn-server/hadoop-yarn-server-common/src/main/proto/yarn_server_common_protos.proto
../hadoop/hadoop-yarn-project/hadoop-yarn/hadoop-yarn-server/hadoop-yarn-server-common/src/main/proto/yarn_server_common_service_protos.proto
../hadoop/hadoop-yarn-project/hadoop-yarn/hadoop-yarn-api/src/main/proto/yarn_service_protos.proto
../hadoop/hadoop-yarn-project/hadoop-yarn/hadoop-yarn-api/src/main/proto/applicationclient_protocol.proto
../hadoop/hadoop-yarn-project/hadoop-yarn/hadoop-yarn-api/src/main/proto/yarn_protos.proto
../hadoop/hadoop-yarn-project/hadoop-yarn/hadoop-yarn-api/src/main/proto/server/yarn_server_resourcemanager_service_protos.proto
../hadoop/hadoop-yarn-project/hadoop-yarn/hadoop-yarn-api/src/main/proto/server/resourcemanager_administration_protocol.proto
../hadoop/hadoop-yarn-project/hadoop-yarn/hadoop-yarn-common/src/main/proto/yarn_security_token.proto
../hadoop/hadoop-yarn-project/hadoop-yarn/hadoop-yarn-applications/hadoop-yarn-services/hadoop-yarn-services-core/src/main/proto/ClientAMProtocol.proto
../hadoop/hadoop-common-project/hadoop-common/src/test/proto/test_rpc_service.proto
../hadoop/hadoop-common-project/hadoop-common/src/test/proto/test.proto
../hadoop/hadoop-common-project/hadoop-common/src/main/proto/FSProtos.proto
../hadoop/hadoop-common-project/hadoop-common/src/main/proto/Security.proto
../hadoop/hadoop-hdfs-project/hadoop-hdfs-client/src/main/proto/inotify.proto
../hadoop/hadoop-hdfs-project/hadoop-hdfs-client/src/main/proto/encryption.proto
../hadoop/hadoop-hdfs-project/hadoop-hdfs-client/src/main/proto/datatransfer.proto
../hadoop/hadoop-hdfs-project/hadoop-hdfs-client/src/main/proto/ClientDatanodeProtocol.proto
../hadoop/hadoop-hdfs-project/hadoop-hdfs-client/src/main/proto/acl.proto
../hadoop/hadoop-hdfs-project/hadoop-hdfs-client/src/main/proto/hdfs.proto
../hadoop/hadoop-hdfs-project/hadoop-hdfs-client/src/main/proto/ClientNamenodeProtocol.proto
../hadoop/hadoop-hdfs-project/hadoop-hdfs-client/src/main/proto/erasurecoding.proto
../hadoop/hadoop-hdfs-project/hadoop-hdfs-rbf/src/main/proto/RouterProtocol.proto
../hadoop/hadoop-hdfs-project/hadoop-hdfs-rbf/src/main/proto/FederationProtocol.proto
../hadoop/hadoop-hdfs-project/hadoop-hdfs/src/main/proto/NamenodeProtocol.proto
../hadoop/hadoop-hdfs-project/hadoop-hdfs/src/main/proto/AliasMapProtocol.proto
../hadoop/hadoop-hdfs-project/hadoop-hdfs/src/main/proto/InterQJournalProtocol.proto
../hadoop/hadoop-hdfs-project/hadoop-hdfs/src/main/proto/QJournalProtocol.proto
../hadoop/hadoop-hdfs-project/hadoop-hdfs/src/main/proto/HdfsServer.proto
../hadoop/hadoop-hdfs-project/hadoop-hdfs/src/main/proto/DatanodeProtocol.proto
../hadoop/hadoop-hdfs-project/hadoop-hdfs/src/main/proto/fsimage.proto
INFO Added Field In Message IsFormattedRequestProto: nameServiceId AST: optional string nameServiceId = 2 ../hadoop/hadoop-hdfs-project/hadoop-hdfs/src/main/proto/QJournalProtocol.proto
INFO Added Field In Message FormatRequestProto: force AST: optional bool force = 4 ../hadoop/hadoop-hdfs-project/hadoop-hdfs/src/main/proto/QJournalProtocol.proto
INFO Added Field In Message FormatRequestProto: nameServiceId AST: optional string nameServiceId = 3 ../hadoop/hadoop-hdfs-project/hadoop-hdfs/src/main/proto/QJournalProtocol.proto
INFO Added Field In Message JournalRequestProto: nameServiceId AST: optional string nameServiceId = 6 ../hadoop/hadoop-hdfs-project/hadoop-hdfs/src/main/proto/QJournalProtocol.proto
INFO Added Field In Message GetJournalCTimeRequestProto: nameServiceId AST: optional string nameServiceId = 2 ../hadoop/hadoop-hdfs-project/hadoop-hdfs/src/main/proto/QJournalProtocol.proto
INFO Added Field In Message GetJournalStateRequestProto: nameServiceId AST: optional string nameServiceId = 2 ../hadoop/hadoop-hdfs-project/hadoop-hdfs/src/main/proto/QJournalProtocol.proto
INFO Added Field In Message NewEpochRequestProto: nameServiceId AST: optional string nameServiceId = 4 ../hadoop/hadoop-hdfs-project/hadoop-hdfs/src/main/proto/QJournalProtocol.proto
INFO Added Field In Message DoRollbackRequestProto: nameserviceId AST: optional string nameserviceId = 2 ../hadoop/hadoop-hdfs-project/hadoop-hdfs/src/main/proto/QJournalProtocol.proto
INFO Added Field In Message GetEditLogManifestRequestProto: nameServiceId AST: optional string nameServiceId = 5 ../hadoop/hadoop-hdfs-project/hadoop-hdfs/src/main/proto/QJournalProtocol.proto
INFO Added Field In Message RequestInfoProto: nameServiceId AST: optional string nameServiceId = 5 ../hadoop/hadoop-hdfs-project/hadoop-hdfs/src/main/proto/QJournalProtocol.proto
INFO Added Field In Message CanRollBackRequestProto: nameServiceId AST: optional string nameServiceId = 5 ../hadoop/hadoop-hdfs-project/hadoop-hdfs/src/main/proto/QJournalProtocol.proto
INFO Added Field In Message DoFinalizeRequestProto: nameServiceId AST: optional string nameServiceId = 2 ../hadoop/hadoop-hdfs-project/hadoop-hdfs/src/main/proto/QJournalProtocol.proto
INFO Added Field In Message DiscardSegmentsRequestProto: nameServiceId AST: optional string nameServiceId = 3 ../hadoop/hadoop-hdfs-project/hadoop-hdfs/src/main/proto/QJournalProtocol.proto
INFO Added Field In Message OpportunisticContainersStatusProto: opport_queue_capacity AST: optional int32 opport_queue_capacity = 7 ../hadoop/hadoop-yarn-project/hadoop-yarn/hadoop-yarn-server/hadoop-yarn-server-common/src/main/proto/yarn_server_common_protos.proto
INFO Added Message FsPermissionProto
INFO Added Field In Message DeletionServiceDeleteTaskProto: dockerContainerId AST: optional string dockerContainerId = 8 ../hadoop/hadoop-yarn-project/hadoop-yarn/hadoop-yarn-server/hadoop-yarn-server-nodemanager/src/main/proto/yarn_server_nodemanager_recovery.proto
INFO Added Message ListReencryptionStatusResponseProto
INFO Added Message ReencryptEncryptionZoneResponseProto
INFO Added Message ReencryptEncryptionZoneRequestProto
INFO Added Message ZoneReencryptionStatusProto
INFO Added Message ListReencryptionStatusRequestProto
INFO Add Enum in Message ReencryptionStateProto: {'COMPLETED': 3, 'PROCESSING': 2, 'SUBMITTED': 1}
INFO Add Enum in Message ReencryptActionProto: {'START_REENCRYPT': 2, 'CANCEL_REENCRYPT': 1}
INFO Added Message CredentialsProto
INFO Added Message CredentialsKVProto
INFO Added Message NodesToAttributesMappingResponseProto
INFO Added Message NodesToAttributesMappingRequestProto
INFO Add Enum in Message AttributeMappingOperationTypeProto: {'REMOVE': 3, 'ADD': 2, 'REPLACE': 1}
INFO Added Message ProvidedStorageLocationProto
INFO Added Message HdfsPathHandleProto
INFO Added Message BlockTokenSecretProto
INFO Added Message ECSchemaOptionEntryProto
INFO Added Message SnapshotDiffReportCursorProto
INFO Added Message SnapshotDiffReportListingProto
INFO Added Message AddErasureCodingPolicyResponseProto
INFO Added Message StorageUuidsProto
INFO Added Message ReencryptionInfoProto
INFO Added Message ErasureCodingPolicyProto
INFO Added Message ECSchemaProto
INFO Added Message BlockChecksumOptionsProto
INFO Added Message SnapshotDiffReportListingEntryProto
INFO Deleted Message FsPermissionProto
INFO Added Field In Message DatanodeInfoProto: numBlocks AST: optional uint32 numBlocks = 17 ../hadoop/hadoop-hdfs-project/hadoop-hdfs-client/src/main/proto/hdfs.proto
INFO Added Field In Message LocatedBlocksProto: ecPolicy AST: optional ErasureCodingPolicyProto ecPolicy = 7 ../hadoop/hadoop-hdfs-project/hadoop-hdfs-client/src/main/proto/hdfs.proto
INFO Added Field In Message HdfsFileStatusProto: flags AST: optional uint32 flags = 18 ../hadoop/hadoop-hdfs-project/hadoop-hdfs-client/src/main/proto/hdfs.proto
INFO Added Field In Message HdfsFileStatusProto: ecPolicy AST: optional ErasureCodingPolicyProto ecPolicy = 17 ../hadoop/hadoop-hdfs-project/hadoop-hdfs-client/src/main/proto/hdfs.proto
INFO Added Field In Message ZoneEncryptionInfoProto: reencryptionProto AST: optional ReencryptionInfoProto reencryptionProto = 4 ../hadoop/hadoop-hdfs-project/hadoop-hdfs-client/src/main/proto/hdfs.proto
INFO Added Field In Message ContentSummaryProto: erasureCodingPolicy AST: optional string erasureCodingPolicy = 12 ../hadoop/hadoop-hdfs-project/hadoop-hdfs-client/src/main/proto/hdfs.proto
INFO Added Field In Message LocatedBlockProto: blockIndices AST: optional bytes blockIndices = 9 ../hadoop/hadoop-hdfs-project/hadoop-hdfs-client/src/main/proto/hdfs.proto
INFO Added Field In Message LocatedBlockProto: blockTokens AST: repeated hadoop.common.TokenProto blockTokens = 10 ../hadoop/hadoop-hdfs-project/hadoop-hdfs-client/src/main/proto/hdfs.proto
INFO Add Enum in Message ErasureCodingPolicyState: {'REMOVED': 3, 'ENABLED': 2, 'DISABLED': 1}
INFO Add Enum in Message BlockChecksumTypeProto: {'COMPOSITE_CRC': 2, 'MD5CRC': 1}
INFO Add Enum in Message BlockTypeProto: {'STRIPED': 1, 'CONTIGUOUS': 0}
INFO Add Enum in Message AccessModeProto: {'COPY': 3, 'READ': 1, 'REPLACE': 4, 'WRITE': 2}
Add Field in Enum StorageTypeProto Key: PROVIDED Value 5
INFO Added Field In Message CreateEventProto: erasureCoded AST: optional bool erasureCoded = 11 ../hadoop/hadoop-hdfs-project/hadoop-hdfs-client/src/main/proto/inotify.proto
INFO Added Message GetFilePathResponseProto
INFO Added Message GetNextSPSPathResponseProto
INFO Added Message GetFilePathRequestProto
INFO Added Message GetNextSPSPathRequestProto
INFO Added Field In Message GetBlocksRequestProto: minBlockSize AST: optional uint64 minBlockSize = 3 ../hadoop/hadoop-hdfs-project/hadoop-hdfs/src/main/proto/NamenodeProtocol.proto
INFO Added Message BlockECReconstructionCommandProto
INFO Added Field In Message DatanodeCommandProto: blkECReconstructionCmd AST: optional BlockECReconstructionCommandProto blkECReconstructionCmd = 9 ../hadoop/hadoop-hdfs-project/hadoop-hdfs/src/main/proto/DatanodeProtocol.proto
INFO Added Field In Message BlockReportContextProto: sorted AST: optional bool sorted = 5 ../hadoop/hadoop-hdfs-project/hadoop-hdfs/src/main/proto/DatanodeProtocol.proto
INFO Added Message UserResponseProto
INFO Deleted Message AuthUserResponseProto
INFO Added Message OpBlockGroupChecksumProto
INFO Added Field In Message OpTransferBlockProto: targetStorageIds AST: repeated string targetStorageIds = 4 ../hadoop/hadoop-hdfs-project/hadoop-hdfs-client/src/main/proto/datatransfer.proto
INFO Added Field In Message OpBlockChecksumProto: blockChecksumOptions AST: optional BlockChecksumOptionsProto blockChecksumOptions = 2 ../hadoop/hadoop-hdfs-project/hadoop-hdfs-client/src/main/proto/datatransfer.proto
INFO Added Field In Message OpReplaceBlockProto: storageId AST: optional string storageId = 5 ../hadoop/hadoop-hdfs-project/hadoop-hdfs-client/src/main/proto/datatransfer.proto
INFO Added Field In Message OpWriteBlockProto: targetStorageIds AST: repeated string targetStorageIds = 17 ../hadoop/hadoop-hdfs-project/hadoop-hdfs-client/src/main/proto/datatransfer.proto
INFO Added Field In Message OpWriteBlockProto: storageId AST: optional string storageId = 16 ../hadoop/hadoop-hdfs-project/hadoop-hdfs-client/src/main/proto/datatransfer.proto
ERROR Added Field In Message OpBlockChecksumResponseProto: blockChecksum AST: required bytes blockChecksum = 3 ../hadoop/hadoop-hdfs-project/hadoop-hdfs-client/src/main/proto/datatransfer.proto
INFO Added Field In Message OpBlockChecksumResponseProto: blockChecksumOptions AST: optional BlockChecksumOptionsProto blockChecksumOptions = 5 ../hadoop/hadoop-hdfs-project/hadoop-hdfs-client/src/main/proto/datatransfer.proto
ERROR Deleted Field In Message #OpBlockChecksumResponseProto: md5 AST: required bytes md5 = 3
Add Field in Enum Status Key: ERROR_BLOCK_PINNED Value 13
INFO Added Message DockerCredentialTokenIdentifierProto
INFO Added Field In Message ContainerTokenIdentifierProto: allocation_tags AST: repeated string allocation_tags = 16 ../hadoop/hadoop-yarn-project/hadoop-yarn/hadoop-yarn-common/src/main/proto/yarn_security_token.proto
INFO Added Field In Message ContainerTokenIdentifierProto: allocation_request_id AST: optional int64 allocation_request_id = 15 ../hadoop/hadoop-yarn-project/hadoop-yarn/hadoop-yarn-common/src/main/proto/yarn_security_token.proto
INFO Added Message GetAllResourceProfilesRequestProto
INFO Added Message GetClusterNodeAttributesResponseProto
INFO Added Message GetNodesToAttributesResponseProto
INFO Added Message GetAllResourceTypeInfoResponseProto
INFO Added Message GetNodesToAttributesRequestProto
INFO Added Message GetResourceProfileRequestProto
INFO Added Message GetAttributesToNodesRequestProto
INFO Added Message GetResourceProfileResponseProto
INFO Added Message GetAttributesToNodesResponseProto
INFO Added Message GetAllResourceTypeInfoRequestProto
INFO Added Message GetAllResourceProfilesResponseProto
INFO Added Message GetClusterNodeAttributesRequestProto
INFO Added Field In Message RegisterApplicationMasterRequestProto: placement_constraints AST: repeated PlacementConstraintMapEntryProto placement_constraints = 4 ../hadoop/hadoop-yarn-project/hadoop-yarn/hadoop-yarn-api/src/main/proto/yarn_service_protos.proto
INFO Added Field In Message AllocateResponseProto: rejected_scheduling_requests AST: repeated RejectedSchedulingRequestProto rejected_scheduling_requests = 18 ../hadoop/hadoop-yarn-project/hadoop-yarn/hadoop-yarn-api/src/main/proto/yarn_service_protos.proto
INFO Added Field In Message AllocateResponseProto: containers_from_previous_attempts AST: repeated ContainerProto containers_from_previous_attempts = 17 ../hadoop/hadoop-yarn-project/hadoop-yarn/hadoop-yarn-api/src/main/proto/yarn_service_protos.proto
INFO Deleted Field In Message #AllocateResponseProto: increased_containers AST: repeated ContainerResourceIncreaseProto increased_containers = 10
INFO Deleted Field In Message #AllocateResponseProto: decreased_containers AST: repeated ContainerResourceDecreaseProto decreased_containers = 11
INFO Added Field In Message AllocateRequestProto: scheduling_requests AST: repeated SchedulingRequestProto scheduling_requests = 10 ../hadoop/hadoop-yarn-project/hadoop-yarn/hadoop-yarn-api/src/main/proto/yarn_service_protos.proto
INFO Added Field In Message AllocateRequestProto: tracking_url AST: optional string tracking_url = 11 ../hadoop/hadoop-yarn-project/hadoop-yarn/hadoop-yarn-api/src/main/proto/yarn_service_protos.proto
INFO Deleted Field In Message #AllocateRequestProto: increase_request AST: repeated ContainerResourceIncreaseRequestProto increase_request = 6
INFO Added Field In Message RegisterApplicationMasterResponseProto: resource_profiles AST: optional ResourceProfilesProto resource_profiles = 8 ../hadoop/hadoop-yarn-project/hadoop-yarn/hadoop-yarn-api/src/main/proto/yarn_service_protos.proto
INFO Added Field In Message RegisterApplicationMasterResponseProto: resource_types AST: repeated ResourceTypeInfoProto resource_types = 9 ../hadoop/hadoop-yarn-project/hadoop-yarn/hadoop-yarn-api/src/main/proto/yarn_service_protos.proto
INFO Deleted Message StorageUuidsProto
INFO Added Field In Message RemoteEditLogManifestProto: committedTxnId AST: optional uint64 committedTxnId = 2 ../hadoop/hadoop-hdfs-project/hadoop-hdfs/src/main/proto/HdfsServer.proto
INFO Added Field In Message RecoveringBlockProto: blockIndices AST: optional bytes blockIndices = 5 ../hadoop/hadoop-hdfs-project/hadoop-hdfs/src/main/proto/HdfsServer.proto
INFO Added Field In Message RecoveringBlockProto: ecPolicy AST: optional ErasureCodingPolicyProto ecPolicy = 4 ../hadoop/hadoop-hdfs-project/hadoop-hdfs/src/main/proto/HdfsServer.proto
INFO Added Field In Message BlockWithLocationsProto: indices AST: optional bytes indices = 5 ../hadoop/hadoop-hdfs-project/hadoop-hdfs/src/main/proto/HdfsServer.proto
INFO Added Field In Message BlockWithLocationsProto: cellSize AST: optional uint32 cellSize = 7 ../hadoop/hadoop-hdfs-project/hadoop-hdfs/src/main/proto/HdfsServer.proto
INFO Added Field In Message BlockWithLocationsProto: dataBlockNum AST: optional uint32 dataBlockNum = 6 ../hadoop/hadoop-hdfs-project/hadoop-hdfs/src/main/proto/HdfsServer.proto
INFO Added Message DiskBalancerSettingResponseProto
INFO Added Message SubmitDiskBalancerPlanResponseProto
INFO Added Message QueryPlanStatusRequestProto
INFO Added Message QueryPlanStatusResponseProto
INFO Added Message DiskBalancerSettingRequestProto
INFO Added Message CancelPlanRequestProto
INFO Added Message CancelPlanResponseProto
INFO Added Message SubmitDiskBalancerPlanRequestProto
INFO Deleted Message GetHdfsBlockLocationsResponseProto
INFO Deleted Message GetHdfsBlockLocationsRequestProto
INFO Added Message UpgradeStatusRequestProto
INFO Added Message GetFsECBlockGroupStatsResponseProto
INFO Added Message GetSnapshotDiffReportListingResponseProto
INFO Added Message GetSnapshotDiffReportListingRequestProto
INFO Added Message GetLocatedFileInfoRequestProto
INFO Added Message GetFsECBlockGroupStatsRequestProto
INFO Added Message GetFsReplicatedBlockStatsResponseProto
INFO Added Message GetLocatedFileInfoResponseProto
INFO Added Message UpgradeStatusResponseProto
INFO Added Message GetFsReplicatedBlockStatsRequestProto
INFO Added Message SatisfyStoragePolicyRequestProto
INFO Added Message SatisfyStoragePolicyResponseProto
INFO Added Field In Message ListOpenFilesRequestProto: types AST: repeated OpenFilesTypeProto types = 2 ../hadoop/hadoop-hdfs-project/hadoop-hdfs-client/src/main/proto/ClientNamenodeProtocol.proto
INFO Added Field In Message ListOpenFilesRequestProto: path AST: optional string path = 3 ../hadoop/hadoop-hdfs-project/hadoop-hdfs-client/src/main/proto/ClientNamenodeProtocol.proto
INFO Added Field In Message SaveNamespaceRequestProto: txGap AST: optional uint64 txGap = 2 ../hadoop/hadoop-hdfs-project/hadoop-hdfs-client/src/main/proto/ClientNamenodeProtocol.proto
INFO Added Field In Message SaveNamespaceRequestProto: timeWindow AST: optional uint64 timeWindow = 1 ../hadoop/hadoop-hdfs-project/hadoop-hdfs-client/src/main/proto/ClientNamenodeProtocol.proto
INFO Added Field In Message SaveNamespaceResponseProto: saved AST: optional bool saved = 1 ../hadoop/hadoop-hdfs-project/hadoop-hdfs-client/src/main/proto/ClientNamenodeProtocol.proto
INFO Added Field In Message CreateRequestProto: unmasked AST: optional FsPermissionProto unmasked = 9 ../hadoop/hadoop-hdfs-project/hadoop-hdfs-client/src/main/proto/ClientNamenodeProtocol.proto
INFO Added Field In Message CreateRequestProto: ecPolicyName AST: optional string ecPolicyName = 10 ../hadoop/hadoop-hdfs-project/hadoop-hdfs-client/src/main/proto/ClientNamenodeProtocol.proto
INFO Added Field In Message ListOpenFilesResponseProto: types AST: repeated OpenFilesTypeProto types = 3 ../hadoop/hadoop-hdfs-project/hadoop-hdfs-client/src/main/proto/ClientNamenodeProtocol.proto
INFO Added Field In Message MkdirsRequestProto: unmasked AST: optional FsPermissionProto unmasked = 4 ../hadoop/hadoop-hdfs-project/hadoop-hdfs-client/src/main/proto/ClientNamenodeProtocol.proto
INFO Add Enum in Message OpenFilesTypeProto: {'ALL_OPEN_FILES': 1, 'BLOCKING_DECOMMISSION': 2}
Add Field in Enum CreateFlagProto Key: SHOULD_REPLICATE Value 128
Add Field in Enum AddBlockFlagProto Key: IGNORE_CLIENT_LOCALITY Value 2
