False
INFO Added Field In Message MutateRowsRequest: region AST: optional RegionSpecifier region = 4 ../hbase/hbase-protocol/src/main/protobuf/MultiRowMutation.proto
INFO Added Message SpaceQuota
INFO Added Message SpaceQuotaSnapshot
INFO Added Message SpaceLimitRequest
INFO Added Message SpaceQuotaStatus
INFO Deleted Field In Message #Throttle: req_capacity_unit AST: optional TimedQuota req_capacity_unit = 7
INFO Deleted Field In Message #Throttle: read_capacity_unit AST: optional TimedQuota read_capacity_unit = 9
INFO Deleted Field In Message #Throttle: write_capacity_unit AST: optional TimedQuota write_capacity_unit = 8
INFO Added Field In Message Quotas: space AST: optional SpaceQuota space = 3 ../hbase/hbase-protocol/src/main/protobuf/Quota.proto
INFO Add Enum in Message SpaceViolationPolicy: {'NO_WRITES': 3, 'NO_INSERTS': 4, 'DISABLE': 1, 'NO_WRITES_COMPACTIONS': 2}
Delete Field in Enum ThrottleType Key: WRITE_CAPACITY_UNIT Value 8
Delete Field in Enum ThrottleType Key: READ_CAPACITY_UNIT Value 9
Delete Field in Enum ThrottleType Key: REQUEST_CAPACITY_UNIT Value 7
Add Field in Enum QuotaType Key: SPACE Value 2
INFO Added Message TableState
INFO Deleted Field In Message #SnapshotDescription: users_and_permissions AST: optional UsersAndPermissions users_and_permissions = 7
ERROR Changed Field In Message SnapshotDescription: ttl OLD_AST: optional int64 ttl = 8 NEW_AST: optional int64 ttl = 7 in ../hbase/hbase-protocol/src/main/protobuf/HBase.proto
INFO Added Message PrepareBulkLoadResponse
INFO Added Message CleanupBulkLoadResponse
INFO Added Message DelegationToken
INFO Added Message PrepareBulkLoadRequest
INFO Added Message CleanupBulkLoadRequest
INFO Added Field In Message Condition: time_range AST: optional TimeRange time_range = 6 ../hbase/hbase-protocol/src/main/protobuf/Client.proto
INFO Added Field In Message Condition: filter AST: optional Filter filter = 7 ../hbase/hbase-protocol/src/main/protobuf/Client.proto
WARNING Changed Field In Message Condition: family OLD_AST: required bytes family = 2 NEW_AST: optional bytes family = 2 in ../hbase/hbase-protocol/src/main/protobuf/Client.proto
WARNING Changed Field In Message Condition: qualifier OLD_AST: required bytes qualifier = 3 NEW_AST: optional bytes qualifier = 3 in ../hbase/hbase-protocol/src/main/protobuf/Client.proto
WARNING Changed Field In Message Condition: compare_type OLD_AST: required CompareType compare_type = 4 NEW_AST: optional CompareType compare_type = 4 in ../hbase/hbase-protocol/src/main/protobuf/Client.proto
WARNING Changed Field In Message Condition: comparator OLD_AST: required Comparator comparator = 5 NEW_AST: optional Comparator comparator = 5 in ../hbase/hbase-protocol/src/main/protobuf/Client.proto
INFO Added Field In Message BulkLoadHFileRequest: bulk_token AST: optional string bulk_token = 5 ../hbase/hbase-protocol/src/main/protobuf/Client.proto
INFO Added Field In Message BulkLoadHFileRequest: fs_token AST: optional DelegationToken fs_token = 4 ../hbase/hbase-protocol/src/main/protobuf/Client.proto
INFO Added Field In Message BulkLoadHFileRequest: copy_file AST: optional bool copy_file = 6 ../hbase/hbase-protocol/src/main/protobuf/Client.proto
INFO Deleted Field In Message #BulkLoadHFileRequest: cluster_ids AST: repeated string cluster_ids = 4
INFO Added Field In Message RegionLoadStats: memStoreLoad AST: optional int32 memStoreLoad = 1 ../hbase/hbase-protocol/src/main/protobuf/Client.proto
INFO Deleted Field In Message #RegionLoadStats: memstoreLoad AST: optional int32 memstoreLoad = 1
INFO Deleted Message CompactionSwitchRequest
INFO Deleted Message CompactionSwitchResponse
INFO Deleted Field In Message #GetRegionInfoResponse: isRecovering AST: optional bool isRecovering = 3
INFO Added Message UserLoad
INFO Added Message ClientMetrics
INFO Added Field In Message ServerLoad: userLoads AST: repeated UserLoad userLoads = 12 ../hbase/hbase-protocol/src/main/protobuf/ClusterStatus.proto
INFO Added Field In Message RegionLoad: filtered_read_requests_count AST: optional uint64 filtered_read_requests_count = 19 ../hbase/hbase-protocol/src/main/protobuf/ClusterStatus.proto
INFO Added Field In Message RegionLoad: storefile_index_size_KB AST: optional uint64 storefile_index_size_KB = 7 ../hbase/hbase-protocol/src/main/protobuf/ClusterStatus.proto
INFO Deleted Field In Message #RegionLoad: storefile_index_size_MB AST: optional uint32 storefile_index_size_MB = 7
INFO Add Enum in Message Option: {'MASTER_COPROCESSORS': 6, 'DEAD_SERVERS': 3, 'CLUSTER_ID': 1, 'REGIONS_IN_TRANSITION': 7, 'BALANCER_ON': 8, 'MASTER': 4, 'LIVE_SERVERS': 2, 'BACKUP_MASTERS': 5, 'HBASE_VERSION': 0}
INFO Deleted Message CompactionEventTracker
INFO Added Message BinaryComponentComparator
INFO Added Message BigDecimalComparator
INFO Added Message HasPermissionRequest
INFO Added Message HasPermissionResponse
INFO Added Field In Message GetUserPermissionsRequest: user_name AST: optional bytes user_name = 6 ../hbase/hbase-protocol/src/main/protobuf/AccessControl.proto
INFO Added Field In Message GetUserPermissionsRequest: column_qualifier AST: optional bytes column_qualifier = 5 ../hbase/hbase-protocol/src/main/protobuf/AccessControl.proto
INFO Added Field In Message GetUserPermissionsRequest: column_family AST: optional bytes column_family = 4 ../hbase/hbase-protocol/src/main/protobuf/AccessControl.proto
Add Field in Enum CellType Key: DELETE_FAMILY_VERSION Value 10
INFO Added Message DeprecatedTableState
INFO Deleted Message Table
INFO Deleted Message TableLock
INFO Deleted Message RegionTransition
INFO Deleted Message ReplicationLock
INFO Deleted Field In Message #SplitLogTask: mode AST: optional RecoveryMode mode = 3
INFO Added Field In Message ReplicationPeer: namespaces AST: repeated bytes namespaces = 6 ../hbase/hbase-protocol/src/main/protobuf/ZooKeeper.proto
ERROR Changed Field In Message ReplicationPeer: bandwidth OLD_AST: optional int64 bandwidth = 6 NEW_AST: optional int64 bandwidth = 7 in ../hbase/hbase-protocol/src/main/protobuf/ZooKeeper.proto
INFO Added Message ColumnValueFilter
INFO Deleted Field In Message #BulkLoadDescriptor: cluster_ids AST: repeated string cluster_ids = 5
