False
======== tag_old: 0.0.1 vs tag_new: 2.1.0 #changed proto files: 0=========
======== tag_old: 2.1.0 vs tag_new: 2.2.0 #changed proto files: 0=========
======== tag_old: 2.2.0 vs tag_new: 2.2.1 #changed proto files: 0=========
======== tag_old: 2.2.1 vs tag_new: apache-initial-import #changed proto files: 0=========
======== tag_old: apache-initial-import vs tag_new: post_ZOOKEEPER-45_snapshot #changed proto files: 0=========
======== tag_old: post_ZOOKEEPER-45_snapshot vs tag_new: release-3.0.0 #changed proto files: 0=========
======== tag_old: release-3.0.0 vs tag_new: release-3.0.1 #changed proto files: 0=========
======== tag_old: release-3.0.1 vs tag_new: release-3.0.1-rc0 #changed proto files: 0=========
======== tag_old: release-3.0.1-rc0 vs tag_new: release-3.1.0 #changed proto files: 0=========
======== tag_old: release-3.1.0 vs tag_new: release-3.1.0-rc0 #changed proto files: 0=========
======== tag_old: release-3.1.0-rc0 vs tag_new: release-3.1.0-rc1 #changed proto files: 0=========
======== tag_old: release-3.1.0-rc1 vs tag_new: release-3.1.0-rc2 #changed proto files: 0=========
======== tag_old: release-3.1.0-rc2 vs tag_new: release-3.1.1 #changed proto files: 0=========
======== tag_old: release-3.1.1 vs tag_new: release-3.1.1-rc0 #changed proto files: 0=========
======== tag_old: release-3.1.1-rc0 vs tag_new: release-3.1.2 #changed proto files: 0=========
======== tag_old: release-3.1.2 vs tag_new: release-3.1.2-rc0 #changed proto files: 0=========
======== tag_old: release-3.1.2-rc0 vs tag_new: release-3.2.0 #changed proto files: 0=========
======== tag_old: release-3.2.0 vs tag_new: release-3.2.0-rc0 #changed proto files: 0=========
======== tag_old: release-3.2.0-rc0 vs tag_new: release-3.2.1 #changed proto files: 0=========
======== tag_old: release-3.2.1 vs tag_new: release-3.2.2 #changed proto files: 0=========
======== tag_old: release-3.2.2 vs tag_new: release-3.2.2-rc0 #changed proto files: 0=========
======== tag_old: release-3.2.2-rc0 vs tag_new: release-3.3.0 #changed proto files: 0=========
======== tag_old: release-3.3.0 vs tag_new: release-3.3.1 #changed proto files: 0=========
======== tag_old: release-3.3.1 vs tag_new: release-3.3.2 #changed proto files: 0=========
======== tag_old: release-3.3.2 vs tag_new: release-3.3.3 #changed proto files: 0=========
======== tag_old: release-3.3.3 vs tag_new: release-3.3.3-rc0 #changed proto files: 0=========
======== tag_old: release-3.3.3-rc0 vs tag_new: release-3.3.3-rc1 #changed proto files: 0=========
======== tag_old: release-3.3.3-rc1 vs tag_new: release-3.3.4 #changed proto files: 0=========
======== tag_old: release-3.3.4 vs tag_new: release-3.3.4-rc0 #changed proto files: 0=========
======== tag_old: release-3.3.4-rc0 vs tag_new: release-3.3.5 #changed proto files: 0=========
======== tag_old: release-3.3.5 vs tag_new: release-3.3.5-rc0 #changed proto files: 0=========
======== tag_old: release-3.3.5-rc0 vs tag_new: release-3.3.5-rc1 #changed proto files: 0=========
======== tag_old: release-3.3.5-rc1 vs tag_new: release-3.3.6 #changed proto files: 0=========
======== tag_old: release-3.3.6 vs tag_new: release-3.3.6-rc0 #changed proto files: 0=========
======== tag_old: release-3.3.6-rc0 vs tag_new: release-3.4.0 #changed proto files: 0=========
======== tag_old: release-3.4.0 vs tag_new: release-3.4.0-rc0 #changed proto files: 0=========
======== tag_old: release-3.4.0-rc0 vs tag_new: release-3.4.0-rc1 #changed proto files: 0=========
======== tag_old: release-3.4.0-rc1 vs tag_new: release-3.4.0-rc2 #changed proto files: 0=========
======== tag_old: release-3.4.0-rc2 vs tag_new: release-3.4.1 #changed proto files: 0=========
======== tag_old: release-3.4.1 vs tag_new: release-3.4.1-rc0 #changed proto files: 0=========
======== tag_old: release-3.4.1-rc0 vs tag_new: release-3.4.2 #changed proto files: 0=========
======== tag_old: release-3.4.2 vs tag_new: release-3.4.2-rc0 #changed proto files: 0=========
======== tag_old: release-3.4.2-rc0 vs tag_new: release-3.4.3 #changed proto files: 0=========
======== tag_old: release-3.4.3 vs tag_new: release-3.4.3-rc0 #changed proto files: 0=========
======== tag_old: release-3.4.3-rc0 vs tag_new: release-3.4.4 #changed proto files: 0=========
======== tag_old: release-3.4.4 vs tag_new: release-3.4.4-rc0 #changed proto files: 0=========
======== tag_old: release-3.4.4-rc0 vs tag_new: release-3.4.5 #changed proto files: 0=========
======== tag_old: release-3.4.5 vs tag_new: release-3.4.5-rc0 #changed proto files: 0=========
======== tag_old: release-3.4.5-rc0 vs tag_new: release-3.4.5-rc1 #changed proto files: 0=========
======== tag_old: release-3.4.5-rc1 vs tag_new: release-3.4.6 #changed proto files: 0=========
======== tag_old: release-3.4.6 vs tag_new: release-3.4.6-rc0 #changed proto files: 0=========
======== tag_old: release-3.4.6-rc0 vs tag_new: release-3.4.7 #changed proto files: 0=========
======== tag_old: release-3.4.7 vs tag_new: release-3.4.7-rc0 #changed proto files: 0=========
======== tag_old: release-3.4.7-rc0 vs tag_new: release-3.4.8 #changed proto files: 0=========
======== tag_old: release-3.4.8 vs tag_new: release-3.4.8-rc0 #changed proto files: 0=========
======== tag_old: release-3.4.8-rc0 vs tag_new: release-3.4.9 #changed proto files: 0=========
======== tag_old: release-3.4.9 vs tag_new: release-3.4.9-rc0 #changed proto files: 0=========
======== tag_old: release-3.4.9-rc0 vs tag_new: release-3.4.9-rc1 #changed proto files: 0=========
======== tag_old: release-3.4.9-rc1 vs tag_new: release-3.4.9-rc2 #changed proto files: 0=========
======== tag_old: release-3.4.9-rc2 vs tag_new: release-3.4.10 #changed proto files: 0=========
======== tag_old: release-3.4.10 vs tag_new: release-3.4.10-rc0 #changed proto files: 0=========
======== tag_old: release-3.4.10-rc0 vs tag_new: release-3.4.10-rc1 #changed proto files: 0=========
======== tag_old: release-3.4.10-rc1 vs tag_new: release-3.4.11 #changed proto files: 0=========
======== tag_old: release-3.4.11 vs tag_new: release-3.4.11-rc0 #changed proto files: 0=========
======== tag_old: release-3.4.11-rc0 vs tag_new: release-3.4.11-rc1 #changed proto files: 0=========
======== tag_old: release-3.4.11-rc1 vs tag_new: release-3.4.12 #changed proto files: 0=========
======== tag_old: release-3.4.12 vs tag_new: release-3.4.12-rc0 #changed proto files: 0=========
======== tag_old: release-3.4.12-rc0 vs tag_new: release-3.4.12-rc1 #changed proto files: 0=========
======== tag_old: release-3.4.12-rc1 vs tag_new: release-3.4.13 #changed proto files: 0=========
======== tag_old: release-3.4.13 vs tag_new: release-3.4.13-rc0 #changed proto files: 0=========
======== tag_old: release-3.4.13-rc0 vs tag_new: release-3.4.13-rc1 #changed proto files: 0=========
======== tag_old: release-3.4.13-rc1 vs tag_new: release-3.4.14 #changed proto files: 0=========
======== tag_old: release-3.4.14 vs tag_new: release-3.4.14-rc0 #changed proto files: 0=========
======== tag_old: release-3.4.14-rc0 vs tag_new: release-3.4.14-rc1 #changed proto files: 0=========
======== tag_old: release-3.4.14-rc1 vs tag_new: release-3.4.14-rc2 #changed proto files: 0=========
======== tag_old: release-3.4.14-rc2 vs tag_new: release-3.4.14-rc3 #changed proto files: 0=========
======== tag_old: release-3.4.14-rc3 vs tag_new: release-3.4.14-rc4 #changed proto files: 0=========
======== tag_old: release-3.4.14-rc4 vs tag_new: release-3.4.14-rc5 #changed proto files: 0=========
======== tag_old: release-3.4.14-rc5 vs tag_new: release-3.5.0 #changed proto files: 0=========
======== tag_old: release-3.5.0 vs tag_new: release-3.5.0-rc0 #changed proto files: 0=========
======== tag_old: release-3.5.0-rc0 vs tag_new: release-3.5.1 #changed proto files: 0=========
======== tag_old: release-3.5.1 vs tag_new: release-3.5.1-rc0 #changed proto files: 0=========
======== tag_old: release-3.5.1-rc0 vs tag_new: release-3.5.1-rc1 #changed proto files: 0=========
======== tag_old: release-3.5.1-rc1 vs tag_new: release-3.5.1-rc2 #changed proto files: 0=========
======== tag_old: release-3.5.1-rc2 vs tag_new: release-3.5.1-rc3 #changed proto files: 0=========
======== tag_old: release-3.5.1-rc3 vs tag_new: release-3.5.1-rc4 #changed proto files: 0=========
======== tag_old: release-3.5.1-rc4 vs tag_new: release-3.5.2 #changed proto files: 0=========
======== tag_old: release-3.5.2 vs tag_new: release-3.5.2-rc0 #changed proto files: 0=========
======== tag_old: release-3.5.2-rc0 vs tag_new: release-3.5.2-rc1 #changed proto files: 0=========
======== tag_old: release-3.5.2-rc1 vs tag_new: release-3.5.3 #changed proto files: 0=========
======== tag_old: release-3.5.3 vs tag_new: release-3.5.3-rc0 #changed proto files: 0=========
======== tag_old: release-3.5.3-rc0 vs tag_new: release-3.5.3-rc1 #changed proto files: 0=========
======== tag_old: release-3.5.3-rc1 vs tag_new: release-3.5.4 #changed proto files: 0=========
======== tag_old: release-3.5.4 vs tag_new: release-3.5.4-rc0 #changed proto files: 0=========
======== tag_old: release-3.5.4-rc0 vs tag_new: release-3.5.5 #changed proto files: 0=========
======== tag_old: release-3.5.5 vs tag_new: release-3.5.5-rc0 #changed proto files: 0=========
======== tag_old: release-3.5.5-rc0 vs tag_new: release-3.5.5-rc1 #changed proto files: 0=========
======== tag_old: release-3.5.5-rc1 vs tag_new: release-3.5.5-rc2 #changed proto files: 0=========
======== tag_old: release-3.5.5-rc2 vs tag_new: release-3.5.5-rc3 #changed proto files: 0=========
======== tag_old: release-3.5.5-rc3 vs tag_new: release-3.5.5-rc4 #changed proto files: 0=========
======== tag_old: release-3.5.5-rc4 vs tag_new: release-3.5.5-rc5 #changed proto files: 0=========
======== tag_old: release-3.5.5-rc5 vs tag_new: release-3.5.5-rc6 #changed proto files: 0=========
======== tag_old: release-3.5.5-rc6 vs tag_new: release-3.5.6 #changed proto files: 0=========
======== tag_old: release-3.5.6 vs tag_new: release-3.5.6-rc0 #changed proto files: 0=========
======== tag_old: release-3.5.6-rc0 vs tag_new: release-3.5.6-rc3 #changed proto files: 0=========
======== tag_old: release-3.5.6-rc3 vs tag_new: release-3.5.6-rc4 #changed proto files: 0=========
======== tag_old: release-3.5.6-rc4 vs tag_new: release-3.5.7 #changed proto files: 0=========
======== tag_old: release-3.5.7 vs tag_new: release-3.5.7-rc0 #changed proto files: 0=========
======== tag_old: release-3.5.7-rc0 vs tag_new: release-3.5.7-rc1 #changed proto files: 0=========
======== tag_old: release-3.5.7-rc1 vs tag_new: release-3.5.7-rc2 #changed proto files: 0=========
======== tag_old: release-3.5.7-rc2 vs tag_new: release-3.6.0 #changed proto files: 0=========
======== tag_old: release-3.6.0 vs tag_new: release-3.6.0-0 #changed proto files: 0=========
======== tag_old: release-3.6.0-0 vs tag_new: release-3.6.0-1 #changed proto files: 0=========
======== tag_old: release-3.6.0-1 vs tag_new: release-3.6.0-2 #changed proto files: 0=========
======== tag_old: release-3.6.0-2 vs tag_new: release-3.6.0-3 #changed proto files: 0=========
======== tag_old: release-3.6.0-3 vs tag_new: release-3.6.0-4 #changed proto files: 0=========
======== tag_old: release-3.6.0-4 vs tag_new: zookeeper- #changed proto files: 0=========
